cp: no such file or directory: /home/aaf/Dev/aapp/app/icon.png

[36m[phonegap][39m starting app server...
[36m[phonegap][39m listening on 192.168.10.212:3000
[36m[phonegap][39m 
[36m[phonegap][39m ctrl-c to stop the server
[36m[phonegap][39m 
[36m[phonegap][39m 200 /
[36m[phonegap][39m 200 /js/jquery.cookie.js
[36m[phonegap][39m 200 /js/jquery.cookietools.js
[36m[phonegap][39m 200 /css/jquery.mobile-1.3.0.min.css
[36m[phonegap][39m 200 /js/jquery-1.8.2.min.js
[36m[phonegap][39m 200 /js/jquery.mobile-1.3.0.min.js
[36m[phonegap][39m 200 /user.html
[36m[phonegap][39m 404 /favicon.ico
[36m[phonegap][39m 200 /css/jquery.mobile-1.3.0.min.css
[36m[phonegap][39m 200 /js/jquery-1.8.2.min.js
[36m[phonegap][39m 200 /js/user_funcs.js
[36m[phonegap][39m 200 /css/images/ajax-loader.gif
[36m[phonegap][39m 200 /css/images/icons-18-white.png
[36m[phonegap][39m 404 /favicon.ico
[36m[phonegap][39m 200 /socket.io/?EIO=2&transport=polling&t=1420267949197-2&sid=bFApS756TaoblrjCAAAA
[36m[phonegap][39m 200 /index.html
[36m[phonegap][39m 200 /js/jquery.cookie.js
[36m[phonegap][39m 200 /css/jquery.mobile-1.3.0.min.css
[36m[phonegap][39m 200 /js/jquery-1.8.2.min.js
[36m[phonegap][39m 200 /js/jquery.cookietools.js
[36m[phonegap][39m 200 /js/jquery.mobile-1.3.0.min.js
[36m[phonegap][39m 404 /favicon.ico
[36m[phonegap][39m 200 /main.html
[36m[phonegap][39m 200 /css/jquery.mobile-1.3.0.min.css
[36m[phonegap][39m 200 /js/jquery-1.8.2.min.js
[36m[phonegap][39m 200 /js/main_funcs.js
[36m[phonegap][39m 200 /css/images/ajax-loader.gif
[36m[phonegap][39m 200 /css/images/icons-18-white.png
[36m[phonegap][39m 404 /favicon.ico
[36m[phonegap][39m 200 /socket.io/?EIO=2&transport=polling&t=1420267986092-2&sid=OeAc4WVIXXypy00YAAAB
[36m[phonegap][39m 200 /user.html
[36m[phonegap][39m 200 /css/jquery.mobile-1.3.0.min.css
[36m[phonegap][39m 200 /js/jquery-1.8.2.min.js
[36m[phonegap][39m 200 /js/jquery.cookie.js
[36m[phonegap][39m 200 /js/jquery.cookietools.js
[36m[phonegap][39m 200 /js/user_funcs.js
[36m[phonegap][39m 200 /js/jquery.mobile-1.3.0.min.js
[36m[phonegap][39m 200 /css/images/ajax-loader.gif
[36m[phonegap][39m 200 /css/images/icons-18-white.png
[36m[phonegap][39m 404 /favicon.ico
[36m[phonegap][39m 200 /socket.io/?EIO=2&transport=polling&t=1420267992058-2&sid=teczL63rD6rzU21ZAAAC
[36m[phonegap][39m 200 /index.html
[36m[phonegap][39m 200 /js/jquery.cookie.js
[36m[phonegap][39m 200 /js/jquery.cookietools.js
[36m[phonegap][39m 200 /css/jquery.mobile-1.3.0.min.css
[36m[phonegap][39m 200 /js/jquery-1.8.2.min.js
[36m[phonegap][39m 200 /js/jquery.mobile-1.3.0.min.js
[36m[phonegap][39m 404 /favicon.ico
[36m[phonegap][39m 200 /main.html
[36m[phonegap][39m 200 /js/main_funcs.js
[36m[phonegap][39m 200 /css/jquery.mobile-1.3.0.min.css
[36m[phonegap][39m 200 /js/jquery-1.8.2.min.js
[36m[phonegap][39m 200 /css/images/icons-18-white.png
[36m[phonegap][39m 200 /css/images/ajax-loader.gif
[36m[phonegap][39m 404 /favicon.ico
[36m[phonegap][39m 200 /socket.io/?EIO=2&transport=polling&t=1420268003268-2&sid=8R_2KOb3XeuH3SZ4AAAD
[36m[phonegap][39m 200 /user.html
[36m[phonegap][39m 200 /css/jquery.mobile-1.3.0.min.css
[36m[phonegap][39m 200 /js/jquery-1.8.2.min.js
[36m[phonegap][39m 200 /js/jquery.cookie.js
[36m[phonegap][39m 200 /js/jquery.cookietools.js
[36m[phonegap][39m 200 /js/user_funcs.js
[36m[phonegap][39m 200 /js/jquery.mobile-1.3.0.min.js
[36m[phonegap][39m 200 /css/images/ajax-loader.gif
[36m[phonegap][39m 200 /css/images/icons-18-white.png
[36m[phonegap][39m 404 /favicon.ico
[36m[phonegap][39m 200 /socket.io/?EIO=2&transport=polling&t=1420268007637-2&sid=jnQHjKUPCdr0Jr2fAAAE
[36m[phonegap][39m 200 /index.html
[36m[phonegap][39m 200 /css/jquery.mobile-1.3.0.min.css
[36m[phonegap][39m 200 /js/jquery.cookie.js
[36m[phonegap][39m 200 /js/jquery-1.8.2.min.js
[36m[phonegap][39m 200 /js/jquery.cookietools.js
[36m[phonegap][39m 200 /js/jquery.mobile-1.3.0.min.js
[36m[phonegap][39m 200 /main.html
[36m[phonegap][39m 404 /favicon.ico
[36m[phonegap][39m 200 /js/main_funcs.js
[36m[phonegap][39m 200 /js/jquery-1.8.2.min.js
[36m[phonegap][39m 200 /css/jquery.mobile-1.3.0.min.css
[36m[phonegap][39m 200 /css/images/ajax-loader.gif
[36m[phonegap][39m 200 /css/images/icons-18-white.png
[36m[phonegap][39m 404 /favicon.ico
[36m[phonegap][39m 200 /socket.io/?EIO=2&transport=polling&t=1420268011160-2&sid=-b8kTeaoJQ4sLk1fAAAF
[36m[phonegap][39m 200 /
[36m[phonegap][39m 200 /js/jquery.cookie.js
[36m[phonegap][39m 200 /css/jquery.mobile-1.3.0.min.css
[36m[phonegap][39m 200 /js/jquery.cookietools.js
[36m[phonegap][39m 200 /js/jquery-1.8.2.min.js
[36m[phonegap][39m 200 /js/jquery.mobile-1.3.0.min.js
[36m[phonegap][39m 404 /favicon.ico
[36m[phonegap][39m 200 /user.html
[36m[phonegap][39m 404 /favicon.ico
[36m[phonegap][39m 200 /css/jquery.mobile-1.3.0.min.css
[36m[phonegap][39m 200 /js/jquery-1.8.2.min.js
[36m[phonegap][39m 200 /js/jquery.cookie.js
[36m[phonegap][39m 200 /js/jquery.cookietools.js
[36m[phonegap][39m 200 /js/user_funcs.js
[36m[phonegap][39m 200 /js/jquery.mobile-1.3.0.min.js
[36m[phonegap][39m 200 /css/images/ajax-loader.gif
[36m[phonegap][39m 200 /css/images/icons-18-white.png
[36m[phonegap][39m 200 /socket.io/?EIO=2&transport=polling&t=1420272655486-2&sid=olpf9Dlens5R7oMoAAAG
[36m[phonegap][39m 200 /index.html
[36m[phonegap][39m 200 /css/jquery.mobile-1.3.0.min.css
[36m[phonegap][39m 200 /js/jquery-1.8.2.min.js
[36m[phonegap][39m 200 /js/jquery.cookie.js
[36m[phonegap][39m 200 /js/jquery.cookietools.js
[36m[phonegap][39m 200 /js/jquery.mobile-1.3.0.min.js
[36m[phonegap][39m 200 /main.html
[36m[phonegap][39m 200 /css/jquery.mobile-1.3.0.min.css
[36m[phonegap][39m 200 /js/jquery-1.8.2.min.js
[36m[phonegap][39m 200 /js/jquery.cookie.js
[36m[phonegap][39m 200 /js/jquery.cookietools.js
[36m[phonegap][39m 200 /js/main_funcs.js
[36m[phonegap][39m 200 /js/jquery.mobile-1.3.0.min.js
[36m[phonegap][39m 200 /css/images/ajax-loader.gif
[36m[phonegap][39m 200 /css/images/icons-18-white.png
[36m[phonegap][39m 200 /socket.io/?EIO=2&transport=polling&t=1420272669032-2&sid=c27HowaGdcej0rijAAAH
[36m[phonegap][39m 200 /
[36m[phonegap][39m 200 /js/jquery.cookie.js
[36m[phonegap][39m 200 /css/jquery.mobile-1.3.0.min.css
[36m[phonegap][39m 200 /js/jquery.cookietools.js
[36m[phonegap][39m 200 /js/jquery-1.8.2.min.js
[36m[phonegap][39m 200 /js/jquery.mobile-1.3.0.min.js
[36m[phonegap][39m 200 /main.html
[36m[phonegap][39m 200 /js/jquery.cookie.js
[36m[phonegap][39m 200 /css/jquery.mobile-1.3.0.min.css
[36m[phonegap][39m 200 /js/jquery-1.8.2.min.js
[36m[phonegap][39m 200 /js/jquery.cookietools.js
[36m[phonegap][39m 200 /js/main_funcs.js
[36m[phonegap][39m 200 /js/jquery.mobile-1.3.0.min.js
[36m[phonegap][39m 200 /css/images/ajax-loader.gif
[36m[phonegap][39m 200 /css/images/icons-18-white.png
[36m[phonegap][39m 200 /socket.io/?EIO=2&transport=polling&t=1420273403830-2&sid=gzyLWZhBFifhTB0oAAAI
[36m[phonegap][39m 200 /user.html
[36m[phonegap][39m 200 /css/jquery.mobile-1.3.0.min.css
[36m[phonegap][39m 200 /js/jquery-1.8.2.min.js
[36m[phonegap][39m 200 /js/jquery.cookie.js
[36m[phonegap][39m 200 /js/jquery.cookietools.js
[36m[phonegap][39m 200 /js/user_funcs.js
[36m[phonegap][39m 200 /js/jquery.mobile-1.3.0.min.js
[36m[phonegap][39m 200 /css/images/ajax-loader.gif
[36m[phonegap][39m 200 /css/images/icons-18-white.png
[36m[phonegap][39m 200 /socket.io/?EIO=2&transport=polling&t=1420273410576-2&sid=09TWw-6O-DvaYNbLAAAJ
[36m[phonegap][39m 200 /index.html
[36m[phonegap][39m 200 /js/jquery.cookie.js
[36m[phonegap][39m 200 /css/jquery.mobile-1.3.0.min.css
[36m[phonegap][39m 200 /js/jquery-1.8.2.min.js
[36m[phonegap][39m 200 /js/jquery.cookietools.js
[36m[phonegap][39m 200 /js/jquery.mobile-1.3.0.min.js
[36m[phonegap][39m 200 /main.html
[36m[phonegap][39m 200 /css/jquery.mobile-1.3.0.min.css
[36m[phonegap][39m 200 /js/jquery-1.8.2.min.js
[36m[phonegap][39m 200 /js/jquery.cookie.js
[36m[phonegap][39m 200 /js/jquery.cookietools.js
[36m[phonegap][39m 200 /js/main_funcs.js
[36m[phonegap][39m 200 /js/jquery.mobile-1.3.0.min.js
[36m[phonegap][39m 200 /css/images/ajax-loader.gif
[36m[phonegap][39m 200 /css/images/icons-18-white.png
[36m[phonegap][39m 200 /socket.io/?EIO=2&transport=polling&t=1420273425352-2&sid=bXpdD1NCMuKHCIBZAAAK
[36m[phonegap][39m 200 /main.html
[36m[phonegap][39m 200 /js/jquery.cookie.js
[36m[phonegap][39m 200 /js/jquery.cookietools.js
[36m[phonegap][39m 200 /js/main_funcs.js
[36m[phonegap][39m 200 /css/jquery.mobile-1.3.0.min.css
[36m[phonegap][39m 200 /js/jquery-1.8.2.min.js
[36m[phonegap][39m 200 /js/jquery.mobile-1.3.0.min.js
[36m[phonegap][39m 200 /css/images/ajax-loader.gif
[36m[phonegap][39m 200 /css/images/icons-18-white.png
[36m[phonegap][39m 200 /socket.io/?EIO=2&transport=polling&t=1420273455136-2&sid=ygCSzXb7rj7rzd5NAAAL
[36m[phonegap][39m 200 /user.html
[36m[phonegap][39m 200 /css/jquery.mobile-1.3.0.min.css
[36m[phonegap][39m 200 /js/jquery-1.8.2.min.js
[36m[phonegap][39m 200 /js/jquery.cookie.js
[36m[phonegap][39m 200 /js/jquery.cookietools.js
[36m[phonegap][39m 200 /js/user_funcs.js
[36m[phonegap][39m 200 /js/jquery.mobile-1.3.0.min.js
[36m[phonegap][39m 200 /css/images/ajax-loader.gif
[36m[phonegap][39m 200 /css/images/icons-18-white.png
[36m[phonegap][39m 200 /socket.io/?EIO=2&transport=polling&t=1420273460690-2&sid=2y4oniQm26Vy23FeAAAM
[36m[phonegap][39m 200 /index.html
[36m[phonegap][39m 200 /css/jquery.mobile-1.3.0.min.css
[36m[phonegap][39m 200 /js/jquery.cookie.js
[36m[phonegap][39m 200 /js/jquery-1.8.2.min.js
[36m[phonegap][39m 200 /js/jquery.cookietools.js
[36m[phonegap][39m 200 /js/jquery.mobile-1.3.0.min.js
[36m[phonegap][39m 200 /main.html
[36m[phonegap][39m 200 /css/jquery.mobile-1.3.0.min.css
[36m[phonegap][39m 200 /js/jquery-1.8.2.min.js
[36m[phonegap][39m 200 /js/jquery.cookie.js
[36m[phonegap][39m 200 /js/jquery.cookietools.js
[36m[phonegap][39m 200 /js/main_funcs.js
[36m[phonegap][39m 200 /js/jquery.mobile-1.3.0.min.js
[36m[phonegap][39m 200 /css/images/ajax-loader.gif
[36m[phonegap][39m 200 /css/images/icons-18-white.png
[36m[phonegap][39m 200 /socket.io/?EIO=2&transport=polling&t=1420273470941-2&sid=vxr2bx2yYvc53mMKAAAN
[36m[phonegap][39m 200 /user.html
[36m[phonegap][39m 200 /css/jquery.mobile-1.3.0.min.css
[36m[phonegap][39m 200 /js/jquery-1.8.2.min.js
[36m[phonegap][39m 200 /js/jquery.cookie.js
[36m[phonegap][39m 200 /js/jquery.cookietools.js
[36m[phonegap][39m 200 /js/user_funcs.js
[36m[phonegap][39m 200 /js/jquery.mobile-1.3.0.min.js
[36m[phonegap][39m 200 /css/images/ajax-loader.gif
[36m[phonegap][39m 200 /css/images/icons-18-white.png
[36m[phonegap][39m 200 /socket.io/?EIO=2&transport=polling&t=1420273479505-2&sid=EiA_eXb8pzO1afNFAAAO
[36m[phonegap][39m 200 /user.html
[36m[phonegap][39m 200 /js/jquery.cookie.js
[36m[phonegap][39m 200 /js/jquery.cookietools.js
[36m[phonegap][39m 200 /css/jquery.mobile-1.3.0.min.css
[36m[phonegap][39m 200 /js/jquery-1.8.2.min.js
[36m[phonegap][39m 200 /js/user_funcs.js
[36m[phonegap][39m 200 /js/jquery.mobile-1.3.0.min.js
[36m[phonegap][39m 200 /css/images/ajax-loader.gif
[36m[phonegap][39m 200 /css/images/icons-18-white.png
[36m[phonegap][39m 200 /socket.io/?EIO=2&transport=polling&t=1420273560813-2&sid=6XZqXHK3eHFQX2EzAAAP
[36m[phonegap][39m 200 /index.html
[36m[phonegap][39m 200 /css/jquery.mobile-1.3.0.min.css
[36m[phonegap][39m 200 /js/jquery.cookie.js
[36m[phonegap][39m 200 /js/jquery-1.8.2.min.js
[36m[phonegap][39m 200 /js/jquery.cookietools.js
[36m[phonegap][39m 200 /js/jquery.mobile-1.3.0.min.js
[36m[phonegap][39m 200 /main.html
[36m[phonegap][39m 200 /css/jquery.mobile-1.3.0.min.css
[36m[phonegap][39m 200 /js/jquery-1.8.2.min.js
[36m[phonegap][39m 200 /js/jquery.cookie.js
[36m[phonegap][39m 200 /js/jquery.cookietools.js
[36m[phonegap][39m 200 /js/main_funcs.js
[36m[phonegap][39m 200 /js/jquery.mobile-1.3.0.min.js
[36m[phonegap][39m 200 /css/images/ajax-loader.gif
[36m[phonegap][39m 200 /css/images/icons-18-white.png
[36m[phonegap][39m 200 /socket.io/?EIO=2&transport=polling&t=1420273571752-2&sid=6x9NJKwsmg_qBYkIAAAQ
[36m[phonegap][39m 200 /
[36m[phonegap][39m 200 /css/jquery.mobile-1.3.0.min.css
[36m[phonegap][39m 200 /js/jquery.cookie.js
[36m[phonegap][39m 200 /js/jquery.cookietools.js
[36m[phonegap][39m 200 /js/jquery-1.8.2.min.js
[36m[phonegap][39m 200 /js/jquery.mobile-1.3.0.min.js
[36m[phonegap][39m 200 /main.html
[36m[phonegap][39m 200 /css/jquery.mobile-1.3.0.min.css
[36m[phonegap][39m 200 /js/jquery.cookie.js
[36m[phonegap][39m 200 /js/jquery-1.8.2.min.js
[36m[phonegap][39m 200 /js/jquery.cookietools.js
[36m[phonegap][39m 200 /js/main_funcs.js
[36m[phonegap][39m 200 /js/jquery.mobile-1.3.0.min.js
[36m[phonegap][39m 200 /css/images/ajax-loader.gif
[36m[phonegap][39m 200 /css/images/icons-18-white.png
[36m[phonegap][39m 200 /socket.io/?EIO=2&transport=polling&t=1420274179655-2&sid=D4boQjZIGvIZvA5WAAAR
[36m[phonegap][39m 200 /user.html
[36m[phonegap][39m 200 /css/jquery.mobile-1.3.0.min.css
[36m[phonegap][39m 200 /js/jquery-1.8.2.min.js
[36m[phonegap][39m 200 /js/jquery.cookie.js
[36m[phonegap][39m 200 /js/jquery.cookietools.js
[36m[phonegap][39m 200 /js/user_funcs.js
[36m[phonegap][39m 200 /js/jquery.mobile-1.3.0.min.js
[36m[phonegap][39m 200 /css/images/ajax-loader.gif
[36m[phonegap][39m 200 /css/images/icons-18-white.png
[36m[phonegap][39m 200 /socket.io/?EIO=2&transport=polling&t=1420274189146-2&sid=SPi69gGqNPmB0F8PAAAS
[36m[phonegap][39m 200 /index.html
[36m[phonegap][39m 200 /css/jquery.mobile-1.3.0.min.css
[36m[phonegap][39m 200 /js/jquery-1.8.2.min.js
[36m[phonegap][39m 200 /js/jquery.cookie.js
[36m[phonegap][39m 200 /js/jquery.cookietools.js
[36m[phonegap][39m 200 /js/jquery.mobile-1.3.0.min.js
[36m[phonegap][39m 200 /main.html
[36m[phonegap][39m 200 /css/jquery.mobile-1.3.0.min.css
[36m[phonegap][39m 200 /js/jquery.cookie.js
[36m[phonegap][39m 200 /js/jquery-1.8.2.min.js
[36m[phonegap][39m 200 /js/jquery.cookietools.js
[36m[phonegap][39m 200 /js/main_funcs.js
[36m[phonegap][39m 200 /js/jquery.mobile-1.3.0.min.js
[36m[phonegap][39m 200 /css/images/ajax-loader.gif
[36m[phonegap][39m 200 /css/images/icons-18-white.png
[36m[phonegap][39m 200 /socket.io/?EIO=2&transport=polling&t=1420274214192-2&sid=2QPXgzAyYHuvcMuHAAAT
[36m[phonegap][39m 200 /user.html
[36m[phonegap][39m 200 /js/jquery.cookie.js
[36m[phonegap][39m 200 /js/jquery.cookietools.js
[36m[phonegap][39m 200 /js/user_funcs.js
[36m[phonegap][39m 200 /js/jquery-1.8.2.min.js
[36m[phonegap][39m 200 /css/jquery.mobile-1.3.0.min.css
[36m[phonegap][39m 200 /js/jquery.mobile-1.3.0.min.js
[36m[phonegap][39m 200 /css/images/ajax-loader.gif
[36m[phonegap][39m 200 /css/images/icons-18-white.png
[36m[phonegap][39m 200 /socket.io/?EIO=2&transport=polling&t=1420275184829-2&sid=gT7174PGJ2Sk0LfLAAAU
[36m[phonegap][39m 200 /index.html
[36m[phonegap][39m 200 /js/jquery-1.8.2.min.js
[36m[phonegap][39m 200 /js/jquery.cookie.js
[36m[phonegap][39m 200 /js/jquery.cookietools.js
[36m[phonegap][39m 200 /css/jquery.mobile-1.3.0.min.css
[36m[phonegap][39m 200 /js/jquery.mobile-1.3.0.min.js
[36m[phonegap][39m 200 /main.html
[36m[phonegap][39m 200 /js/jquery-1.8.2.min.js
[36m[phonegap][39m 200 /js/jquery.cookie.js
[36m[phonegap][39m 200 /js/jquery.cookietools.js
[36m[phonegap][39m 200 /js/main_funcs.js
[36m[phonegap][39m 200 /css/jquery.mobile-1.3.0.min.css
[36m[phonegap][39m 200 /js/jquery.mobile-1.3.0.min.js
[36m[phonegap][39m 200 /css/images/ajax-loader.gif
[36m[phonegap][39m 200 /css/images/icons-18-white.png
[36m[phonegap][39m 200 /socket.io/?EIO=2&transport=polling&t=1420275199228-2&sid=wYJl3pqx1N8iOX8yAAAV
[36m[phonegap][39m 200 /user.html
[36m[phonegap][39m 200 /js/jquery.cookie.js
[36m[phonegap][39m 200 /js/jquery-1.8.2.min.js
[36m[phonegap][39m 200 /js/jquery.cookietools.js
[36m[phonegap][39m 200 /js/user_funcs.js
[36m[phonegap][39m 200 /css/jquery.mobile-1.3.0.min.css
[36m[phonegap][39m 200 /js/jquery.mobile-1.3.0.min.js
[36m[phonegap][39m 200 /css/images/ajax-loader.gif
[36m[phonegap][39m 200 /css/images/icons-18-white.png
[36m[phonegap][39m 200 /socket.io/?EIO=2&transport=polling&t=1420275223366-2&sid=adyVvzJ5tWftoyUpAAAW
[36m[phonegap][39m 200 /index.html
[36m[phonegap][39m 200 /js/jquery.cookie.js
[36m[phonegap][39m 200 /js/jquery.cookietools.js
[36m[phonegap][39m 200 /css/jquery.mobile-1.3.0.min.css
[36m[phonegap][39m 200 /js/jquery-1.8.2.min.js
[36m[phonegap][39m 200 /js/jquery.mobile-1.3.0.min.js
[36m[phonegap][39m 200 /main.html
[36m[phonegap][39m 200 /js/jquery.cookie.js
[36m[phonegap][39m 200 /js/jquery.cookietools.js
[36m[phonegap][39m 200 /js/main_funcs.js
[36m[phonegap][39m 200 /css/jquery.mobile-1.3.0.min.css
[36m[phonegap][39m 200 /js/jquery-1.8.2.min.js
[36m[phonegap][39m 200 /js/jquery.mobile-1.3.0.min.js
[36m[phonegap][39m 200 /css/images/ajax-loader.gif
[36m[phonegap][39m 200 /css/images/icons-18-white.png
[36m[phonegap][39m 200 /socket.io/?EIO=2&transport=polling&t=1420275673382-2&sid=GDyWmBmv_OGHOMthAAAX
[36m[phonegap][39m 200 /main.html
[36m[phonegap][39m 200 /js/jquery.cookie.js
[36m[phonegap][39m 200 /js/jquery.cookietools.js
[36m[phonegap][39m 200 /js/main_funcs.js
[36m[phonegap][39m 200 /css/jquery.mobile-1.3.0.min.css
[36m[phonegap][39m 200 /js/jquery-1.8.2.min.js
[36m[phonegap][39m 200 /js/jquery.mobile-1.3.0.min.js
[36m[phonegap][39m 200 /css/images/ajax-loader.gif
[36m[phonegap][39m 200 /css/images/icons-18-white.png
[36m[phonegap][39m 200 /socket.io/?EIO=2&transport=polling&t=1420275679258-2&sid=0Aap7YBNQFjyqJZ4AAAY
[36m[phonegap][39m 200 /user.html
[36m[phonegap][39m 200 /js/jquery.cookie.js
[36m[phonegap][39m 200 /js/jquery.cookietools.js
[36m[phonegap][39m 200 /js/user_funcs.js
[36m[phonegap][39m 200 /css/jquery.mobile-1.3.0.min.css
[36m[phonegap][39m 200 /js/jquery-1.8.2.min.js
[36m[phonegap][39m 200 /js/jquery.mobile-1.3.0.min.js
[36m[phonegap][39m 200 /css/images/ajax-loader.gif
[36m[phonegap][39m 200 /css/images/icons-18-white.png
[36m[phonegap][39m 200 /socket.io/?EIO=2&transport=polling&t=1420275685123-2&sid=TEra8-czId9vtPBSAAAZ
[36m[phonegap][39m 200 /index.html
[36m[phonegap][39m 200 /js/jquery-1.8.2.min.js
[36m[phonegap][39m 200 /js/jquery.cookie.js
[36m[phonegap][39m 200 /js/jquery.cookietools.js
[36m[phonegap][39m 200 /css/jquery.mobile-1.3.0.min.css
[36m[phonegap][39m 200 /js/jquery.mobile-1.3.0.min.js
[36m[phonegap][39m 200 /main.html
[36m[phonegap][39m 200 /js/jquery-1.8.2.min.js
[36m[phonegap][39m 200 /js/jquery.cookie.js
[36m[phonegap][39m 200 /js/jquery.cookietools.js
[36m[phonegap][39m 200 /js/main_funcs.js
[36m[phonegap][39m 200 /css/jquery.mobile-1.3.0.min.css
[36m[phonegap][39m 200 /js/jquery.mobile-1.3.0.min.js
[36m[phonegap][39m 200 /css/images/ajax-loader.gif
[36m[phonegap][39m 200 /css/images/icons-18-white.png
[36m[phonegap][39m 200 /socket.io/?EIO=2&transport=polling&t=1420275743022-2&sid=sgwNuViyeSAZIeuvAAAa
[36m[phonegap][39m 200 /user.html
[36m[phonegap][39m 200 /js/jquery.cookie.js
[36m[phonegap][39m 200 /js/jquery.cookietools.js
[36m[phonegap][39m 200 /js/user_funcs.js
[36m[phonegap][39m 200 /css/jquery.mobile-1.3.0.min.css
[36m[phonegap][39m 200 /js/jquery-1.8.2.min.js
[36m[phonegap][39m 200 /js/jquery.mobile-1.3.0.min.js
[36m[phonegap][39m 200 /css/images/ajax-loader.gif
[36m[phonegap][39m 200 /css/images/icons-18-white.png
[36m[phonegap][39m 200 /socket.io/?EIO=2&transport=polling&t=1420275753190-2&sid=02WmgUn9e-Vv4lu-AAAb
[36m[phonegap][39m 200 /index.html
[36m[phonegap][39m 200 /js/jquery.cookie.js
[36m[phonegap][39m 200 /css/jquery.mobile-1.3.0.min.css
[36m[phonegap][39m 200 /js/jquery.cookietools.js
[36m[phonegap][39m 200 /js/jquery-1.8.2.min.js
[36m[phonegap][39m 200 /js/jquery.mobile-1.3.0.min.js
[36m[phonegap][39m 200 /main.html
[36m[phonegap][39m 200 /js/jquery-1.8.2.min.js
[36m[phonegap][39m 200 /js/jquery.cookie.js
[36m[phonegap][39m 200 /js/jquery.cookietools.js
[36m[phonegap][39m 200 /js/main_funcs.js
[36m[phonegap][39m 200 /css/jquery.mobile-1.3.0.min.css
[36m[phonegap][39m 200 /js/jquery.mobile-1.3.0.min.js
[36m[phonegap][39m 200 /css/images/ajax-loader.gif
[36m[phonegap][39m 200 /css/images/icons-18-white.png
[36m[phonegap][39m 200 /socket.io/?EIO=2&transport=polling&t=1420275763997-2&sid=ljJavVX3bINQ_w1CAAAc
[36m[phonegap][39m 200 /user.html
[36m[phonegap][39m 200 /js/jquery.cookie.js
[36m[phonegap][39m 200 /js/jquery.cookietools.js
[36m[phonegap][39m 200 /js/user_funcs.js
[36m[phonegap][39m 200 /css/jquery.mobile-1.3.0.min.css
[36m[phonegap][39m 200 /js/jquery-1.8.2.min.js
[36m[phonegap][39m 200 /js/jquery.mobile-1.3.0.min.js
[36m[phonegap][39m 200 /css/images/ajax-loader.gif
[36m[phonegap][39m 200 /css/images/icons-18-white.png
[36m[phonegap][39m 200 /socket.io/?EIO=2&transport=polling&t=1420275781688-2&sid=SBbMmEd0bTDYJckFAAAd
[36m[phonegap][39m 200 /index.html
[36m[phonegap][39m 200 /js/jquery-1.8.2.min.js
[36m[phonegap][39m 200 /js/jquery.cookie.js
[36m[phonegap][39m 200 /js/jquery.cookietools.js
[36m[phonegap][39m 200 /css/jquery.mobile-1.3.0.min.css
[36m[phonegap][39m 200 /js/jquery.mobile-1.3.0.min.js
[36m[phonegap][39m 200 /main.html
[36m[phonegap][39m 200 /js/jquery-1.8.2.min.js
[36m[phonegap][39m 200 /js/jquery.cookie.js
[36m[phonegap][39m 200 /js/jquery.cookietools.js
[36m[phonegap][39m 200 /js/main_funcs.js
[36m[phonegap][39m 200 /css/jquery.mobile-1.3.0.min.css
[36m[phonegap][39m 200 /js/jquery.mobile-1.3.0.min.js
[36m[phonegap][39m 200 /css/images/ajax-loader.gif
[36m[phonegap][39m 200 /css/images/icons-18-white.png
[36m[phonegap][39m 200 /socket.io/?EIO=2&transport=polling&t=1420275802290-2&sid=uiVpt1gYJM46GbJgAAAe
[36m[phonegap][39m 200 /user.html
[36m[phonegap][39m 200 /js/jquery.cookie.js
[36m[phonegap][39m 200 /js/jquery.cookietools.js
[36m[phonegap][39m 200 /js/user_funcs.js
[36m[phonegap][39m 200 /css/jquery.mobile-1.3.0.min.css
[36m[phonegap][39m 200 /js/jquery-1.8.2.min.js
[36m[phonegap][39m 200 /js/jquery.mobile-1.3.0.min.js
[36m[phonegap][39m 200 /css/images/ajax-loader.gif
[36m[phonegap][39m 200 /css/images/icons-18-white.png
[36m[phonegap][39m 404 /favicon.ico
[36m[phonegap][39m 200 /socket.io/?EIO=2&transport=polling&t=1420275827558-2&sid=6oHny3g2o6RvgUDFAAAf
[36m[phonegap][39m 200 /index.html
[36m[phonegap][39m 200 /js/jquery.cookie.js
[36m[phonegap][39m 200 /js/jquery.cookietools.js
[36m[phonegap][39m 200 /js/jquery-1.8.2.min.js
[36m[phonegap][39m 200 /css/jquery.mobile-1.3.0.min.css
[36m[phonegap][39m 200 /js/jquery.mobile-1.3.0.min.js
[36m[phonegap][39m 200 /main.html
[36m[phonegap][39m 404 /favicon.ico
[36m[phonegap][39m 200 /js/main_funcs.js
[36m[phonegap][39m 200 /css/jquery.mobile-1.3.0.min.css
[36m[phonegap][39m 200 /js/jquery-1.8.2.min.js
[36m[phonegap][39m 200 /css/images/ajax-loader.gif
[36m[phonegap][39m 200 /css/images/icons-18-white.png
[36m[phonegap][39m 404 /favicon.ico
[36m[phonegap][39m 200 /socket.io/?EIO=2&transport=polling&t=1420275842847-2&sid=-TIC0OCQPHzFxAqIAAAg
[36m[phonegap][39m 200 /user.html
[36m[phonegap][39m 200 /js/jquery.cookie.js
[36m[phonegap][39m 200 /js/jquery.cookietools.js
[36m[phonegap][39m 200 /js/user_funcs.js
[36m[phonegap][39m 200 /css/jquery.mobile-1.3.0.min.css
[36m[phonegap][39m 200 /js/jquery-1.8.2.min.js
[36m[phonegap][39m 200 /js/jquery.mobile-1.3.0.min.js
[36m[phonegap][39m 200 /css/images/ajax-loader.gif
[36m[phonegap][39m 200 /css/images/icons-18-white.png
[36m[phonegap][39m 404 /favicon.ico
[36m[phonegap][39m 200 /socket.io/?EIO=2&transport=polling&t=1420275854776-2&sid=-t-me1iq99VNeAo0AAAh
[36m[phonegap][39m 200 /
[36m[phonegap][39m 200 /js/jquery.cookie.js
[36m[phonegap][39m 200 /js/jquery.cookietools.js
[36m[phonegap][39m 200 /css/jquery.mobile-1.3.0.min.css
[36m[phonegap][39m 200 /js/jquery-1.8.2.min.js
[36m[phonegap][39m 200 /js/jquery.mobile-1.3.0.min.js
[36m[phonegap][39m 200 /main.html
[36m[phonegap][39m 404 /favicon.ico
[36m[phonegap][39m 200 /css/jquery.mobile-1.3.0.min.css
[36m[phonegap][39m 200 /js/main_funcs.js
[36m[phonegap][39m 200 /js/jquery-1.8.2.min.js
[36m[phonegap][39m 200 /css/images/ajax-loader.gif
[36m[phonegap][39m 200 /css/images/icons-18-white.png
[36m[phonegap][39m 404 /favicon.ico
[36m[phonegap][39m 200 /socket.io/?EIO=2&transport=polling&t=1420275864058-2&sid=INQ7lp9krxZ0iqSJAAAi
[36m[phonegap][39m 200 /main.html
[36m[phonegap][39m 200 /js/jquery.cookie.js
[36m[phonegap][39m 200 /css/jquery.mobile-1.3.0.min.css
[36m[phonegap][39m 200 /js/jquery.cookietools.js
[36m[phonegap][39m 200 /js/main_funcs.js
[36m[phonegap][39m 200 /js/jquery-1.8.2.min.js
[36m[phonegap][39m 200 /js/jquery.mobile-1.3.0.min.js
[36m[phonegap][39m 200 /css/images/ajax-loader.gif
[36m[phonegap][39m 200 /css/images/icons-18-white.png
[36m[phonegap][39m 200 /user.html
[36m[phonegap][39m 200 /css/jquery.mobile-1.3.0.min.css
[36m[phonegap][39m 200 /js/jquery.cookie.js
[36m[phonegap][39m 200 /js/jquery.cookietools.js
[36m[phonegap][39m 200 /js/user_funcs.js
[36m[phonegap][39m 200 /js/jquery-1.8.2.min.js
[36m[phonegap][39m 200 /js/jquery.mobile-1.3.0.min.js
[36m[phonegap][39m 200 /css/images/ajax-loader.gif
[36m[phonegap][39m 200 /css/images/icons-18-white.png
[36m[phonegap][39m 200 /socket.io/?EIO=2&transport=polling&t=1420275878884-2&sid=czG1kXsNVm0DxIVsAAAk
[36m[phonegap][39m 200 /user.html
[36m[phonegap][39m 200 /css/jquery.mobile-1.3.0.min.css
[36m[phonegap][39m 200 /js/jquery-1.8.2.min.js
[36m[phonegap][39m 200 /js/jquery.cookie.js
[36m[phonegap][39m 200 /js/jquery.cookietools.js
[36m[phonegap][39m 200 /js/user_funcs.js
[36m[phonegap][39m 200 /js/jquery.mobile-1.3.0.min.js
[36m[phonegap][39m 200 /css/images/ajax-loader.gif
[36m[phonegap][39m 200 /css/images/icons-18-white.png
[36m[phonegap][39m 404 /favicon.ico
[36m[phonegap][39m 200 /socket.io/?EIO=2&transport=polling&t=1420275891545-2&sid=xWA5jgofKDH577LpAAAl
[36m[phonegap][39m 200 /user.html
[36m[phonegap][39m 200 /css/jquery.mobile-1.3.0.min.css
[36m[phonegap][39m 200 /js/jquery-1.8.2.min.js
[36m[phonegap][39m 200 /js/jquery.cookie.js
[36m[phonegap][39m 200 /js/jquery.cookietools.js
[36m[phonegap][39m 200 /js/user_funcs.js
[36m[phonegap][39m 200 /js/jquery.mobile-1.3.0.min.js
[36m[phonegap][39m 200 /css/images/ajax-loader.gif
[36m[phonegap][39m 200 /css/images/icons-18-white.png
[36m[phonegap][39m 404 /favicon.ico
[36m[phonegap][39m 200 /socket.io/?EIO=2&transport=polling&t=1420275903447-2&sid=Kp_yV6Xt_DIfC61WAAAm
[36m[phonegap][39m 200 /index.html
[36m[phonegap][39m 200 /css/jquery.mobile-1.3.0.min.css
[36m[phonegap][39m 200 /js/jquery-1.8.2.min.js
[36m[phonegap][39m 200 /js/jquery.cookie.js
[36m[phonegap][39m 200 /js/jquery.cookietools.js
[36m[phonegap][39m 200 /js/jquery.mobile-1.3.0.min.js
[36m[phonegap][39m 200 /main.html
[36m[phonegap][39m 404 /favicon.ico
[36m[phonegap][39m 200 /js/main_funcs.js
[36m[phonegap][39m 200 /css/jquery.mobile-1.3.0.min.css
[36m[phonegap][39m 200 /js/jquery-1.8.2.min.js
[36m[phonegap][39m 200 /css/images/ajax-loader.gif
[36m[phonegap][39m 200 /css/images/icons-18-white.png
[36m[phonegap][39m 404 /favicon.ico
[36m[phonegap][39m 200 /socket.io/?EIO=2&transport=polling&t=1420275917247-2&sid=oCzLMcYxwmDW20RaAAAn
[36m[phonegap][39m 200 /user.html
[36m[phonegap][39m 200 /css/jquery.mobile-1.3.0.min.css
[36m[phonegap][39m 200 /js/jquery-1.8.2.min.js
[36m[phonegap][39m 200 /js/jquery.cookie.js
[36m[phonegap][39m 200 /js/jquery.cookietools.js
[36m[phonegap][39m 200 /js/user_funcs.js
[36m[phonegap][39m 200 /js/jquery.mobile-1.3.0.min.js
[36m[phonegap][39m 200 /css/images/ajax-loader.gif
[36m[phonegap][39m 200 /css/images/icons-18-white.png
[36m[phonegap][39m 404 /favicon.ico
[36m[phonegap][39m 200 /socket.io/?EIO=2&transport=polling&t=1420275943599-2&sid=AsAyx-dFMy2wDJW3AAAo
[36m[phonegap][39m 200 /index.html
[36m[phonegap][39m 200 /css/jquery.mobile-1.3.0.min.css
[36m[phonegap][39m 200 /js/jquery-1.8.2.min.js
[36m[phonegap][39m 200 /js/jquery.cookie.js
[36m[phonegap][39m 200 /js/jquery.cookietools.js
[36m[phonegap][39m 200 /js/jquery.mobile-1.3.0.min.js
[36m[phonegap][39m 404 /favicon.ico
[36m[phonegap][39m 200 /main.html
[36m[phonegap][39m 200 /css/jquery.mobile-1.3.0.min.css
[36m[phonegap][39m 200 /js/jquery-1.8.2.min.js
[36m[phonegap][39m 200 /js/main_funcs.js
[36m[phonegap][39m 200 /css/images/ajax-loader.gif
[36m[phonegap][39m 200 /css/images/icons-18-white.png
[36m[phonegap][39m 404 /favicon.ico
[36m[phonegap][39m 200 /socket.io/?EIO=2&transport=polling&t=1420275990486-2&sid=keSKZQiHZwd1J3MlAAAp
[36m[phonegap][39m 200 /user.html
[36m[phonegap][39m 200 /css/jquery.mobile-1.3.0.min.css
[36m[phonegap][39m 200 /js/jquery-1.8.2.min.js
[36m[phonegap][39m 200 /js/jquery.cookie.js
[36m[phonegap][39m 200 /js/jquery.cookietools.js
[36m[phonegap][39m 200 /js/user_funcs.js
[36m[phonegap][39m 200 /js/jquery.mobile-1.3.0.min.js
[36m[phonegap][39m 200 /css/images/ajax-loader.gif
[36m[phonegap][39m 200 /css/images/icons-18-white.png
[36m[phonegap][39m 404 /favicon.ico
[36m[phonegap][39m 200 /socket.io/?EIO=2&transport=polling&t=1420275996399-2&sid=NtJfMR88ouh0eNz3AAAq
[36m[phonegap][39m 200 /index.html
[36m[phonegap][39m 200 /css/jquery.mobile-1.3.0.min.css
[36m[phonegap][39m 200 /js/jquery-1.8.2.min.js
[36m[phonegap][39m 200 /js/jquery.cookie.js
[36m[phonegap][39m 200 /js/jquery.cookietools.js
[36m[phonegap][39m 200 /js/jquery.mobile-1.3.0.min.js
[36m[phonegap][39m 200 /main.html
[36m[phonegap][39m 404 /favicon.ico
[36m[phonegap][39m 200 /css/jquery.mobile-1.3.0.min.css
[36m[phonegap][39m 200 /js/jquery-1.8.2.min.js
[36m[phonegap][39m 200 /js/main_funcs.js
[36m[phonegap][39m 200 /css/images/ajax-loader.gif
[36m[phonegap][39m 200 /css/images/icons-18-white.png
[36m[phonegap][39m 404 /favicon.ico
[36m[phonegap][39m 200 /socket.io/?EIO=2&transport=polling&t=1420276011578-2&sid=F87TXK-_AQ5QKziGAAAr
[36m[phonegap][39m 200 /index.html
[36m[phonegap][39m 200 /css/jquery.mobile-1.3.0.min.css
[36m[phonegap][39m 200 /js/jquery.cookie.js
[36m[phonegap][39m 200 /js/jquery.cookietools.js
[36m[phonegap][39m 200 /js/jquery-1.8.2.min.js
[36m[phonegap][39m 200 /js/jquery.mobile-1.3.0.min.js
[36m[phonegap][39m 200 /main.html
[36m[phonegap][39m 200 /css/jquery.mobile-1.3.0.min.css
[36m[phonegap][39m 200 /js/jquery-1.8.2.min.js
[36m[phonegap][39m 200 /js/jquery.cookie.js
[36m[phonegap][39m 200 /js/jquery.cookietools.js
[36m[phonegap][39m 200 /js/main_funcs.js
[36m[phonegap][39m 200 /js/jquery.mobile-1.3.0.min.js
[36m[phonegap][39m 200 /css/images/ajax-loader.gif
[36m[phonegap][39m 200 /css/images/icons-18-white.png
[36m[phonegap][39m 200 /socket.io/?EIO=2&transport=polling&t=1420276240259-2&sid=0p96l3emrOl-9in8AAAs
[36m[phonegap][39m 200 /user.html
[36m[phonegap][39m 200 /css/jquery.mobile-1.3.0.min.css
[36m[phonegap][39m 200 /js/jquery-1.8.2.min.js
[36m[phonegap][39m 200 /js/jquery.cookie.js
[36m[phonegap][39m 200 /js/jquery.cookietools.js
[36m[phonegap][39m 200 /js/user_funcs.js
[36m[phonegap][39m 200 /js/jquery.mobile-1.3.0.min.js
[36m[phonegap][39m 200 /css/images/ajax-loader.gif
[36m[phonegap][39m 200 /css/images/icons-18-white.png
[36m[phonegap][39m 200 /socket.io/?EIO=2&transport=polling&t=1420276254085-2&sid=YmnDdy8CAUbEDBUtAAAt
[36m[phonegap][39m 200 /index.html
[36m[phonegap][39m 200 /css/jquery.mobile-1.3.0.min.css
[36m[phonegap][39m 200 /js/jquery-1.8.2.min.js
[36m[phonegap][39m 200 /js/jquery.cookie.js
[36m[phonegap][39m 200 /js/jquery.cookietools.js
[36m[phonegap][39m 200 /js/jquery.mobile-1.3.0.min.js
[36m[phonegap][39m 200 /main.html
[36m[phonegap][39m 200 /css/jquery.mobile-1.3.0.min.css
[36m[phonegap][39m 200 /js/jquery-1.8.2.min.js
[36m[phonegap][39m 200 /js/jquery.cookie.js
[36m[phonegap][39m 200 /js/jquery.cookietools.js
[36m[phonegap][39m 200 /js/main_funcs.js
[36m[phonegap][39m 200 /js/jquery.mobile-1.3.0.min.js
[36m[phonegap][39m 200 /css/images/ajax-loader.gif
[36m[phonegap][39m 200 /css/images/icons-18-white.png
[36m[phonegap][39m 200 /socket.io/?EIO=2&transport=polling&t=1420276279474-2&sid=pZSLSXCXrzvl3bE3AAAu
[36m[phonegap][39m 200 /user.html
[36m[phonegap][39m 200 /css/jquery.mobile-1.3.0.min.css
[36m[phonegap][39m 200 /js/jquery-1.8.2.min.js
[36m[phonegap][39m 200 /js/jquery.cookie.js
[36m[phonegap][39m 200 /js/jquery.cookietools.js
[36m[phonegap][39m 200 /js/user_funcs.js
[36m[phonegap][39m 200 /js/jquery.mobile-1.3.0.min.js
[36m[phonegap][39m 200 /css/images/ajax-loader.gif
[36m[phonegap][39m 200 /css/images/icons-18-white.png
[36m[phonegap][39m 200 /socket.io/?EIO=2&transport=polling&t=1420276324758-2&sid=1ATsnKmh8Gg_EDu3AAAv
[36m[phonegap][39m 200 /index.html
[36m[phonegap][39m 200 /css/jquery.mobile-1.3.0.min.css
[36m[phonegap][39m 200 /js/jquery-1.8.2.min.js
[36m[phonegap][39m 200 /js/jquery.cookie.js
[36m[phonegap][39m 200 /js/jquery.cookietools.js
[36m[phonegap][39m 200 /js/jquery.mobile-1.3.0.min.js
[36m[phonegap][39m 200 /main.html
[36m[phonegap][39m 200 /css/jquery.mobile-1.3.0.min.css
[36m[phonegap][39m 200 /js/jquery.cookie.js
[36m[phonegap][39m 200 /js/jquery-1.8.2.min.js
[36m[phonegap][39m 200 /js/jquery.cookietools.js
[36m[phonegap][39m 200 /js/main_funcs.js
[36m[phonegap][39m 200 /js/jquery.mobile-1.3.0.min.js
[36m[phonegap][39m 200 /css/images/ajax-loader.gif
[36m[phonegap][39m 200 /css/images/icons-18-white.png
[36m[phonegap][39m 200 /socket.io/?EIO=2&transport=polling&t=1420276341914-2&sid=-9MrPzz_s2vF1tdTAAAw
[36m[phonegap][39m 200 /user.html
[36m[phonegap][39m 200 /js/jquery.cookie.js
[36m[phonegap][39m 200 /js/jquery.cookietools.js
[36m[phonegap][39m 200 /js/user_funcs.js
[36m[phonegap][39m 200 /css/jquery.mobile-1.3.0.min.css
[36m[phonegap][39m 200 /js/jquery-1.8.2.min.js
[36m[phonegap][39m 200 /js/jquery.mobile-1.3.0.min.js
[36m[phonegap][39m 200 /css/images/ajax-loader.gif
[36m[phonegap][39m 200 /css/images/icons-18-white.png
[36m[phonegap][39m 404 /favicon.ico
[36m[phonegap][39m 200 /socket.io/?EIO=2&transport=polling&t=1420276377789-2&sid=YwyqzEGydsGXvRsTAAAx
[36m[phonegap][39m 200 /user.html
[36m[phonegap][39m 200 /css/jquery.mobile-1.3.0.min.css
[36m[phonegap][39m 200 /js/jquery-1.8.2.min.js
[36m[phonegap][39m 200 /js/jquery.cookie.js
[36m[phonegap][39m 200 /js/jquery.cookietools.js
[36m[phonegap][39m 200 /js/user_funcs.js
[36m[phonegap][39m 200 /js/jquery.mobile-1.3.0.min.js
[36m[phonegap][39m 200 /css/images/ajax-loader.gif
[36m[phonegap][39m 200 /css/images/icons-18-white.png
[36m[phonegap][39m 404 /favicon.ico
[36m[phonegap][39m 200 /socket.io/?EIO=2&transport=polling&t=1420276381097-2&sid=okxnn4--ZoyYbQ9tAAAy
[36m[phonegap][39m 200 /index.html
[36m[phonegap][39m 200 /css/jquery.mobile-1.3.0.min.css
[36m[phonegap][39m 200 /js/jquery-1.8.2.min.js
[36m[phonegap][39m 200 /js/jquery.cookie.js
[36m[phonegap][39m 200 /js/jquery.cookietools.js
[36m[phonegap][39m 200 /js/jquery.mobile-1.3.0.min.js
[36m[phonegap][39m 404 /favicon.ico
[36m[phonegap][39m 200 /main.html
[36m[phonegap][39m 200 /css/jquery.mobile-1.3.0.min.css
[36m[phonegap][39m 200 /js/main_funcs.js
[36m[phonegap][39m 200 /js/jquery-1.8.2.min.js
[36m[phonegap][39m 200 /css/images/ajax-loader.gif
[36m[phonegap][39m 200 /css/images/icons-18-white.png
[36m[phonegap][39m 404 /favicon.ico
[36m[phonegap][39m 200 /socket.io/?EIO=2&transport=polling&t=1420276390259-2&sid=xxxY1fpK3y8_RHtNAAAz
[36m[phonegap][39m 200 /user.html
[36m[phonegap][39m 200 /js/jquery.cookie.js
[36m[phonegap][39m 200 /js/jquery.cookietools.js
[36m[phonegap][39m 200 /js/user_funcs.js
[36m[phonegap][39m 200 /js/jquery-1.8.2.min.js
[36m[phonegap][39m 200 /css/jquery.mobile-1.3.0.min.css
[36m[phonegap][39m 200 /js/jquery.mobile-1.3.0.min.js
[36m[phonegap][39m 200 /css/images/ajax-loader.gif
[36m[phonegap][39m 200 /css/images/icons-18-white.png
[36m[phonegap][39m 200 /socket.io/?EIO=2&transport=polling&t=1420276878679-2&sid=MtGqM1HZ_RKcwMHZAAA0
[36m[phonegap][39m 200 /index.html
[36m[phonegap][39m 200 /js/jquery-1.8.2.min.js
[36m[phonegap][39m 200 /js/jquery.cookie.js
[36m[phonegap][39m 200 /js/jquery.cookietools.js
[36m[phonegap][39m 200 /css/jquery.mobile-1.3.0.min.css
[36m[phonegap][39m 200 /js/jquery.mobile-1.3.0.min.js
[36m[phonegap][39m 200 /main.html
[36m[phonegap][39m 200 /js/jquery-1.8.2.min.js
[36m[phonegap][39m 200 /js/jquery.cookie.js
[36m[phonegap][39m 200 /js/jquery.cookietools.js
[36m[phonegap][39m 200 /js/main_funcs.js
[36m[phonegap][39m 200 /css/jquery.mobile-1.3.0.min.css
[36m[phonegap][39m 200 /js/jquery.mobile-1.3.0.min.js
[36m[phonegap][39m 200 /css/images/ajax-loader.gif
[36m[phonegap][39m 200 /css/images/icons-18-white.png
[36m[phonegap][39m 200 /socket.io/?EIO=2&transport=polling&t=1420276894392-2&sid=lHXA0s6hFxQnc5YgAAA1
[36m[phonegap][39m 200 /user.html
[36m[phonegap][39m 200 /js/jquery-1.8.2.min.js
[36m[phonegap][39m 200 /js/jquery.cookie.js
[36m[phonegap][39m 200 /js/jquery.cookietools.js
[36m[phonegap][39m 200 /js/user_funcs.js
[36m[phonegap][39m 200 /css/jquery.mobile-1.3.0.min.css
[36m[phonegap][39m 200 /js/jquery.mobile-1.3.0.min.js
[36m[phonegap][39m 200 /css/images/ajax-loader.gif
[36m[phonegap][39m 200 /css/images/icons-18-white.png
[36m[phonegap][39m 200 /socket.io/?EIO=2&transport=polling&t=1420276906470-2&sid=wPbcYPAn-bS493S6AAA2
[36m[phonegap][39m 200 /index.html
[36m[phonegap][39m 200 /js/jquery.cookie.js
[36m[phonegap][39m 200 /css/jquery.mobile-1.3.0.min.css
[36m[phonegap][39m 200 /js/jquery.cookietools.js
[36m[phonegap][39m 200 /js/jquery.mobile-1.3.0.min.js
[36m[phonegap][39m 200 /js/jquery-1.8.2.min.js
[36m[phonegap][39m 200 /main.html
[36m[phonegap][39m 200 /js/jquery-1.8.2.min.js
[36m[phonegap][39m 200 /js/jquery.cookie.js
[36m[phonegap][39m 200 /js/jquery.cookietools.js
[36m[phonegap][39m 200 /js/main_funcs.js
[36m[phonegap][39m 200 /css/jquery.mobile-1.3.0.min.css
[36m[phonegap][39m 200 /js/jquery.mobile-1.3.0.min.js
[36m[phonegap][39m 200 /css/images/ajax-loader.gif
[36m[phonegap][39m 200 /css/images/icons-18-white.png
[36m[phonegap][39m 200 /socket.io/?EIO=2&transport=polling&t=1420276930053-2&sid=_a5d-Y6hIGrEL9ltAAA3
[36m[phonegap][39m 200 /main.html
[36m[phonegap][39m 200 /js/jquery.cookie.js
[36m[phonegap][39m 200 /js/jquery.cookietools.js
[36m[phonegap][39m 200 /js/main_funcs.js
[36m[phonegap][39m 200 /css/jquery.mobile-1.3.0.min.css
[36m[phonegap][39m 200 /js/jquery-1.8.2.min.js
[36m[phonegap][39m 200 /js/jquery.mobile-1.3.0.min.js
[36m[phonegap][39m 200 /css/images/ajax-loader.gif
[36m[phonegap][39m 200 /css/images/icons-18-white.png
[36m[phonegap][39m 404 /favicon.ico
[36m[phonegap][39m 200 /socket.io/?EIO=2&transport=polling&t=1420276964225-2&sid=s47X5PGTaVORlau7AAA4
[36m[phonegap][39m 200 /user.html
[36m[phonegap][39m 200 /css/jquery.mobile-1.3.0.min.css
[36m[phonegap][39m 200 /js/jquery-1.8.2.min.js
[36m[phonegap][39m 200 /js/jquery.cookie.js
[36m[phonegap][39m 200 /js/jquery.cookietools.js
[36m[phonegap][39m 200 /js/user_funcs.js
[36m[phonegap][39m 200 /js/jquery.mobile-1.3.0.min.js
[36m[phonegap][39m 200 /css/images/ajax-loader.gif
[36m[phonegap][39m 200 /css/images/icons-18-white.png
[36m[phonegap][39m 404 /favicon.ico
[36m[phonegap][39m 200 /socket.io/?EIO=2&transport=polling&t=1420276969260-2&sid=FOT-5XMUxtXXyuHkAAA5
[36m[phonegap][39m 200 /index.html
[36m[phonegap][39m 200 /css/jquery.mobile-1.3.0.min.css
[36m[phonegap][39m 200 /js/jquery-1.8.2.min.js
[36m[phonegap][39m 200 /js/jquery.cookie.js
[36m[phonegap][39m 200 /js/jquery.cookietools.js
[36m[phonegap][39m 200 /js/jquery.mobile-1.3.0.min.js
[36m[phonegap][39m 404 /favicon.ico
[36m[phonegap][39m 200 /main.html
[36m[phonegap][39m 200 /js/main_funcs.js
[36m[phonegap][39m 200 /js/jquery-1.8.2.min.js
[36m[phonegap][39m 200 /css/jquery.mobile-1.3.0.min.css
[36m[phonegap][39m 200 /css/images/ajax-loader.gif
[36m[phonegap][39m 200 /css/images/icons-18-white.png
[36m[phonegap][39m 404 /favicon.ico
[36m[phonegap][39m 200 /socket.io/?EIO=2&transport=polling&t=1420276985373-2&sid=fn4_FkezHNKCkybgAAA6
[36m[phonegap][39m 200 /user.html
[36m[phonegap][39m 200 /css/jquery.mobile-1.3.0.min.css
[36m[phonegap][39m 200 /js/jquery.cookie.js
[36m[phonegap][39m 200 /js/jquery.cookietools.js
[36m[phonegap][39m 200 /js/user_funcs.js
[36m[phonegap][39m 200 /js/jquery-1.8.2.min.js
[36m[phonegap][39m 200 /js/jquery.mobile-1.3.0.min.js
[36m[phonegap][39m 200 /css/images/ajax-loader.gif
[36m[phonegap][39m 200 /css/images/icons-18-white.png
[36m[phonegap][39m 200 /socket.io/?EIO=2&transport=polling&t=1420277298089-2&sid=Ko_mNWqn68t02_5zAAA7
[36m[phonegap][39m 200 /index.html
[36m[phonegap][39m 200 /css/jquery.mobile-1.3.0.min.css
[36m[phonegap][39m 200 /js/jquery-1.8.2.min.js
[36m[phonegap][39m 200 /js/jquery.cookie.js
[36m[phonegap][39m 200 /js/jquery.cookietools.js
[36m[phonegap][39m 200 /js/jquery.mobile-1.3.0.min.js
[36m[phonegap][39m 200 /main.html
[36m[phonegap][39m 200 /css/jquery.mobile-1.3.0.min.css
[36m[phonegap][39m 200 /js/jquery-1.8.2.min.js
[36m[phonegap][39m 200 /js/jquery.cookie.js
[36m[phonegap][39m 200 /js/jquery.cookietools.js
[36m[phonegap][39m 200 /js/main_funcs.js
[36m[phonegap][39m 200 /js/jquery.mobile-1.3.0.min.js
[36m[phonegap][39m 200 /css/images/ajax-loader.gif
[36m[phonegap][39m 200 /css/images/icons-18-white.png
[36m[phonegap][39m 200 /socket.io/?EIO=2&transport=polling&t=1420277307826-2&sid=2csfczDfLfqsZIGSAAA8
[36m[phonegap][39m 200 /main.html
[36m[phonegap][39m 200 /css/jquery.mobile-1.3.0.min.css
[36m[phonegap][39m 200 /js/jquery.cookie.js
[36m[phonegap][39m 200 /js/main_funcs.js
[36m[phonegap][39m 200 /js/jquery.cookietools.js
[36m[phonegap][39m 200 /js/jquery-1.8.2.min.js
[36m[phonegap][39m 200 /js/jquery.mobile-1.3.0.min.js
[36m[phonegap][39m 200 /css/images/ajax-loader.gif
[36m[phonegap][39m 404 /css/images/icons-36-white.png
[36m[phonegap][39m 404 /favicon.ico
[36m[phonegap][39m 200 /
[36m[phonegap][39m 200 /js/jquery-1.8.2.min.js
[36m[phonegap][39m 200 /js/jquery.cookietools.js
[36m[phonegap][39m 200 /js/jquery.cookie.js
[36m[phonegap][39m 200 /css/jquery.mobile-1.3.0.min.css
[36m[phonegap][39m 200 /js/jquery.mobile-1.3.0.min.js
[36m[phonegap][39m 200 /user.html
[36m[phonegap][39m 200 /js/user_funcs.js
[36m[phonegap][39m 200 /css/jquery.mobile-1.3.0.min.css
[36m[phonegap][39m 200 /js/jquery-1.8.2.min.js
[36m[phonegap][39m 404 /css/images/icons-36-white.png
[36m[phonegap][39m 200 /css/images/ajax-loader.gif
[36m[phonegap][39m 200 /index.html
[36m[phonegap][39m 200 /js/jquery.cookie.js
[36m[phonegap][39m 200 /js/jquery.cookietools.js
[36m[phonegap][39m 200 /css/jquery.mobile-1.3.0.min.css
[36m[phonegap][39m 200 /js/jquery-1.8.2.min.js
[36m[phonegap][39m 200 /js/jquery.mobile-1.3.0.min.js
[36m[phonegap][39m 200 /main.html
[36m[phonegap][39m 200 /js/main_funcs.js
[36m[phonegap][39m 200 /js/jquery-1.8.2.min.js
[36m[phonegap][39m 200 /css/jquery.mobile-1.3.0.min.css
[36m[phonegap][39m 200 /css/images/ajax-loader.gif
[36m[phonegap][39m 404 /css/images/icons-36-white.png
[36m[phonegap][39m 200 /socket.io/?EIO=2&transport=polling&t=1420277690689-2&sid=B6QjzJBPp6bZlOL5AAA_
[36m[phonegap][39m 200 /main.html
[36m[phonegap][39m 200 /js/jquery.cookie.js
[36m[phonegap][39m 200 /js/jquery.cookietools.js
[36m[phonegap][39m 200 /js/main_funcs.js
[36m[phonegap][39m 200 /css/jquery.mobile-1.3.0.min.css
[36m[phonegap][39m 200 /js/jquery-1.8.2.min.js
[36m[phonegap][39m 200 /js/jquery.mobile-1.3.0.min.js
[36m[phonegap][39m 200 /css/images/ajax-loader.gif
[36m[phonegap][39m 200 /css/images/icons-18-white.png
[36m[phonegap][39m 404 /favicon.ico
[36m[phonegap][39m 200 /socket.io/?EIO=2&transport=polling&t=1420280331060-2&sid=Y0Qf859dCFM6_erTAABA
[36m[phonegap][39m 404 /favicon.ico
[36m[phonegap][39m 200 /main.html
[36m[phonegap][39m 200 /js/jquery.cookie.js
[36m[phonegap][39m 200 /js/jquery.cookietools.js
[36m[phonegap][39m 200 /js/main_funcs.js
[36m[phonegap][39m 200 /css/jquery.mobile-1.3.0.min.css
[36m[phonegap][39m 200 /js/jquery-1.8.2.min.js
[36m[phonegap][39m 200 /js/jquery.mobile-1.3.0.min.js
[36m[phonegap][39m 200 /css/images/ajax-loader.gif
[36m[phonegap][39m 200 /css/images/icons-18-white.png
[36m[phonegap][39m 200 /socket.io/?EIO=2&transport=polling&t=1420281682089-2&sid=7S8eekKTh-WU-lixAABB
[36m[phonegap][39m 200 /main.html
[36m[phonegap][39m 200 /css/jquery.mobile-1.3.0.min.css
[36m[phonegap][39m 200 /js/jquery-1.8.2.min.js
[36m[phonegap][39m 200 /js/jquery.cookie.js
[36m[phonegap][39m 200 /js/jquery.cookietools.js
[36m[phonegap][39m 200 /js/main_funcs.js
[36m[phonegap][39m 200 /js/jquery.mobile-1.3.0.min.js
[36m[phonegap][39m 200 /css/images/ajax-loader.gif
[36m[phonegap][39m 200 /css/images/icons-18-white.png
[36m[phonegap][39m 200 /socket.io/?EIO=2&transport=polling&t=1420281691677-2&sid=ZomB34gJxttflZ3wAABC
[36m[phonegap][39m 200 /main.html
[36m[phonegap][39m 200 /css/jquery.mobile-1.3.0.min.css
[36m[phonegap][39m 200 /js/jquery.cookie.js
[36m[phonegap][39m 200 /js/jquery.cookietools.js
[36m[phonegap][39m 200 /js/main_funcs.js
[36m[phonegap][39m 200 /js/jquery-1.8.2.min.js
[36m[phonegap][39m 200 /js/jquery.mobile-1.3.0.min.js
[36m[phonegap][39m 200 /css/images/ajax-loader.gif
[36m[phonegap][39m 200 /css/images/icons-18-white.png
[36m[phonegap][39m 404 /letterheader.png
[36m[phonegap][39m 200 /socket.io/?EIO=2&transport=polling&t=1420281935067-2&sid=1mPzNxGRlqkmKZGoAABD
[36m[phonegap][39m 200 /main.html
[36m[phonegap][39m 200 /css/jquery.mobile-1.3.0.min.css
[36m[phonegap][39m 200 /js/jquery-1.8.2.min.js
[36m[phonegap][39m 200 /js/jquery.cookie.js
[36m[phonegap][39m 200 /js/jquery.cookietools.js
[36m[phonegap][39m 200 /js/main_funcs.js
[36m[phonegap][39m 200 /js/jquery.mobile-1.3.0.min.js
[36m[phonegap][39m 200 /css/images/icons-18-white.png
[36m[phonegap][39m 200 /css/images/ajax-loader.gif
[36m[phonegap][39m 200 /socket.io/?EIO=2&transport=polling&t=1420282004805-2&sid=dMSy_BIRASKGHFkZAABE
[36m[phonegap][39m 200 /main.html
[36m[phonegap][39m 200 /css/jquery.mobile-1.3.0.min.css
[36m[phonegap][39m 200 /js/jquery-1.8.2.min.js
[36m[phonegap][39m 200 /js/jquery.cookie.js
[36m[phonegap][39m 200 /js/jquery.cookietools.js
[36m[phonegap][39m 200 /js/main_funcs.js
[36m[phonegap][39m 200 /js/jquery.mobile-1.3.0.min.js
[36m[phonegap][39m 200 /css/images/ajax-loader.gif
[36m[phonegap][39m 200 /css/images/icons-18-white.png
[36m[phonegap][39m 200 /socket.io/?EIO=2&transport=polling&t=1420282059024-2&sid=WvplzC_2nBxIIUBPAABF
[36m[phonegap][39m 200 /main.html
[36m[phonegap][39m 200 /css/jquery.mobile-1.3.0.min.css
[36m[phonegap][39m 200 /js/jquery-1.8.2.min.js
[36m[phonegap][39m 200 /js/jquery.cookie.js
[36m[phonegap][39m 200 /js/jquery.cookietools.js
[36m[phonegap][39m 200 /js/main_funcs.js
[36m[phonegap][39m 200 /js/jquery.mobile-1.3.0.min.js
[36m[phonegap][39m 200 /css/images/ajax-loader.gif
[36m[phonegap][39m 200 /css/images/icons-18-white.png
[36m[phonegap][39m 200 /socket.io/?EIO=2&transport=polling&t=1420282120834-2&sid=40YcUxCMP0bijeRcAABG
[36m[phonegap][39m 200 /main.html
[36m[phonegap][39m 200 /css/jquery.mobile-1.3.0.min.css
[36m[phonegap][39m 200 /js/jquery-1.8.2.min.js
[36m[phonegap][39m 200 /js/jquery.cookie.js
[36m[phonegap][39m 200 /js/jquery.cookietools.js
[36m[phonegap][39m 200 /js/main_funcs.js
[36m[phonegap][39m 200 /js/jquery.mobile-1.3.0.min.js
[36m[phonegap][39m 200 /css/images/ajax-loader.gif
[36m[phonegap][39m 200 /css/images/icons-18-white.png
[36m[phonegap][39m 200 /socket.io/?EIO=2&transport=polling&t=1420282138695-2&sid=0k7yig8BtWKU0iRRAABH
[36m[phonegap][39m 200 /main.html
[36m[phonegap][39m 200 /css/jquery.mobile-1.3.0.min.css
[36m[phonegap][39m 200 /js/jquery-1.8.2.min.js
[36m[phonegap][39m 200 /js/jquery.cookie.js
[36m[phonegap][39m 200 /js/jquery.cookietools.js
[36m[phonegap][39m 200 /js/main_funcs.js
[36m[phonegap][39m 200 /js/jquery.mobile-1.3.0.min.js
[36m[phonegap][39m 200 /css/images/ajax-loader.gif
[36m[phonegap][39m 200 /css/images/icons-18-white.png
[36m[phonegap][39m 200 /socket.io/?EIO=2&transport=polling&t=1420282238157-2&sid=rZPQDF_ev4L-SehVAABI
[36m[phonegap][39m 200 /main.html
[36m[phonegap][39m 200 /js/jquery.cookie.js
[36m[phonegap][39m 200 /js/jquery.cookietools.js
[36m[phonegap][39m 200 /css/jquery.mobile-1.3.0.min.css
[36m[phonegap][39m 200 /js/main_funcs.js
[36m[phonegap][39m 200 /js/jquery-1.8.2.min.js
[36m[phonegap][39m 200 /js/jquery.mobile-1.3.0.min.js
[36m[phonegap][39m 200 /css/images/ajax-loader.gif
[36m[phonegap][39m 200 /css/images/icons-18-white.png
[36m[phonegap][39m 200 /socket.io/?EIO=2&transport=polling&t=1420282383681-2&sid=ZBWTEGlISoXjD3KxAABJ
[36m[phonegap][39m 200 /main.html
[36m[phonegap][39m 200 /js/jquery.cookie.js
[36m[phonegap][39m 200 /js/jquery.cookietools.js
[36m[phonegap][39m 200 /css/jquery.mobile-1.3.0.min.css
[36m[phonegap][39m 200 /js/main_funcs.js
[36m[phonegap][39m 200 /js/jquery-1.8.2.min.js
[36m[phonegap][39m 200 /js/jquery.mobile-1.3.0.min.js
[36m[phonegap][39m 200 /css/images/ajax-loader.gif
[36m[phonegap][39m 200 /css/images/icons-18-white.png
[36m[phonegap][39m 200 /socket.io/?EIO=2&transport=polling&t=1420282641629-2&sid=il9IzsxMPLieLDhbAABK
[36m[phonegap][39m 200 /main.html
[36m[phonegap][39m 200 /css/jquery.mobile-1.3.0.min.css
[36m[phonegap][39m 200 /js/jquery-1.8.2.min.js
[36m[phonegap][39m 200 /js/jquery.cookie.js
[36m[phonegap][39m 200 /js/jquery.cookietools.js
[36m[phonegap][39m 200 /js/main_funcs.js
[36m[phonegap][39m 200 /js/jquery.mobile-1.3.0.min.js
[36m[phonegap][39m 200 /css/images/ajax-loader.gif
[36m[phonegap][39m 200 /css/images/icons-18-white.png
[36m[phonegap][39m 200 /socket.io/?EIO=2&transport=polling&t=1420282670748-2&sid=-EhBazaQQ_oqk2dxAABL
[36m[phonegap][39m 200 /main.html
[36m[phonegap][39m 200 /css/jquery.mobile-1.3.0.min.css
[36m[phonegap][39m 200 /js/jquery-1.8.2.min.js
[36m[phonegap][39m 200 /js/jquery.cookie.js
[36m[phonegap][39m 200 /js/jquery.cookietools.js
[36m[phonegap][39m 200 /js/main_funcs.js
[36m[phonegap][39m 200 /js/jquery.mobile-1.3.0.min.js
[36m[phonegap][39m 200 /css/images/ajax-loader.gif
[36m[phonegap][39m 200 /css/images/icons-18-white.png
[36m[phonegap][39m 200 /socket.io/?EIO=2&transport=polling&t=1420282694015-2&sid=qh264XqOk8J_nbuWAABM
[36m[phonegap][39m 200 /main.html
[36m[phonegap][39m 200 /css/jquery.mobile-1.3.0.min.css
[36m[phonegap][39m 200 /js/jquery-1.8.2.min.js
[36m[phonegap][39m 200 /js/jquery.cookie.js
[36m[phonegap][39m 200 /js/main_funcs.js
[36m[phonegap][39m 200 /js/jquery.cookietools.js
[36m[phonegap][39m 200 /js/jquery.mobile-1.3.0.min.js
[36m[phonegap][39m 200 /css/images/ajax-loader.gif
[36m[phonegap][39m 200 /css/images/icons-18-white.png
[36m[phonegap][39m 200 /socket.io/?EIO=2&transport=polling&t=1420282734092-2&sid=Im3nbAStNmL_0C6PAABN
[36m[phonegap][39m 200 /main.html
[36m[phonegap][39m 200 /css/jquery.mobile-1.3.0.min.css
[36m[phonegap][39m 200 /js/jquery-1.8.2.min.js
[36m[phonegap][39m 200 /js/jquery.cookie.js
[36m[phonegap][39m 200 /js/jquery.cookietools.js
[36m[phonegap][39m 200 /js/main_funcs.js
[36m[phonegap][39m 200 /js/jquery.mobile-1.3.0.min.js
[36m[phonegap][39m 200 /css/images/ajax-loader.gif
[36m[phonegap][39m 200 /css/images/icons-18-white.png
[36m[phonegap][39m 200 /socket.io/?EIO=2&transport=polling&t=1420282811219-2&sid=S8i-V4EeMIYy19XZAABO
[36m[phonegap][39m 200 /main.html
[36m[phonegap][39m 200 /css/jquery.mobile-1.3.0.min.css
[36m[phonegap][39m 200 /js/jquery-1.8.2.min.js
[36m[phonegap][39m 200 /js/jquery.cookie.js
[36m[phonegap][39m 200 /js/jquery.cookietools.js
[36m[phonegap][39m 200 /js/main_funcs.js
[36m[phonegap][39m 200 /js/jquery.mobile-1.3.0.min.js
[36m[phonegap][39m 200 /css/images/ajax-loader.gif
[36m[phonegap][39m 200 /css/images/icons-18-white.png
[36m[phonegap][39m 200 /socket.io/?EIO=2&transport=polling&t=1420282922601-2&sid=gN6xP4hLcvEKm0ufAABP
[36m[phonegap][39m 200 /main.html
[36m[phonegap][39m 200 /css/jquery.mobile-1.3.0.min.css
[36m[phonegap][39m 200 /js/jquery.cookie.js
[36m[phonegap][39m 200 /js/jquery-1.8.2.min.js
[36m[phonegap][39m 200 /js/jquery.mobile-1.3.0.min.js
[36m[phonegap][39m 200 /js/jquery.cookietools.js
[36m[phonegap][39m 200 /js/main_funcs.js
[36m[phonegap][39m 200 /css/images/ajax-loader.gif
[36m[phonegap][39m 200 /css/images/icons-18-white.png
[36m[phonegap][39m 200 /socket.io/?EIO=2&transport=polling&t=1420282947369-2&sid=kawj2uBlJxvdM2siAABQ
[36m[phonegap][39m 200 /main.html
[36m[phonegap][39m 200 /js/jquery.cookie.js
[36m[phonegap][39m 200 /js/jquery.cookietools.js
[36m[phonegap][39m 200 /js/main_funcs.js
[36m[phonegap][39m 200 /css/jquery.mobile-1.3.0.min.css
[36m[phonegap][39m 200 /js/jquery-1.8.2.min.js
[36m[phonegap][39m 200 /js/jquery.mobile-1.3.0.min.js
[36m[phonegap][39m 200 /css/images/ajax-loader.gif
[36m[phonegap][39m 200 /css/images/icons-18-white.png
[36m[phonegap][39m 200 /socket.io/?EIO=2&transport=polling&t=1420283098116-2&sid=p5E-x0FWqKsSSH1wAABR
[36m[phonegap][39m 200 /main.html
[36m[phonegap][39m 200 /css/jquery.mobile-1.3.0.min.css
[36m[phonegap][39m 200 /js/jquery-1.8.2.min.js
[36m[phonegap][39m 200 /js/jquery.cookie.js
[36m[phonegap][39m 200 /js/jquery.cookietools.js
[36m[phonegap][39m 200 /js/main_funcs.js
[36m[phonegap][39m 200 /js/jquery.mobile-1.3.0.min.js
[36m[phonegap][39m 200 /css/images/ajax-loader.gif
[36m[phonegap][39m 200 /css/images/icons-18-white.png
[36m[phonegap][39m 200 /socket.io/?EIO=2&transport=polling&t=1420283190076-2&sid=fvsWbi7302hvPSOuAABS
[36m[phonegap][39m 200 /main.html
[36m[phonegap][39m 200 /css/jquery.mobile-1.3.0.min.css
[36m[phonegap][39m 200 /js/jquery-1.8.2.min.js
[36m[phonegap][39m 200 /js/jquery.cookie.js
[36m[phonegap][39m 200 /js/jquery.cookietools.js
[36m[phonegap][39m 200 /js/main_funcs.js
[36m[phonegap][39m 200 /js/jquery.mobile-1.3.0.min.js
[36m[phonegap][39m 200 /css/images/ajax-loader.gif
[36m[phonegap][39m 200 /css/images/icons-18-white.png
[36m[phonegap][39m 200 /socket.io/?EIO=2&transport=polling&t=1420283215063-2&sid=715Kyte-MtZsoqx9AABT
[36m[phonegap][39m 200 /main.html
[36m[phonegap][39m 200 /css/jquery.mobile-1.3.0.min.css
[36m[phonegap][39m 200 /js/jquery-1.8.2.min.js
[36m[phonegap][39m 200 /js/jquery.cookie.js
[36m[phonegap][39m 200 /js/jquery.cookietools.js
[36m[phonegap][39m 200 /js/main_funcs.js
[36m[phonegap][39m 200 /js/jquery.mobile-1.3.0.min.js
[36m[phonegap][39m 200 /css/images/ajax-loader.gif
[36m[phonegap][39m 200 /css/images/icons-18-white.png
[36m[phonegap][39m 200 /socket.io/?EIO=2&transport=polling&t=1420283235702-2&sid=d7Qg9W9MMUarWE64AABU
[36m[phonegap][39m 200 /main.html
[36m[phonegap][39m 200 /css/jquery.mobile-1.3.0.min.css
[36m[phonegap][39m 200 /js/jquery-1.8.2.min.js
[36m[phonegap][39m 200 /js/jquery.cookie.js
[36m[phonegap][39m 200 /js/jquery.cookietools.js
[36m[phonegap][39m 200 /js/main_funcs.js
[36m[phonegap][39m 200 /js/jquery.mobile-1.3.0.min.js
[36m[phonegap][39m 200 /css/images/ajax-loader.gif
[36m[phonegap][39m 200 /css/images/icons-18-white.png
[36m[phonegap][39m 200 /socket.io/?EIO=2&transport=polling&t=1420283265367-2&sid=rshxfSzCmgQEPZxzAABV
[36m[phonegap][39m 200 /main.html
[36m[phonegap][39m 200 /css/jquery.mobile-1.3.0.min.css
[36m[phonegap][39m 200 /js/jquery-1.8.2.min.js
[36m[phonegap][39m 200 /js/jquery.cookie.js
[36m[phonegap][39m 200 /js/jquery.cookietools.js
[36m[phonegap][39m 200 /js/main_funcs.js
[36m[phonegap][39m 200 /js/jquery.mobile-1.3.0.min.js
[36m[phonegap][39m 200 /css/images/ajax-loader.gif
[36m[phonegap][39m 200 /css/images/icons-18-white.png
[36m[phonegap][39m 200 /socket.io/?EIO=2&transport=polling&t=1420283292207-2&sid=F1PebV_tDPHmMlHFAABW
[36m[phonegap][39m 200 /main.html
[36m[phonegap][39m 200 /js/jquery.cookie.js
[36m[phonegap][39m 200 /css/jquery.mobile-1.3.0.min.css
[36m[phonegap][39m 200 /js/jquery.cookietools.js
[36m[phonegap][39m 200 /js/main_funcs.js
[36m[phonegap][39m 200 /js/jquery-1.8.2.min.js
[36m[phonegap][39m 200 /js/jquery.mobile-1.3.0.min.js
[36m[phonegap][39m 200 /css/images/ajax-loader.gif
[36m[phonegap][39m 200 /css/images/icons-18-white.png
[36m[phonegap][39m 200 /socket.io/?EIO=2&transport=polling&t=1420283938574-2&sid=Lc5UbUxBpB1DjLVgAABX
[36m[phonegap][39m 200 /main.html
[36m[phonegap][39m 200 /css/jquery.mobile-1.3.0.min.css
[36m[phonegap][39m 200 /js/jquery-1.8.2.min.js
[36m[phonegap][39m 200 /js/jquery.cookie.js
[36m[phonegap][39m 200 /js/jquery.cookietools.js
[36m[phonegap][39m 200 /js/main_funcs.js
[36m[phonegap][39m 200 /js/jquery.mobile-1.3.0.min.js
[36m[phonegap][39m 200 /css/images/ajax-loader.gif
[36m[phonegap][39m 200 /css/images/icons-18-white.png
[36m[phonegap][39m 200 /socket.io/?EIO=2&transport=polling&t=1420283991149-2&sid=ul6F-hP0ETnG4ABeAABY
[36m[phonegap][39m 200 /main.html
[36m[phonegap][39m 200 /css/jquery.mobile-1.3.0.min.css
[36m[phonegap][39m 200 /js/jquery-1.8.2.min.js
[36m[phonegap][39m 200 /js/jquery.cookie.js
[36m[phonegap][39m 200 /js/jquery.cookietools.js
[36m[phonegap][39m 200 /js/main_funcs.js
[36m[phonegap][39m 200 /js/jquery.mobile-1.3.0.min.js
[36m[phonegap][39m 200 /css/images/ajax-loader.gif
[36m[phonegap][39m 200 /css/images/icons-18-white.png
[36m[phonegap][39m 200 /socket.io/?EIO=2&transport=polling&t=1420284024158-2&sid=4cPTEqOlFGaQQJdHAABZ
[36m[phonegap][39m 200 /main.html
[36m[phonegap][39m 200 /css/jquery.mobile-1.3.0.min.css
[36m[phonegap][39m 200 /js/jquery-1.8.2.min.js
[36m[phonegap][39m 200 /js/jquery.cookie.js
[36m[phonegap][39m 200 /js/jquery.cookietools.js
[36m[phonegap][39m 200 /js/main_funcs.js
[36m[phonegap][39m 200 /js/jquery.mobile-1.3.0.min.js
[36m[phonegap][39m 200 /css/images/ajax-loader.gif
[36m[phonegap][39m 200 /css/images/icons-18-white.png
[36m[phonegap][39m 200 /socket.io/?EIO=2&transport=polling&t=1420284069421-2&sid=zmReLZDlFsl4HVpCAABa
[36m[phonegap][39m 200 /main.html
[36m[phonegap][39m 200 /css/jquery.mobile-1.3.0.min.css
[36m[phonegap][39m 200 /js/jquery.cookie.js
[36m[phonegap][39m 200 /js/jquery-1.8.2.min.js
[36m[phonegap][39m 200 /js/jquery.cookietools.js
[36m[phonegap][39m 200 /js/main_funcs.js
[36m[phonegap][39m 200 /js/jquery.mobile-1.3.0.min.js
[36m[phonegap][39m 200 /css/images/ajax-loader.gif
[36m[phonegap][39m 200 /css/images/icons-18-white.png
[36m[phonegap][39m 200 /socket.io/?EIO=2&transport=polling&t=1420284156544-2&sid=9ZvsA3U34sZq6P4BAABb
[36m[phonegap][39m 200 /main.html
[36m[phonegap][39m 200 /js/jquery.cookie.js
[36m[phonegap][39m 200 /js/jquery.cookietools.js
[36m[phonegap][39m 200 /css/jquery.mobile-1.3.0.min.css
[36m[phonegap][39m 200 /js/main_funcs.js
[36m[phonegap][39m 200 /js/jquery-1.8.2.min.js
[36m[phonegap][39m 200 /js/jquery.mobile-1.3.0.min.js
[36m[phonegap][39m 200 /css/images/ajax-loader.gif
[36m[phonegap][39m 200 /css/images/icons-18-white.png
[36m[phonegap][39m 200 /socket.io/?EIO=2&transport=polling&t=1420284285008-2&sid=Zchm9jylBWTLsnxLAABc
[36m[phonegap][39m 200 /main.html
[36m[phonegap][39m 200 /css/jquery.mobile-1.3.0.min.css
[36m[phonegap][39m 200 /js/jquery.cookie.js
[36m[phonegap][39m 200 /js/jquery.cookietools.js
[36m[phonegap][39m 200 /js/main_funcs.js
[36m[phonegap][39m 200 /js/jquery-1.8.2.min.js
[36m[phonegap][39m 200 /js/jquery.mobile-1.3.0.min.js
[36m[phonegap][39m 200 /css/images/ajax-loader.gif
[36m[phonegap][39m 200 /css/images/icons-18-white.png
[36m[phonegap][39m 200 /socket.io/?EIO=2&transport=polling&t=1420284444642-2&sid=arnI3b8ax93me0HrAABd
[36m[phonegap][39m 200 /main.html
[36m[phonegap][39m 200 /css/jquery.mobile-1.3.0.min.css
[36m[phonegap][39m 200 /js/jquery-1.8.2.min.js
[36m[phonegap][39m 200 /js/jquery.cookie.js
[36m[phonegap][39m 200 /js/jquery.cookietools.js
[36m[phonegap][39m 200 /js/main_funcs.js
[36m[phonegap][39m 200 /js/jquery.mobile-1.3.0.min.js
[36m[phonegap][39m 200 /css/images/ajax-loader.gif
[36m[phonegap][39m 200 /css/images/icons-18-white.png
[36m[phonegap][39m 200 /socket.io/?EIO=2&transport=polling&t=1420284509195-2&sid=NFmsJpc-GIxBQCQBAABe
[36m[phonegap][39m 200 /index.html?id=3
[36m[phonegap][39m 200 /socket.io/?EIO=2&transport=polling&t=1420284512540-2&sid=tDGCmNn4cdxzKsbzAABf
[36m[phonegap][39m 200 /index.html?id=0
[36m[phonegap][39m 200 /socket.io/?EIO=2&transport=polling&t=1420284513736-2&sid=zePEqoTHAv5l0xOCAABg
[36m[phonegap][39m 200 /index.html?id=3
[36m[phonegap][39m 200 /socket.io/?EIO=2&transport=polling&t=1420284519642-2&sid=YEfOIc7B62DDuQXhAABh
[36m[phonegap][39m 200 /index.html?id=0
[36m[phonegap][39m 200 /socket.io/?EIO=2&transport=polling&t=1420284635277-2&sid=eiGIn77T5ZCat8bDAABi
[36m[phonegap][39m 200 /main.html
[36m[phonegap][39m 200 /css/jquery.mobile-1.3.0.min.css
[36m[phonegap][39m 200 /js/jquery-1.8.2.min.js
[36m[phonegap][39m 200 /js/jquery.cookie.js
[36m[phonegap][39m 200 /js/jquery.cookietools.js
[36m[phonegap][39m 200 /js/main_funcs.js
[36m[phonegap][39m 200 /js/jquery.mobile-1.3.0.min.js
[36m[phonegap][39m 200 /css/images/ajax-loader.gif
[36m[phonegap][39m 200 /css/images/icons-18-white.png
[36m[phonegap][39m 200 /socket.io/?EIO=2&transport=polling&t=1420284643376-2&sid=AEgPKk2tALtm72AbAABj
[36m[phonegap][39m 200 /main.html
[36m[phonegap][39m 200 /css/jquery.mobile-1.3.0.min.css
[36m[phonegap][39m 200 /js/jquery.cookie.js
[36m[phonegap][39m 200 /js/jquery.cookietools.js
[36m[phonegap][39m 200 /js/main_funcs.js
[36m[phonegap][39m 200 /js/jquery-1.8.2.min.js
[36m[phonegap][39m 200 /js/jquery.mobile-1.3.0.min.js
[36m[phonegap][39m 200 /css/images/ajax-loader.gif
[36m[phonegap][39m 200 /css/images/icons-18-white.png
[36m[phonegap][39m 200 /socket.io/?EIO=2&transport=polling&t=1420285563295-2&sid=QKiXdiNN08EvpxdgAABk
[36m[phonegap][39m 200 /main.html
[36m[phonegap][39m 200 /css/jquery.mobile-1.3.0.min.css
[36m[phonegap][39m 200 /js/jquery-1.8.2.min.js
[36m[phonegap][39m 200 /js/jquery.cookie.js
[36m[phonegap][39m 200 /js/jquery.cookietools.js
[36m[phonegap][39m 200 /js/main_funcs.js
[36m[phonegap][39m 200 /js/jquery.mobile-1.3.0.min.js
[36m[phonegap][39m 200 /css/images/ajax-loader.gif
[36m[phonegap][39m 200 /css/images/icons-18-white.png
[36m[phonegap][39m 200 /socket.io/?EIO=2&transport=polling&t=1420285582953-2&sid=0bnAwKiw40K3-G63AABl
[36m[phonegap][39m 200 /main.html
[36m[phonegap][39m 200 /css/jquery.mobile-1.3.0.min.css
[36m[phonegap][39m 200 /js/jquery-1.8.2.min.js
[36m[phonegap][39m 200 /js/jquery.cookietools.js
[36m[phonegap][39m 200 /js/main_funcs.js
[36m[phonegap][39m 200 /js/jquery.cookie.js
[36m[phonegap][39m 200 /js/jquery.mobile-1.3.0.min.js
[36m[phonegap][39m 200 /css/images/ajax-loader.gif
[36m[phonegap][39m 200 /css/images/icons-18-white.png
[36m[phonegap][39m 200 /socket.io/?EIO=2&transport=polling&t=1420285598617-2&sid=YvFf259hroM0IaHxAABm
[36m[phonegap][39m 200 /
[36m[phonegap][39m 200 /js/jquery.cookie.js
[36m[phonegap][39m 200 /js/jquery.cookietools.js
[36m[phonegap][39m 200 /css/jquery.mobile-1.3.0.min.css
[36m[phonegap][39m 200 /js/jquery-1.8.2.min.js
[36m[phonegap][39m 200 /js/jquery.mobile-1.3.0.min.js
[36m[phonegap][39m 200 /main.html
[36m[phonegap][39m 200 /js/jquery.cookie.js
[36m[phonegap][39m 200 /css/jquery.mobile-1.3.0.min.css
[36m[phonegap][39m 200 /js/jquery-1.8.2.min.js
[36m[phonegap][39m 200 /js/jquery.cookietools.js
[36m[phonegap][39m 200 /js/main_funcs.js
[36m[phonegap][39m 200 /js/jquery.mobile-1.3.0.min.js
[36m[phonegap][39m 200 /css/images/ajax-loader.gif
[36m[phonegap][39m 200 /css/images/icons-18-white.png
[36m[phonegap][39m 200 /socket.io/?EIO=2&transport=polling&t=1420286901316-2&sid=U_jnwJO4J1aeCjyTAABn
[36m[phonegap][39m 200 /main.html
[36m[phonegap][39m 200 /js/jquery.cookie.js
[36m[phonegap][39m 200 /js/jquery.cookietools.js
[36m[phonegap][39m 200 /css/jquery.mobile-1.3.0.min.css
[36m[phonegap][39m 200 /js/main_funcs.js
[36m[phonegap][39m 200 /js/jquery-1.8.2.min.js
[36m[phonegap][39m 200 /js/jquery.mobile-1.3.0.min.js
[36m[phonegap][39m 200 /css/images/ajax-loader.gif
[36m[phonegap][39m 200 /css/images/icons-18-white.png
[36m[phonegap][39m 200 /socket.io/?EIO=2&transport=polling&t=1420287103253-2&sid=fqBiNiRBXh9UtJIjAABo
[36m[phonegap][39m 200 /main.html
[36m[phonegap][39m 200 /css/jquery.mobile-1.3.0.min.css
[36m[phonegap][39m 200 /js/jquery.cookie.js
[36m[phonegap][39m 200 /js/jquery.cookietools.js
[36m[phonegap][39m 200 /js/main_funcs.js
[36m[phonegap][39m 200 /js/jquery-1.8.2.min.js
[36m[phonegap][39m 200 /js/jquery.mobile-1.3.0.min.js
[36m[phonegap][39m 200 /css/images/ajax-loader.gif
[36m[phonegap][39m 200 /css/images/icons-18-white.png
[36m[phonegap][39m 200 /socket.io/?EIO=2&transport=polling&t=1420287758142-2&sid=OzZ4pXN2Inn_UzvPAABp
[36m[phonegap][39m 200 /main.html
[36m[phonegap][39m 200 /js/jquery.cookie.js
[36m[phonegap][39m 200 /js/jquery.cookietools.js
[36m[phonegap][39m 200 /css/jquery.mobile-1.3.0.min.css
[36m[phonegap][39m 200 /js/main_funcs.js
[36m[phonegap][39m 200 /js/jquery-1.8.2.min.js
[36m[phonegap][39m 200 /js/jquery.mobile-1.3.0.min.js
[36m[phonegap][39m 200 /css/images/ajax-loader.gif
[36m[phonegap][39m 200 /css/images/icons-18-white.png
[36m[phonegap][39m 200 /socket.io/?EIO=2&transport=polling&t=1420288085665-2&sid=pLOy0USfBiLI3mH7AABq
[36m[phonegap][39m 200 /main.html
[36m[phonegap][39m 200 /js/jquery.cookie.js
[36m[phonegap][39m 200 /js/jquery.cookietools.js
[36m[phonegap][39m 200 /css/jquery.mobile-1.3.0.min.css
[36m[phonegap][39m 200 /js/main_funcs.js
[36m[phonegap][39m 200 /js/jquery-1.8.2.min.js
[36m[phonegap][39m 200 /js/jquery.mobile-1.3.0.min.js
[36m[phonegap][39m 200 /css/images/ajax-loader.gif
[36m[phonegap][39m 200 /css/images/icons-18-white.png
[36m[phonegap][39m 200 /socket.io/?EIO=2&transport=polling&t=1420288360399-2&sid=Kc7JnaLnHoQXt31dAABr
[36m[phonegap][39m 200 /main.html
[36m[phonegap][39m 200 /js/jquery.cookie.js
[36m[phonegap][39m 200 /js/jquery.cookietools.js
[36m[phonegap][39m 200 /js/main_funcs.js
[36m[phonegap][39m 200 /css/jquery.mobile-1.3.0.min.css
[36m[phonegap][39m 200 /js/jquery-1.8.2.min.js
[36m[phonegap][39m 200 /js/jquery.mobile-1.3.0.min.js
[36m[phonegap][39m 200 /css/images/ajax-loader.gif
[36m[phonegap][39m 200 /css/images/icons-18-white.png
[36m[phonegap][39m 200 /socket.io/?EIO=2&transport=polling&t=1420293636958-2&sid=ajzkiWCdbBpdEnmcAABs
[36m[phonegap][39m 200 /main.html
[36m[phonegap][39m 200 /js/jquery.cookie.js
[36m[phonegap][39m 200 /js/jquery.cookietools.js
[36m[phonegap][39m 200 /js/main_funcs.js
[36m[phonegap][39m 200 /css/jquery.mobile-1.3.0.min.css
[36m[phonegap][39m 200 /js/jquery-1.8.2.min.js
[36m[phonegap][39m 200 /js/jquery.mobile-1.3.0.min.js
[36m[phonegap][39m 200 /css/images/ajax-loader.gif
[36m[phonegap][39m 200 /css/images/icons-18-white.png
[36m[phonegap][39m 200 /socket.io/?EIO=2&transport=polling&t=1420293676388-2&sid=fYz2InFnvR_MZPgwAABt
[36m[phonegap][39m 200 /main.html
[36m[phonegap][39m 200 /js/jquery.cookie.js
[36m[phonegap][39m 200 /js/jquery.cookietools.js
[36m[phonegap][39m 200 /js/main_funcs.js
[36m[phonegap][39m 200 /css/jquery.mobile-1.3.0.min.css
[36m[phonegap][39m 200 /js/jquery-1.8.2.min.js
[36m[phonegap][39m 200 /js/jquery.mobile-1.3.0.min.js
[36m[phonegap][39m 200 /css/images/ajax-loader.gif
[36m[phonegap][39m 200 /css/images/icons-18-white.png
[36m[phonegap][39m 200 /socket.io/?EIO=2&transport=polling&t=1420293724563-2&sid=D7UsPY8Swv62Gv4iAABu
[36m[phonegap][39m 200 /main.html
[36m[phonegap][39m 200 /js/jquery.cookie.js
[36m[phonegap][39m 200 /js/jquery.cookietools.js
[36m[phonegap][39m 200 /js/main_funcs.js
[36m[phonegap][39m 200 /css/jquery.mobile-1.3.0.min.css
[36m[phonegap][39m 200 /js/jquery-1.8.2.min.js
[36m[phonegap][39m 200 /js/jquery.mobile-1.3.0.min.js
[36m[phonegap][39m 200 /css/images/ajax-loader.gif
[36m[phonegap][39m 200 /css/images/icons-18-white.png
[36m[phonegap][39m 200 /socket.io/?EIO=2&transport=polling&t=1420293872547-2&sid=FWL-FgMhuWXKmhehAABv
[36m[phonegap][39m 200 /main.html
[36m[phonegap][39m 200 /js/jquery.cookie.js
[36m[phonegap][39m 200 /js/jquery.cookietools.js
[36m[phonegap][39m 200 /js/main_funcs.js
[36m[phonegap][39m 200 /css/jquery.mobile-1.3.0.min.css
[36m[phonegap][39m 200 /js/jquery-1.8.2.min.js
[36m[phonegap][39m 200 /js/jquery.mobile-1.3.0.min.js
[36m[phonegap][39m 200 /css/images/ajax-loader.gif
[36m[phonegap][39m 200 /css/images/icons-18-white.png
[36m[phonegap][39m 200 /socket.io/?EIO=2&transport=polling&t=1420293989991-2&sid=4dTaROv_LTyPq2VDAABw
[36m[phonegap][39m 200 /main.html
[36m[phonegap][39m 200 /js/jquery.cookie.js
[36m[phonegap][39m 200 /js/jquery.cookietools.js
[36m[phonegap][39m 200 /js/main_funcs.js
[36m[phonegap][39m 200 /css/jquery.mobile-1.3.0.min.css
[36m[phonegap][39m 200 /js/jquery-1.8.2.min.js
[36m[phonegap][39m 200 /js/jquery.mobile-1.3.0.min.js
[36m[phonegap][39m 200 /css/images/ajax-loader.gif
[36m[phonegap][39m 200 /css/images/icons-18-white.png
[36m[phonegap][39m 200 /socket.io/?EIO=2&transport=polling&t=1420294156142-2&sid=DEcZq41qt2sIdiDnAABx
[36m[phonegap][39m 200 /main.html
[36m[phonegap][39m 200 /js/jquery.cookie.js
[36m[phonegap][39m 200 /js/jquery.cookietools.js
[36m[phonegap][39m 200 /js/main_funcs.js
[36m[phonegap][39m 200 /css/jquery.mobile-1.3.0.min.css
[36m[phonegap][39m 200 /js/jquery-1.8.2.min.js
[36m[phonegap][39m 200 /js/jquery.mobile-1.3.0.min.js
[36m[phonegap][39m 200 /css/images/ajax-loader.gif
[36m[phonegap][39m 200 /css/images/icons-18-white.png
[36m[phonegap][39m 200 /socket.io/?EIO=2&transport=polling&t=1420294177611-2&sid=B_YMVFbjg1OWukQhAABy
[36m[phonegap][39m 200 /main.html
[36m[phonegap][39m 200 /js/jquery.cookie.js
[36m[phonegap][39m 200 /js/jquery.cookietools.js
[36m[phonegap][39m 200 /js/main_funcs.js
[36m[phonegap][39m 200 /css/jquery.mobile-1.3.0.min.css
[36m[phonegap][39m 200 /js/jquery-1.8.2.min.js
[36m[phonegap][39m 200 /js/jquery.mobile-1.3.0.min.js
[36m[phonegap][39m 200 /css/images/ajax-loader.gif
[36m[phonegap][39m 200 /css/images/icons-18-white.png
[36m[phonegap][39m 200 /socket.io/?EIO=2&transport=polling&t=1420294242014-2&sid=AbbfoajP79_hpOqJAABz
[36m[phonegap][39m 200 /main.html
[36m[phonegap][39m 200 /js/jquery.cookie.js
[36m[phonegap][39m 200 /js/jquery.cookietools.js
[36m[phonegap][39m 200 /js/main_funcs.js
[36m[phonegap][39m 200 /css/jquery.mobile-1.3.0.min.css
[36m[phonegap][39m 200 /js/jquery-1.8.2.min.js
[36m[phonegap][39m 200 /js/jquery.mobile-1.3.0.min.js
[36m[phonegap][39m 200 /css/images/ajax-loader.gif
[36m[phonegap][39m 200 /css/images/icons-18-white.png
[36m[phonegap][39m 200 /socket.io/?EIO=2&transport=polling&t=1420294322369-2&sid=1BwFML6guPo6FpQ9AAB0
[36m[phonegap][39m 200 /user.html
[36m[phonegap][39m 200 /css/jquery.mobile-1.3.0.min.css
[36m[phonegap][39m 200 /js/jquery.cookie.js
[36m[phonegap][39m 200 /js/jquery.cookietools.js
[36m[phonegap][39m 200 /js/user_funcs.js
[36m[phonegap][39m 200 /js/jquery-1.8.2.min.js
[36m[phonegap][39m 200 /js/jquery.mobile-1.3.0.min.js
[36m[phonegap][39m 200 /css/images/ajax-loader.gif
[36m[phonegap][39m 200 /css/images/icons-18-white.png
[36m[phonegap][39m 200 /socket.io/?EIO=2&transport=polling&t=1420294335505-2&sid=6E2a942ZZk5x9D64AAB1
[36m[phonegap][39m 200 /index.html
[36m[phonegap][39m 200 /css/jquery.mobile-1.3.0.min.css
[36m[phonegap][39m 200 /js/jquery-1.8.2.min.js
[36m[phonegap][39m 200 /js/jquery.cookie.js
[36m[phonegap][39m 200 /js/jquery.cookietools.js
[36m[phonegap][39m 200 /js/jquery.mobile-1.3.0.min.js
[36m[phonegap][39m 200 /main.html
[36m[phonegap][39m 200 /css/jquery.mobile-1.3.0.min.css
[36m[phonegap][39m 200 /js/jquery-1.8.2.min.js
[36m[phonegap][39m 200 /js/jquery.cookie.js
[36m[phonegap][39m 200 /js/jquery.cookietools.js
[36m[phonegap][39m 200 /js/main_funcs.js
[36m[phonegap][39m 200 /js/jquery.mobile-1.3.0.min.js
[36m[phonegap][39m 200 /css/images/ajax-loader.gif
[36m[phonegap][39m 200 /css/images/icons-18-white.png
[36m[phonegap][39m 200 /socket.io/?EIO=2&transport=polling&t=1420294360806-2&sid=qau9Qqx2fMfx3GZZAAB2
