cp: no such file or directory: /home/aaf/Dev/aapp/app/icon.png

[36m[phonegap][39m starting app server...
[36m[phonegap][39m listening on 192.168.10.212:3000
[36m[phonegap][39m 
[36m[phonegap][39m ctrl-c to stop the server
[36m[phonegap][39m 
[36m[phonegap][39m 200 /socket.io/?EIO=2&transport=polling&t=1420377792189-355&sid=GjZ47qvLZlUkxRa0AAAA
[36m[phonegap][39m 200 /index.html
[36m[phonegap][39m 200 /css/jquery.mobile-1.3.0.min.css
[36m[phonegap][39m 200 /js/jquery-1.8.2.min.js
[36m[phonegap][39m 200 /js/jquery.mobile-1.3.0.min.js
[36m[phonegap][39m 200 /js/jquery.cookie.js
[36m[phonegap][39m 200 /js/jquery.cookietools.js
[36m[phonegap][39m 200 /main.html
[36m[phonegap][39m 200 /css/jquery.mobile-1.3.0.min.css
[36m[phonegap][39m 200 /js/jquery-1.8.2.min.js
[36m[phonegap][39m 200 /js/jquery.mobile-1.3.0.min.js
[36m[phonegap][39m 200 /js/jquery.cookie.js
[36m[phonegap][39m 200 /js/jquery.cookietools.js
[36m[phonegap][39m 200 /js/main_funcs.js
[36m[phonegap][39m 200 /css/images/ajax-loader.gif
[36m[phonegap][39m 200 /css/images/icons-18-white.png
[36m[phonegap][39m 200 /socket.io/?EIO=2&transport=polling&t=1420377805775-2&sid=gHja1knAlfP4v9PqAAAB
[36m[phonegap][39m 200 /main.html
[36m[phonegap][39m 200 /css/jquery.mobile-1.3.0.min.css
[36m[phonegap][39m 200 /js/jquery-1.8.2.min.js
[36m[phonegap][39m 200 /js/jquery.mobile-1.3.0.min.js
[36m[phonegap][39m 200 /js/jquery.cookie.js
[36m[phonegap][39m 200 /js/jquery.cookietools.js
[36m[phonegap][39m 200 /js/main_funcs.js
[36m[phonegap][39m 200 /css/images/ajax-loader.gif
[36m[phonegap][39m 200 /css/images/icons-18-white.png
[36m[phonegap][39m 200 /socket.io/?EIO=2&transport=polling&t=1420378790443-2&sid=g-4Z-9Y4DzoSqv4HAAAC
[36m[phonegap][39m 200 /user.html
[36m[phonegap][39m 200 /css/jquery.mobile-1.3.0.min.css
[36m[phonegap][39m 200 /js/jquery-1.8.2.min.js
[36m[phonegap][39m 200 /js/jquery.mobile-1.3.0.min.js
[36m[phonegap][39m 200 /js/jquery.cookie.js
[36m[phonegap][39m 200 /js/jquery.cookietools.js
[36m[phonegap][39m 200 /js/user_funcs.js
[36m[phonegap][39m 200 /css/images/ajax-loader.gif
[36m[phonegap][39m 200 /css/images/icons-18-white.png
[36m[phonegap][39m 200 /socket.io/?EIO=2&transport=polling&t=1420379245807-2&sid=XhgEXz5v2PulImDNAAAD
[36m[phonegap][39m 200 /index.html
[36m[phonegap][39m 200 /css/jquery.mobile-1.3.0.min.css
[36m[phonegap][39m 200 /js/jquery-1.8.2.min.js
[36m[phonegap][39m 200 /js/jquery.mobile-1.3.0.min.js
[36m[phonegap][39m 200 /js/jquery.cookie.js
[36m[phonegap][39m 200 /js/jquery.cookietools.js
[36m[phonegap][39m 200 /main.html
[36m[phonegap][39m 200 /css/jquery.mobile-1.3.0.min.css
[36m[phonegap][39m 200 /js/jquery-1.8.2.min.js
[36m[phonegap][39m 200 /js/jquery.mobile-1.3.0.min.js
[36m[phonegap][39m 200 /js/jquery.cookie.js
[36m[phonegap][39m 200 /js/jquery.cookietools.js
[36m[phonegap][39m 200 /js/main_funcs.js
[36m[phonegap][39m 200 /css/images/ajax-loader.gif
[36m[phonegap][39m 200 /css/images/icons-18-white.png
[36m[phonegap][39m 200 /socket.io/?EIO=2&transport=polling&t=1420379256845-2&sid=-ML9lncyh-BQcvqUAAAE
[36m[phonegap][39m 200 /
[36m[phonegap][39m 200 /css/jquery.mobile-1.3.0.min.css
[36m[phonegap][39m 200 /js/jquery-1.8.2.min.js
[36m[phonegap][39m 200 /js/jquery.mobile-1.3.0.min.js
[36m[phonegap][39m 200 /js/jquery.cookie.js
[36m[phonegap][39m 200 /js/jquery.cookietools.js
[36m[phonegap][39m 200 /user.html
[36m[phonegap][39m 404 /favicon.ico
[36m[phonegap][39m 200 /css/jquery.mobile-1.3.0.min.css
[36m[phonegap][39m 200 /js/jquery-1.8.2.min.js
[36m[phonegap][39m 200 /js/jquery.mobile-1.3.0.min.js
[36m[phonegap][39m 200 /js/jquery.cookie.js
[36m[phonegap][39m 200 /js/jquery.cookietools.js
[36m[phonegap][39m 200 /js/user_funcs.js
[36m[phonegap][39m 200 /css/images/ajax-loader.gif
[36m[phonegap][39m 200 /css/images/icons-18-white.png
[36m[phonegap][39m 200 /socket.io/?EIO=2&transport=polling&t=1420384056893-2&sid=FBYGCRriZvOAIqHTAAAF
[36m[phonegap][39m 200 /index.html
[36m[phonegap][39m 200 /css/jquery.mobile-1.3.0.min.css
[36m[phonegap][39m 200 /js/jquery-1.8.2.min.js
[36m[phonegap][39m 200 /js/jquery.mobile-1.3.0.min.js
[36m[phonegap][39m 200 /js/jquery.cookie.js
[36m[phonegap][39m 200 /js/jquery.cookietools.js
[36m[phonegap][39m 200 /main.html
[36m[phonegap][39m 200 /css/jquery.mobile-1.3.0.min.css
[36m[phonegap][39m 200 /js/jquery-1.8.2.min.js
[36m[phonegap][39m 200 /js/jquery.mobile-1.3.0.min.js
[36m[phonegap][39m 200 /js/jquery.cookie.js
[36m[phonegap][39m 200 /js/jquery.cookietools.js
[36m[phonegap][39m 200 /js/main_funcs.js
[36m[phonegap][39m 200 /css/images/ajax-loader.gif
[36m[phonegap][39m 200 /css/images/icons-18-white.png
[36m[phonegap][39m 200 /socket.io/?EIO=2&transport=polling&t=1420384075212-2&sid=gLBxjjL6lkD5Hz79AAAG
[36m[phonegap][39m 200 /user.html
[36m[phonegap][39m 200 /css/jquery.mobile-1.3.0.min.css
[36m[phonegap][39m 200 /js/jquery-1.8.2.min.js
[36m[phonegap][39m 200 /js/jquery.mobile-1.3.0.min.js
[36m[phonegap][39m 200 /js/jquery.cookie.js
[36m[phonegap][39m 200 /js/jquery.cookietools.js
[36m[phonegap][39m 200 /js/user_funcs.js
[36m[phonegap][39m 200 /css/images/ajax-loader.gif
[36m[phonegap][39m 200 /css/images/icons-18-white.png
[36m[phonegap][39m 200 /socket.io/?EIO=2&transport=polling&t=1420384083663-2&sid=cvDDRoM-bn_1G0-kAAAH
[36m[phonegap][39m 200 /
[36m[phonegap][39m 200 /css/jquery.mobile-1.3.0.min.css
[36m[phonegap][39m 200 /js/jquery-1.8.2.min.js
[36m[phonegap][39m 200 /js/jquery.mobile-1.3.0.min.js
[36m[phonegap][39m 200 /js/jquery.cookie.js
[36m[phonegap][39m 200 /js/jquery.cookietools.js
[36m[phonegap][39m 200 /user.html
[36m[phonegap][39m 404 /favicon.ico
[36m[phonegap][39m 200 /css/jquery.mobile-1.3.0.min.css
[36m[phonegap][39m 200 /js/jquery-1.8.2.min.js
[36m[phonegap][39m 200 /js/jquery.mobile-1.3.0.min.js
[36m[phonegap][39m 200 /js/jquery.cookie.js
[36m[phonegap][39m 200 /js/jquery.cookietools.js
[36m[phonegap][39m 200 /js/user_funcs.js
[36m[phonegap][39m 200 /css/images/ajax-loader.gif
[36m[phonegap][39m 200 /css/images/icons-18-white.png
[36m[phonegap][39m 200 /socket.io/?EIO=2&transport=polling&t=1420384893302-2&sid=M0Ik458apjhx36Q5AAAI
[36m[phonegap][39m 200 /user.html
[36m[phonegap][39m 200 /css/jquery.mobile-1.3.0.min.css
[36m[phonegap][39m 200 /js/jquery-1.8.2.min.js
[36m[phonegap][39m 200 /js/jquery.mobile-1.3.0.min.js
[36m[phonegap][39m 200 /js/jquery.cookie.js
[36m[phonegap][39m 200 /js/jquery.cookietools.js
[36m[phonegap][39m 200 /js/user_funcs.js
[36m[phonegap][39m 200 /css/images/ajax-loader.gif
[36m[phonegap][39m 200 /css/images/icons-18-white.png
[36m[phonegap][39m 200 /socket.io/?EIO=2&transport=polling&t=1420384964922-2&sid=Kh9r28EHJY3N1F4UAAAJ
[36m[phonegap][39m 200 /user.html
[36m[phonegap][39m 200 /css/jquery.mobile-1.3.0.min.css
[36m[phonegap][39m 200 /js/jquery-1.8.2.min.js
[36m[phonegap][39m 200 /js/jquery.mobile-1.3.0.min.js
[36m[phonegap][39m 200 /js/jquery.cookie.js
[36m[phonegap][39m 200 /js/jquery.cookietools.js
[36m[phonegap][39m 200 /js/user_funcs.js
[36m[phonegap][39m 200 /css/images/ajax-loader.gif
[36m[phonegap][39m 200 /css/images/icons-18-white.png
[36m[phonegap][39m 200 /socket.io/?EIO=2&transport=polling&t=1420384966605-2&sid=Aj6zlAzHwVDv46QnAAAK
[36m[phonegap][39m 200 /user.html
[36m[phonegap][39m 200 /css/jquery.mobile-1.3.0.min.css
[36m[phonegap][39m 200 /js/jquery-1.8.2.min.js
[36m[phonegap][39m 200 /js/jquery.mobile-1.3.0.min.js
[36m[phonegap][39m 200 /js/jquery.cookie.js
[36m[phonegap][39m 200 /js/jquery.cookietools.js
[36m[phonegap][39m 200 /js/user_funcs.js
[36m[phonegap][39m 200 /css/images/ajax-loader.gif
[36m[phonegap][39m 200 /css/images/icons-18-white.png
[36m[phonegap][39m 200 /socket.io/?EIO=2&transport=polling&t=1420385016532-2&sid=zUrV_ZQbP7FOxNEGAAAL
[36m[phonegap][39m 200 /user.html
[36m[phonegap][39m 200 /css/jquery.mobile-1.3.0.min.css
[36m[phonegap][39m 200 /js/jquery-1.8.2.min.js
[36m[phonegap][39m 200 /js/jquery.mobile-1.3.0.min.js
[36m[phonegap][39m 200 /js/jquery.cookie.js
[36m[phonegap][39m 200 /js/jquery.cookietools.js
[36m[phonegap][39m 200 /js/user_funcs.js
[36m[phonegap][39m 200 /css/images/ajax-loader.gif
[36m[phonegap][39m 200 /css/images/icons-18-white.png
[36m[phonegap][39m 200 /socket.io/?EIO=2&transport=polling&t=1420385106310-2&sid=ZV8Lqio_4NDnLkBAAAAM
[36m[phonegap][39m 200 /user.html
[36m[phonegap][39m 200 /css/jquery.mobile-1.3.0.min.css
[36m[phonegap][39m 200 /js/jquery-1.8.2.min.js
[36m[phonegap][39m 200 /js/jquery.mobile-1.3.0.min.js
[36m[phonegap][39m 200 /js/jquery.cookie.js
[36m[phonegap][39m 200 /js/jquery.cookietools.js
[36m[phonegap][39m 200 /js/user_funcs.js
[36m[phonegap][39m 200 /css/images/ajax-loader.gif
[36m[phonegap][39m 200 /css/images/icons-18-white.png
[36m[phonegap][39m 200 /socket.io/?EIO=2&transport=polling&t=1420385109052-2&sid=OuFwLQADomuYTa86AAAN
[36m[phonegap][39m 200 /user.html
[36m[phonegap][39m 200 /css/jquery.mobile-1.3.0.min.css
[36m[phonegap][39m 200 /js/jquery-1.8.2.min.js
[36m[phonegap][39m 200 /js/jquery.mobile-1.3.0.min.js
[36m[phonegap][39m 200 /js/jquery.cookie.js
[36m[phonegap][39m 200 /js/jquery.cookietools.js
[36m[phonegap][39m 200 /js/user_funcs.js
[36m[phonegap][39m 200 /css/images/ajax-loader.gif
[36m[phonegap][39m 200 /css/images/icons-18-white.png
[36m[phonegap][39m 200 /socket.io/?EIO=2&transport=polling&t=1420385112160-2&sid=zob5r-qLUN9y2G5uAAAO
[36m[phonegap][39m 200 /user.html
[36m[phonegap][39m 200 /css/jquery.mobile-1.3.0.min.css
[36m[phonegap][39m 200 /js/jquery-1.8.2.min.js
[36m[phonegap][39m 200 /js/jquery.mobile-1.3.0.min.js
[36m[phonegap][39m 200 /js/jquery.cookie.js
[36m[phonegap][39m 200 /js/jquery.cookietools.js
[36m[phonegap][39m 200 /js/user_funcs.js
[36m[phonegap][39m 200 /css/images/ajax-loader.gif
[36m[phonegap][39m 200 /css/images/icons-18-white.png
[36m[phonegap][39m 200 /socket.io/?EIO=2&transport=polling&t=1420385287473-2&sid=C78_r54wPyPt-a-AAAAP
[36m[phonegap][39m 200 /user.html
[36m[phonegap][39m 200 /css/jquery.mobile-1.3.0.min.css
[36m[phonegap][39m 200 /js/jquery-1.8.2.min.js
[36m[phonegap][39m 200 /js/jquery.mobile-1.3.0.min.js
[36m[phonegap][39m 200 /js/jquery.cookie.js
[36m[phonegap][39m 200 /js/jquery.cookietools.js
[36m[phonegap][39m 200 /js/user_funcs.js
[36m[phonegap][39m 200 /css/images/ajax-loader.gif
[36m[phonegap][39m 200 /css/images/icons-18-white.png
[36m[phonegap][39m 200 /socket.io/?EIO=2&transport=polling&t=1420385327410-2&sid=GyE5SXtay9kL0ZR1AAAQ
[36m[phonegap][39m 200 /user.html
[36m[phonegap][39m 200 /css/jquery.mobile-1.3.0.min.css
[36m[phonegap][39m 200 /js/jquery-1.8.2.min.js
[36m[phonegap][39m 200 /js/jquery.mobile-1.3.0.min.js
[36m[phonegap][39m 200 /js/jquery.cookie.js
[36m[phonegap][39m 200 /js/jquery.cookietools.js
[36m[phonegap][39m 200 /js/user_funcs.js
[36m[phonegap][39m 200 /css/images/ajax-loader.gif
[36m[phonegap][39m 200 /css/images/icons-18-white.png
[36m[phonegap][39m 200 /socket.io/?EIO=2&transport=polling&t=1420385413617-2&sid=Rbv6VIizWiv6dfLWAAAR
[36m[phonegap][39m 200 /
[36m[phonegap][39m 200 /css/jquery.mobile-1.3.0.min.css
[36m[phonegap][39m 200 /js/jquery-1.8.2.min.js
[36m[phonegap][39m 200 /js/jquery.mobile-1.3.0.min.js
[36m[phonegap][39m 200 /js/jquery.cookie.js
[36m[phonegap][39m 200 /js/jquery.cookietools.js
[36m[phonegap][39m 200 /user.html
[36m[phonegap][39m 404 /favicon.ico
[36m[phonegap][39m 200 /css/jquery.mobile-1.3.0.min.css
[36m[phonegap][39m 200 /js/jquery-1.8.2.min.js
[36m[phonegap][39m 200 /js/jquery.mobile-1.3.0.min.js
[36m[phonegap][39m 200 /js/jquery.cookie.js
[36m[phonegap][39m 200 /js/jquery.cookietools.js
[36m[phonegap][39m 200 /js/user_funcs.js
[36m[phonegap][39m 200 /css/images/ajax-loader.gif
[36m[phonegap][39m 200 /css/images/icons-18-white.png
[36m[phonegap][39m 200 /socket.io/?EIO=2&transport=polling&t=1420385454616-2&sid=xx4Y0stV_mb5UTKqAAAS
[36m[phonegap][39m 200 /index.html
[36m[phonegap][39m 200 /css/jquery.mobile-1.3.0.min.css
[36m[phonegap][39m 200 /js/jquery-1.8.2.min.js
[36m[phonegap][39m 200 /js/jquery.mobile-1.3.0.min.js
[36m[phonegap][39m 200 /js/jquery.cookie.js
[36m[phonegap][39m 200 /js/jquery.cookietools.js
[36m[phonegap][39m 200 /user.html
[36m[phonegap][39m 200 /css/jquery.mobile-1.3.0.min.css
[36m[phonegap][39m 200 /js/jquery-1.8.2.min.js
[36m[phonegap][39m 200 /js/jquery.mobile-1.3.0.min.js
[36m[phonegap][39m 200 /js/jquery.cookie.js
[36m[phonegap][39m 200 /js/jquery.cookietools.js
[36m[phonegap][39m 200 /js/user_funcs.js
[36m[phonegap][39m 200 /css/images/ajax-loader.gif
[36m[phonegap][39m 200 /css/images/icons-18-white.png
[36m[phonegap][39m 200 /socket.io/?EIO=2&transport=polling&t=1420385468139-2&sid=a0xxWYqT8Sv6Kky0AAAT
[36m[phonegap][39m 200 /index.html
[36m[phonegap][39m 200 /css/jquery.mobile-1.3.0.min.css
[36m[phonegap][39m 200 /js/jquery-1.8.2.min.js
[36m[phonegap][39m 200 /js/jquery.mobile-1.3.0.min.js
[36m[phonegap][39m 200 /js/jquery.cookie.js
[36m[phonegap][39m 200 /js/jquery.cookietools.js
[36m[phonegap][39m 200 /user.html
[36m[phonegap][39m 200 /css/jquery.mobile-1.3.0.min.css
[36m[phonegap][39m 200 /js/jquery-1.8.2.min.js
[36m[phonegap][39m 200 /js/jquery.mobile-1.3.0.min.js
[36m[phonegap][39m 200 /js/jquery.cookie.js
[36m[phonegap][39m 200 /js/jquery.cookietools.js
[36m[phonegap][39m 200 /js/user_funcs.js
[36m[phonegap][39m 200 /css/images/ajax-loader.gif
[36m[phonegap][39m 200 /css/images/icons-18-white.png
[36m[phonegap][39m 200 /socket.io/?EIO=2&transport=polling&t=1420385473857-2&sid=pPEiCnGEdQzXRFaSAAAU
[36m[phonegap][39m 200 /user.html
[36m[phonegap][39m 200 /css/jquery.mobile-1.3.0.min.css
[36m[phonegap][39m 200 /js/jquery-1.8.2.min.js
[36m[phonegap][39m 200 /js/jquery.mobile-1.3.0.min.js
[36m[phonegap][39m 200 /js/jquery.cookie.js
[36m[phonegap][39m 200 /js/jquery.cookietools.js
[36m[phonegap][39m 200 /js/user_funcs.js
[36m[phonegap][39m 200 /css/images/ajax-loader.gif
[36m[phonegap][39m 200 /css/images/icons-18-white.png
[36m[phonegap][39m 404 /favicon.ico
[36m[phonegap][39m 404 /favicon.ico
[36m[phonegap][39m 200 /socket.io/?EIO=2&transport=polling&t=1420385686663-2&sid=TQrgDVfftSK_aNArAAAV
[36m[phonegap][39m 404 /favicon.ico
[36m[phonegap][39m 404 /favicon.ico
[36m[phonegap][39m 200 /user.html
[36m[phonegap][39m 200 /css/jquery.mobile-1.3.0.min.css
[36m[phonegap][39m 200 /js/jquery-1.8.2.min.js
[36m[phonegap][39m 200 /js/jquery.mobile-1.3.0.min.js
[36m[phonegap][39m 200 /js/jquery.cookie.js
[36m[phonegap][39m 200 /js/jquery.cookietools.js
[36m[phonegap][39m 200 /js/user_funcs.js
[36m[phonegap][39m 200 /css/images/ajax-loader.gif
[36m[phonegap][39m 200 /css/images/icons-18-white.png
[36m[phonegap][39m 200 /socket.io/?EIO=2&transport=polling&t=1420385949844-2&sid=AJ26CXUhDieMgbBhAAAW
[36m[phonegap][39m 200 /index.html
[36m[phonegap][39m 200 /css/jquery.mobile-1.3.0.min.css
[36m[phonegap][39m 200 /js/jquery-1.8.2.min.js
[36m[phonegap][39m 200 /js/jquery.mobile-1.3.0.min.js
[36m[phonegap][39m 200 /js/jquery.cookie.js
[36m[phonegap][39m 200 /js/jquery.cookietools.js
[36m[phonegap][39m 200 /main.html
[36m[phonegap][39m 200 /css/jquery.mobile-1.3.0.min.css
[36m[phonegap][39m 200 /js/jquery-1.8.2.min.js
[36m[phonegap][39m 200 /js/jquery.mobile-1.3.0.min.js
[36m[phonegap][39m 200 /js/jquery.cookie.js
[36m[phonegap][39m 200 /js/jquery.cookietools.js
[36m[phonegap][39m 200 /js/main_funcs.js
[36m[phonegap][39m 200 /css/images/ajax-loader.gif
[36m[phonegap][39m 200 /css/images/icons-18-white.png
[36m[phonegap][39m 200 /socket.io/?EIO=2&transport=polling&t=1420385970273-2&sid=O-lNYmUf0XfUXc37AAAX
[36m[phonegap][39m 200 /user.html
[36m[phonegap][39m 200 /css/jquery.mobile-1.3.0.min.css
[36m[phonegap][39m 200 /js/jquery-1.8.2.min.js
[36m[phonegap][39m 200 /js/jquery.mobile-1.3.0.min.js
[36m[phonegap][39m 200 /js/jquery.cookie.js
[36m[phonegap][39m 200 /js/jquery.cookietools.js
[36m[phonegap][39m 200 /js/user_funcs.js
[36m[phonegap][39m 200 /css/images/ajax-loader.gif
[36m[phonegap][39m 200 /css/images/icons-18-white.png
[36m[phonegap][39m 200 /socket.io/?EIO=2&transport=polling&t=1420386114997-2&sid=ubN5hDNjUj_LKMOEAAAY
[36m[phonegap][39m 200 /user.html
[36m[phonegap][39m 200 /css/jquery.mobile-1.3.0.min.css
[36m[phonegap][39m 200 /js/jquery-1.8.2.min.js
[36m[phonegap][39m 200 /js/jquery.mobile-1.3.0.min.js
[36m[phonegap][39m 200 /js/jquery.cookie.js
[36m[phonegap][39m 200 /js/jquery.cookietools.js
[36m[phonegap][39m 200 /js/user_funcs.js
[36m[phonegap][39m 200 /css/images/ajax-loader.gif
[36m[phonegap][39m 200 /css/images/icons-18-white.png
[36m[phonegap][39m 200 /socket.io/?EIO=2&transport=polling&t=1420386128006-2&sid=urLiMsfpptWa9BEzAAAZ
[36m[phonegap][39m 200 /user.html
[36m[phonegap][39m 200 /css/jquery.mobile-1.3.0.min.css
[36m[phonegap][39m 200 /js/jquery-1.8.2.min.js
[36m[phonegap][39m 200 /js/jquery.mobile-1.3.0.min.js
[36m[phonegap][39m 200 /js/jquery.cookie.js
[36m[phonegap][39m 200 /js/jquery.cookietools.js
[36m[phonegap][39m 200 /js/user_funcs.js
[36m[phonegap][39m 200 /css/images/ajax-loader.gif
[36m[phonegap][39m 200 /css/images/icons-18-white.png
[36m[phonegap][39m 200 /socket.io/?EIO=2&transport=polling&t=1420386132960-2&sid=VfYZ_QlCRbqUziPyAAAa
[36m[phonegap][39m 200 /index.html
[36m[phonegap][39m 200 /css/jquery.mobile-1.3.0.min.css
[36m[phonegap][39m 200 /js/jquery-1.8.2.min.js
[36m[phonegap][39m 200 /js/jquery.mobile-1.3.0.min.js
[36m[phonegap][39m 200 /js/jquery.cookie.js
[36m[phonegap][39m 200 /js/jquery.cookietools.js
[36m[phonegap][39m 200 /main.html
[36m[phonegap][39m 200 /css/jquery.mobile-1.3.0.min.css
[36m[phonegap][39m 200 /js/jquery-1.8.2.min.js
[36m[phonegap][39m 200 /js/jquery.mobile-1.3.0.min.js
[36m[phonegap][39m 200 /js/jquery.cookie.js
[36m[phonegap][39m 200 /js/jquery.cookietools.js
[36m[phonegap][39m 200 /js/main_funcs.js
[36m[phonegap][39m 200 /css/images/ajax-loader.gif
[36m[phonegap][39m 200 /css/images/icons-18-white.png
[36m[phonegap][39m 200 /socket.io/?EIO=2&transport=polling&t=1420386140873-2&sid=XIcK4qUJT7a22UX6AAAb
[36m[phonegap][39m 200 /
[36m[phonegap][39m 200 /css/jquery.mobile-1.3.0.min.css
[36m[phonegap][39m 200 /js/jquery-1.8.2.min.js
[36m[phonegap][39m 200 /js/jquery.mobile-1.3.0.min.js
[36m[phonegap][39m 200 /js/jquery.cookie.js
[36m[phonegap][39m 200 /js/jquery.cookietools.js
[36m[phonegap][39m 200 /main.html
[36m[phonegap][39m 404 /favicon.ico
[36m[phonegap][39m 200 /css/jquery.mobile-1.3.0.min.css
[36m[phonegap][39m 200 /js/jquery-1.8.2.min.js
[36m[phonegap][39m 200 /js/jquery.mobile-1.3.0.min.js
[36m[phonegap][39m 200 /js/jquery.cookie.js
[36m[phonegap][39m 200 /js/jquery.cookietools.js
[36m[phonegap][39m 200 /js/main_funcs.js
[36m[phonegap][39m 200 /css/images/ajax-loader.gif
[36m[phonegap][39m 200 /css/images/icons-18-white.png
[36m[phonegap][39m 200 /socket.io/?EIO=2&transport=polling&t=1420386179453-2&sid=hTNsyx1tJxpa6ASeAAAc
[36m[phonegap][39m 200 /main.html
[36m[phonegap][39m 200 /css/jquery.mobile-1.3.0.min.css
[36m[phonegap][39m 200 /js/jquery-1.8.2.min.js
[36m[phonegap][39m 200 /js/jquery.mobile-1.3.0.min.js
[36m[phonegap][39m 200 /js/jquery.cookie.js
[36m[phonegap][39m 200 /js/jquery.cookietools.js
[36m[phonegap][39m 200 /js/main_funcs.js
[36m[phonegap][39m 200 /css/images/ajax-loader.gif
[36m[phonegap][39m 200 /css/images/icons-18-white.png
[36m[phonegap][39m 200 /socket.io/?EIO=2&transport=polling&t=1420386360638-2&sid=0KxbuDqsDdtA9cNLAAAd
[36m[phonegap][39m 200 /user.html
[36m[phonegap][39m 200 /css/jquery.mobile-1.3.0.min.css
[36m[phonegap][39m 200 /js/jquery-1.8.2.min.js
[36m[phonegap][39m 200 /js/jquery.mobile-1.3.0.min.js
[36m[phonegap][39m 200 /js/jquery.cookie.js
[36m[phonegap][39m 200 /js/jquery.cookietools.js
[36m[phonegap][39m 200 /js/user_funcs.js
[36m[phonegap][39m 200 /css/images/ajax-loader.gif
[36m[phonegap][39m 200 /css/images/icons-18-white.png
[36m[phonegap][39m 200 /socket.io/?EIO=2&transport=polling&t=1420386362445-2&sid=rUB5VibG-3BnDgKZAAAe
[36m[phonegap][39m 200 /user.html
[36m[phonegap][39m 200 /css/jquery.mobile-1.3.0.min.css
[36m[phonegap][39m 200 /js/jquery-1.8.2.min.js
[36m[phonegap][39m 200 /js/jquery.mobile-1.3.0.min.js
[36m[phonegap][39m 200 /js/jquery.cookie.js
[36m[phonegap][39m 200 /js/jquery.cookietools.js
[36m[phonegap][39m 200 /js/user_funcs.js
[36m[phonegap][39m 200 /css/images/ajax-loader.gif
[36m[phonegap][39m 200 /css/images/icons-18-white.png
[36m[phonegap][39m 200 /socket.io/?EIO=2&transport=polling&t=1420386366026-2&sid=PZfjLRn7Y4zYYltxAAAf
[36m[phonegap][39m 200 /user.html
[36m[phonegap][39m 200 /css/jquery.mobile-1.3.0.min.css
[36m[phonegap][39m 200 /js/jquery-1.8.2.min.js
[36m[phonegap][39m 200 /js/jquery.mobile-1.3.0.min.js
[36m[phonegap][39m 200 /js/jquery.cookie.js
[36m[phonegap][39m 200 /js/jquery.cookietools.js
[36m[phonegap][39m 200 /js/user_funcs.js
[36m[phonegap][39m 200 /css/images/ajax-loader.gif
[36m[phonegap][39m 200 /css/images/icons-18-white.png
[36m[phonegap][39m 404 /favicon.ico
[36m[phonegap][39m 404 /favicon.ico
[36m[phonegap][39m 200 /socket.io/?EIO=2&transport=polling&t=1420386386595-2&sid=YytYqX4jCCBdBicaAAAg
[36m[phonegap][39m 200 /user.html
[36m[phonegap][39m 200 /css/jquery.mobile-1.3.0.min.css
[36m[phonegap][39m 200 /js/jquery-1.8.2.min.js
[36m[phonegap][39m 200 /js/jquery.mobile-1.3.0.min.js
[36m[phonegap][39m 200 /js/jquery.cookie.js
[36m[phonegap][39m 200 /js/jquery.cookietools.js
[36m[phonegap][39m 200 /js/user_funcs.js
[36m[phonegap][39m 200 /css/images/ajax-loader.gif
[36m[phonegap][39m 200 /css/images/icons-18-white.png
[36m[phonegap][39m 200 /socket.io/?EIO=2&transport=polling&t=1420386416282-2&sid=ivaj4o_Sv5IdrA4FAAAh
[36m[phonegap][39m 200 /user.html
[36m[phonegap][39m 200 /css/jquery.mobile-1.3.0.min.css
[36m[phonegap][39m 200 /js/jquery-1.8.2.min.js
[36m[phonegap][39m 200 /js/jquery.mobile-1.3.0.min.js
[36m[phonegap][39m 200 /js/jquery.cookie.js
[36m[phonegap][39m 200 /js/jquery.cookietools.js
[36m[phonegap][39m 200 /js/user_funcs.js
[36m[phonegap][39m 200 /css/images/ajax-loader.gif
[36m[phonegap][39m 200 /css/images/icons-18-white.png
[36m[phonegap][39m 200 /socket.io/?EIO=2&transport=polling&t=1420386427155-2&sid=SffZBfXkWUL7g3zBAAAi
[36m[phonegap][39m 200 /user.html
[36m[phonegap][39m 200 /css/jquery.mobile-1.3.0.min.css
[36m[phonegap][39m 200 /js/jquery-1.8.2.min.js
[36m[phonegap][39m 200 /js/jquery.mobile-1.3.0.min.js
[36m[phonegap][39m 200 /js/jquery.cookie.js
[36m[phonegap][39m 200 /js/jquery.cookietools.js
[36m[phonegap][39m 200 /js/user_funcs.js
[36m[phonegap][39m 200 /css/images/ajax-loader.gif
[36m[phonegap][39m 200 /css/images/icons-18-white.png
[36m[phonegap][39m 200 /socket.io/?EIO=2&transport=polling&t=1420386458061-2&sid=647yoJtama33r8fmAAAj
[36m[phonegap][39m 200 /
[36m[phonegap][39m 200 /css/jquery.mobile-1.3.0.min.css
[36m[phonegap][39m 200 /js/jquery-1.8.2.min.js
[36m[phonegap][39m 200 /js/jquery.mobile-1.3.0.min.js
[36m[phonegap][39m 200 /js/jquery.cookie.js
[36m[phonegap][39m 200 /js/jquery.cookietools.js
[36m[phonegap][39m 200 /main.html
[36m[phonegap][39m 404 /favicon.ico
[36m[phonegap][39m 200 /css/jquery.mobile-1.3.0.min.css
[36m[phonegap][39m 200 /js/jquery-1.8.2.min.js
[36m[phonegap][39m 200 /js/jquery.mobile-1.3.0.min.js
[36m[phonegap][39m 200 /js/jquery.cookie.js
[36m[phonegap][39m 200 /js/jquery.cookietools.js
[36m[phonegap][39m 200 /js/main_funcs.js
[36m[phonegap][39m 200 /css/images/ajax-loader.gif
[36m[phonegap][39m 200 /css/images/icons-18-white.png
[36m[phonegap][39m 200 /socket.io/?EIO=2&transport=polling&t=1420386490625-2&sid=HYpvPg_0pdKSmkGoAAAk
[36m[phonegap][39m 200 /user.html
[36m[phonegap][39m 200 /css/jquery.mobile-1.3.0.min.css
[36m[phonegap][39m 200 /js/jquery-1.8.2.min.js
[36m[phonegap][39m 200 /js/jquery.mobile-1.3.0.min.js
[36m[phonegap][39m 200 /js/jquery.cookie.js
[36m[phonegap][39m 200 /js/jquery.cookietools.js
[36m[phonegap][39m 200 /js/user_funcs.js
[36m[phonegap][39m 200 /css/images/ajax-loader.gif
[36m[phonegap][39m 200 /css/images/icons-18-white.png
[36m[phonegap][39m 200 /socket.io/?EIO=2&transport=polling&t=1420386493697-2&sid=lh5Ieod5ioOMjJxKAAAl
[36m[phonegap][39m 200 /user.html
[36m[phonegap][39m 200 /css/jquery.mobile-1.3.0.min.css
[36m[phonegap][39m 200 /js/jquery-1.8.2.min.js
[36m[phonegap][39m 200 /js/jquery.mobile-1.3.0.min.js
[36m[phonegap][39m 200 /js/jquery.cookie.js
[36m[phonegap][39m 200 /js/jquery.cookietools.js
[36m[phonegap][39m 200 /js/user_funcs.js
[36m[phonegap][39m 200 /css/images/ajax-loader.gif
[36m[phonegap][39m 200 /css/images/icons-18-white.png
[36m[phonegap][39m 200 /socket.io/?EIO=2&transport=polling&t=1420386565502-2&sid=T0Us8vmrjhDVmyKeAAAm
[36m[phonegap][39m 200 /index.html
[36m[phonegap][39m 200 /css/jquery.mobile-1.3.0.min.css
[36m[phonegap][39m 200 /js/jquery-1.8.2.min.js
[36m[phonegap][39m 200 /js/jquery.mobile-1.3.0.min.js
[36m[phonegap][39m 200 /js/jquery.cookie.js
[36m[phonegap][39m 200 /js/jquery.cookietools.js
[36m[phonegap][39m 200 /main.html
[36m[phonegap][39m 200 /css/jquery.mobile-1.3.0.min.css
[36m[phonegap][39m 200 /js/jquery-1.8.2.min.js
[36m[phonegap][39m 200 /js/jquery.mobile-1.3.0.min.js
[36m[phonegap][39m 200 /js/jquery.cookie.js
[36m[phonegap][39m 200 /js/jquery.cookietools.js
[36m[phonegap][39m 200 /js/main_funcs.js
[36m[phonegap][39m 200 /css/images/ajax-loader.gif
[36m[phonegap][39m 200 /css/images/icons-18-white.png
[36m[phonegap][39m 200 /socket.io/?EIO=2&transport=polling&t=1420386583425-2&sid=tHhZnxrDXP3Q3EWwAAAn
[36m[phonegap][39m 200 /main.html
[36m[phonegap][39m 200 /css/jquery.mobile-1.3.0.min.css
[36m[phonegap][39m 200 /js/jquery-1.8.2.min.js
[36m[phonegap][39m 200 /js/jquery.mobile-1.3.0.min.js
[36m[phonegap][39m 200 /js/jquery.cookie.js
[36m[phonegap][39m 200 /js/jquery.cookietools.js
[36m[phonegap][39m 200 /js/main_funcs.js
[36m[phonegap][39m 200 /css/images/ajax-loader.gif
[36m[phonegap][39m 200 /css/images/icons-18-white.png
[36m[phonegap][39m 200 /socket.io/?EIO=2&transport=polling&t=1420386862887-2&sid=hjED5ivGa4GqibbyAAAo
[36m[phonegap][39m 200 /main.html
[36m[phonegap][39m 200 /css/jquery.mobile-1.3.0.min.css
[36m[phonegap][39m 200 /js/jquery-1.8.2.min.js
[36m[phonegap][39m 200 /js/jquery.mobile-1.3.0.min.js
[36m[phonegap][39m 200 /js/jquery.cookie.js
[36m[phonegap][39m 200 /js/jquery.cookietools.js
[36m[phonegap][39m 200 /js/main_funcs.js
[36m[phonegap][39m 200 /css/images/ajax-loader.gif
[36m[phonegap][39m 200 /css/images/icons-18-white.png
[36m[phonegap][39m 200 /socket.io/?EIO=2&transport=polling&t=1420386893003-2&sid=hzIQiouXtSEZrf9jAAAp
[36m[phonegap][39m 200 /user.html
[36m[phonegap][39m 200 /css/jquery.mobile-1.3.0.min.css
[36m[phonegap][39m 200 /js/jquery-1.8.2.min.js
[36m[phonegap][39m 200 /js/jquery.mobile-1.3.0.min.js
[36m[phonegap][39m 200 /js/jquery.cookie.js
[36m[phonegap][39m 200 /js/jquery.cookietools.js
[36m[phonegap][39m 200 /js/user_funcs.js
[36m[phonegap][39m 200 /css/images/ajax-loader.gif
[36m[phonegap][39m 200 /css/images/icons-18-white.png
[36m[phonegap][39m 200 /socket.io/?EIO=2&transport=polling&t=1420386906889-2&sid=TWrUI6Ws87AxzfeaAAAq
[36m[phonegap][39m 200 /user.html
[36m[phonegap][39m 200 /css/jquery.mobile-1.3.0.min.css
[36m[phonegap][39m 200 /js/jquery-1.8.2.min.js
[36m[phonegap][39m 200 /js/jquery.cookie.js
[36m[phonegap][39m 200 /js/jquery.cookietools.js
[36m[phonegap][39m 200 /js/user_funcs.js
[36m[phonegap][39m 200 /js/jquery.mobile-1.3.0.min.js
[36m[phonegap][39m 200 /css/images/ajax-loader.gif
[36m[phonegap][39m 200 /css/images/icons-18-white.png
[36m[phonegap][39m 404 /favicon.ico
[36m[phonegap][39m 200 /socket.io/?EIO=2&transport=polling&t=1420386916918-2&sid=6sgPww89ywojvRYRAAAr
[36m[phonegap][39m 200 /index.html
[36m[phonegap][39m 200 /css/jquery.mobile-1.3.0.min.css
[36m[phonegap][39m 200 /js/jquery.cookie.js
[36m[phonegap][39m 200 /js/jquery-1.8.2.min.js
[36m[phonegap][39m 200 /js/jquery.mobile-1.3.0.min.js
[36m[phonegap][39m 200 /js/jquery.cookietools.js
[36m[phonegap][39m 200 /main.html
[36m[phonegap][39m 200 /css/jquery.mobile-1.3.0.min.css
[36m[phonegap][39m 200 /js/jquery-1.8.2.min.js
[36m[phonegap][39m 200 /js/jquery.cookie.js
[36m[phonegap][39m 200 /js/jquery.cookietools.js
[36m[phonegap][39m 200 /js/main_funcs.js
[36m[phonegap][39m 200 /js/jquery.mobile-1.3.0.min.js
[36m[phonegap][39m 200 /css/images/ajax-loader.gif
[36m[phonegap][39m 200 /css/images/icons-18-white.png
[36m[phonegap][39m 200 /socket.io/?EIO=2&transport=polling&t=1420386934064-2&sid=VbNzGbhUsEYF8zBcAAAs
[36m[phonegap][39m 200 /user.html
[36m[phonegap][39m 200 /js/jquery.cookie.js
[36m[phonegap][39m 200 /js/jquery.cookietools.js
[36m[phonegap][39m 200 /js/user_funcs.js
[36m[phonegap][39m 200 /css/jquery.mobile-1.3.0.min.css
[36m[phonegap][39m 200 /js/jquery-1.8.2.min.js
[36m[phonegap][39m 200 /js/jquery.mobile-1.3.0.min.js
[36m[phonegap][39m 200 /css/images/ajax-loader.gif
[36m[phonegap][39m 200 /css/images/icons-18-white.png
[36m[phonegap][39m 200 /user.html
[36m[phonegap][39m 200 /css/jquery.mobile-1.3.0.min.css
[36m[phonegap][39m 200 /js/jquery-1.8.2.min.js
[36m[phonegap][39m 200 /js/jquery.cookie.js
[36m[phonegap][39m 200 /js/jquery.cookietools.js
[36m[phonegap][39m 200 /js/user_funcs.js
[36m[phonegap][39m 200 /js/jquery.mobile-1.3.0.min.js
[36m[phonegap][39m 200 /css/images/ajax-loader.gif
[36m[phonegap][39m 200 /css/images/icons-18-white.png
[36m[phonegap][39m 200 /index.html
[36m[phonegap][39m 200 /css/jquery.mobile-1.3.0.min.css
[36m[phonegap][39m 200 /js/jquery.cookie.js
[36m[phonegap][39m 200 /js/jquery.cookietools.js
[36m[phonegap][39m 200 /js/jquery-1.8.2.min.js
[36m[phonegap][39m 200 /js/jquery.mobile-1.3.0.min.js
[36m[phonegap][39m 200 /main.html
[36m[phonegap][39m 200 /css/jquery.mobile-1.3.0.min.css
[36m[phonegap][39m 200 /js/jquery.cookie.js
[36m[phonegap][39m 200 /js/jquery.cookietools.js
[36m[phonegap][39m 200 /js/main_funcs.js
[36m[phonegap][39m 200 /js/jquery-1.8.2.min.js
[36m[phonegap][39m 200 /js/jquery.mobile-1.3.0.min.js
[36m[phonegap][39m 200 /css/images/ajax-loader.gif
[36m[phonegap][39m 200 /css/images/icons-18-white.png
