[01/Jan/2015 06:11:09] "GET /user/1 HTTP/1.1" 301 0
/usr/lib/python2.7/wsgiref/handlers.py:127: DeprecationWarning: Creating streaming responses with `HttpResponse` is deprecated. Use `StreamingHttpResponse` instead if you need the streaming behavior.
  for data in self.result:

[01/Jan/2015 06:11:09] "GET /user/1/ HTTP/1.1" 200 1
[01/Jan/2015 06:11:13] "GET /poke/1/1 HTTP/1.1" 301 0
[01/Jan/2015 06:11:13] "GET /poke/1/1/ HTTP/1.1" 200 2
[01/Jan/2015 06:11:13] "GET /user/1/ HTTP/1.1" 200 1
[01/Jan/2015 06:11:16] "GET /poke/1/1/ HTTP/1.1" 200 2
[01/Jan/2015 06:11:16] "GET /user/1/ HTTP/1.1" 200 1
[01/Jan/2015 06:11:17] "GET /poke/1/1/ HTTP/1.1" 200 2
[01/Jan/2015 06:11:17] "GET /user/1/ HTTP/1.1" 200 1
[01/Jan/2015 06:11:19] "GET /cleanall/1 HTTP/1.1" 301 0
[01/Jan/2015 06:11:19] "GET /cleanall/1/ HTTP/1.1" 200 4
[01/Jan/2015 06:11:19] "GET /user/1/ HTTP/1.1" 200 1
[01/Jan/2015 06:15:29] "GET /user/1/ HTTP/1.1" 200 1
[01/Jan/2015 06:17:05] "GET /user/1 HTTP/1.1" 301 0
[01/Jan/2015 06:17:05] "GET /user/1/ HTTP/1.1" 200 1
[01/Jan/2015 06:18:08] "GET /user/1/ HTTP/1.1" 200 1
[01/Jan/2015 06:26:39] "GET /user/1 HTTP/1.1" 301 0
[01/Jan/2015 06:26:39] "GET /user/1/ HTTP/1.1" 200 1
[01/Jan/2015 06:26:43] "GET /user/1 HTTP/1.1" 301 0
[01/Jan/2015 06:26:43] "GET /user/1/ HTTP/1.1" 200 1
[01/Jan/2015 06:26:47] "GET /user/1 HTTP/1.1" 301 0
[01/Jan/2015 06:26:47] "GET /user/1/ HTTP/1.1" 200 1
[01/Jan/2015 06:26:51] "GET /user/1 HTTP/1.1" 301 0
[01/Jan/2015 06:26:51] "GET /user/1/ HTTP/1.1" 200 1
[01/Jan/2015 06:26:55] "GET /user/1 HTTP/1.1" 301 0
[01/Jan/2015 06:26:55] "GET /user/1/ HTTP/1.1" 200 1
[01/Jan/2015 06:26:59] "GET /user/1 HTTP/1.1" 301 0
[01/Jan/2015 06:26:59] "GET /user/1/ HTTP/1.1" 200 1
[01/Jan/2015 06:27:03] "GET /user/1 HTTP/1.1" 301 0
[01/Jan/2015 06:27:03] "GET /user/1/ HTTP/1.1" 200 1
[01/Jan/2015 06:27:07] "GET /user/1 HTTP/1.1" 301 0
[01/Jan/2015 06:27:08] "GET /user/1/ HTTP/1.1" 200 1
[01/Jan/2015 06:27:11] "GET /user/1 HTTP/1.1" 301 0
[01/Jan/2015 06:27:11] "GET /user/1/ HTTP/1.1" 200 1
[01/Jan/2015 06:27:15] "GET /user/1 HTTP/1.1" 301 0
[01/Jan/2015 06:27:15] "GET /user/1/ HTTP/1.1" 200 1
[01/Jan/2015 06:27:19] "GET /user/1 HTTP/1.1" 301 0
[01/Jan/2015 06:27:19] "GET /user/1/ HTTP/1.1" 200 1
[01/Jan/2015 06:27:23] "GET /user/1 HTTP/1.1" 301 0
[01/Jan/2015 06:27:23] "GET /user/1/ HTTP/1.1" 200 1
[01/Jan/2015 06:27:27] "GET /user/1 HTTP/1.1" 301 0
[01/Jan/2015 06:27:27] "GET /user/1/ HTTP/1.1" 200 1
[01/Jan/2015 06:27:31] "GET /user/1 HTTP/1.1" 301 0
[01/Jan/2015 06:27:32] "GET /user/1/ HTTP/1.1" 200 1
[01/Jan/2015 06:27:35] "GET /user/1 HTTP/1.1" 301 0
[01/Jan/2015 06:27:35] "GET /user/1/ HTTP/1.1" 200 1
[01/Jan/2015 06:27:40] "GET /user/1 HTTP/1.1" 301 0
[01/Jan/2015 06:27:40] "GET /user/1/ HTTP/1.1" 200 1
[01/Jan/2015 06:27:45] "GET /user/1 HTTP/1.1" 301 0
[01/Jan/2015 06:27:45] "GET /user/1/ HTTP/1.1" 200 1
[01/Jan/2015 06:27:48] "GET /user/1 HTTP/1.1" 301 0
[01/Jan/2015 06:27:49] "GET /user/1/ HTTP/1.1" 200 1
[01/Jan/2015 06:27:53] "GET /user/1 HTTP/1.1" 301 0
[01/Jan/2015 06:27:53] "GET /user/1/ HTTP/1.1" 200 1
[01/Jan/2015 06:27:57] "GET /user/1 HTTP/1.1" 301 0
[01/Jan/2015 06:27:58] "GET /user/1/ HTTP/1.1" 200 1
[01/Jan/2015 06:28:02] "GET /user/1 HTTP/1.1" 301 0
[01/Jan/2015 06:28:02] "GET /user/1/ HTTP/1.1" 200 1
[01/Jan/2015 06:28:06] "GET /user/1 HTTP/1.1" 301 0
[01/Jan/2015 06:28:06] "GET /user/1/ HTTP/1.1" 200 1
[01/Jan/2015 06:28:10] "GET /user/1 HTTP/1.1" 301 0
[01/Jan/2015 06:28:11] "GET /user/1/ HTTP/1.1" 200 1
[01/Jan/2015 06:28:14] "GET /user/1 HTTP/1.1" 301 0
[01/Jan/2015 06:28:14] "GET /user/1/ HTTP/1.1" 200 1
[01/Jan/2015 06:28:18] "GET /user/1 HTTP/1.1" 301 0
[01/Jan/2015 06:28:18] "GET /user/1/ HTTP/1.1" 200 1
[01/Jan/2015 06:28:22] "GET /user/1 HTTP/1.1" 301 0
[01/Jan/2015 06:28:22] "GET /user/1/ HTTP/1.1" 200 1
[01/Jan/2015 06:28:26] "GET /user/1 HTTP/1.1" 301 0
[01/Jan/2015 06:28:26] "GET /user/1/ HTTP/1.1" 200 1
[01/Jan/2015 06:28:31] "GET /user/1 HTTP/1.1" 301 0
[01/Jan/2015 06:28:31] "GET /user/1/ HTTP/1.1" 200 1
[01/Jan/2015 06:28:35] "GET /user/1 HTTP/1.1" 301 0
[01/Jan/2015 06:28:35] "GET /user/1/ HTTP/1.1" 200 1
[01/Jan/2015 06:28:39] "GET /user/1 HTTP/1.1" 301 0
[01/Jan/2015 06:28:39] "GET /user/1/ HTTP/1.1" 200 1
[01/Jan/2015 06:28:43] "GET /user/1 HTTP/1.1" 301 0
[01/Jan/2015 06:28:43] "GET /user/1/ HTTP/1.1" 200 1
[01/Jan/2015 06:28:47] "GET /user/1 HTTP/1.1" 301 0
[01/Jan/2015 06:28:47] "GET /user/1/ HTTP/1.1" 200 1
[01/Jan/2015 06:28:50] "GET /user/1 HTTP/1.1" 301 0
[01/Jan/2015 06:28:50] "GET /user/1/ HTTP/1.1" 200 1
[01/Jan/2015 06:28:54] "GET /user/1 HTTP/1.1" 301 0
[01/Jan/2015 06:28:55] "GET /user/1/ HTTP/1.1" 200 1
[01/Jan/2015 06:29:00] "GET /user/1 HTTP/1.1" 301 0
[01/Jan/2015 06:29:00] "GET /user/1/ HTTP/1.1" 200 1
[01/Jan/2015 06:29:03] "GET /user/1 HTTP/1.1" 301 0
[01/Jan/2015 06:29:03] "GET /user/1/ HTTP/1.1" 200 1
[01/Jan/2015 06:29:07] "GET /user/1 HTTP/1.1" 301 0
[01/Jan/2015 06:29:07] "GET /user/1/ HTTP/1.1" 200 1
[01/Jan/2015 06:29:11] "GET /user/1 HTTP/1.1" 301 0
[01/Jan/2015 06:29:11] "GET /user/1/ HTTP/1.1" 200 1
[01/Jan/2015 06:29:15] "GET /user/1 HTTP/1.1" 301 0
[01/Jan/2015 06:29:15] "GET /user/1/ HTTP/1.1" 200 1
[01/Jan/2015 06:29:19] "GET /user/1 HTTP/1.1" 301 0
[01/Jan/2015 06:29:19] "GET /user/1/ HTTP/1.1" 200 1
[01/Jan/2015 06:29:23] "GET /user/1 HTTP/1.1" 301 0
[01/Jan/2015 06:29:23] "GET /user/1/ HTTP/1.1" 200 1
[01/Jan/2015 06:29:27] "GET /user/1 HTTP/1.1" 301 0
[01/Jan/2015 06:29:27] "GET /user/1/ HTTP/1.1" 200 1
[01/Jan/2015 06:29:31] "GET /user/1 HTTP/1.1" 301 0
[01/Jan/2015 06:29:32] "GET /user/1/ HTTP/1.1" 200 1
[01/Jan/2015 06:29:35] "GET /user/1 HTTP/1.1" 301 0
[01/Jan/2015 06:29:35] "GET /user/1/ HTTP/1.1" 200 1
[01/Jan/2015 06:29:39] "GET /user/1 HTTP/1.1" 301 0
[01/Jan/2015 06:29:39] "GET /user/1/ HTTP/1.1" 200 1
[01/Jan/2015 06:29:43] "GET /user/1 HTTP/1.1" 301 0
[01/Jan/2015 06:29:43] "GET /user/1/ HTTP/1.1" 200 1
[01/Jan/2015 06:29:47] "GET /user/1 HTTP/1.1" 301 0
[01/Jan/2015 06:29:47] "GET /user/1/ HTTP/1.1" 200 1
[01/Jan/2015 06:29:51] "GET /user/1 HTTP/1.1" 301 0
[01/Jan/2015 06:29:51] "GET /user/1/ HTTP/1.1" 200 1
[01/Jan/2015 06:29:55] "GET /user/1 HTTP/1.1" 301 0
[01/Jan/2015 06:29:55] "GET /user/1/ HTTP/1.1" 200 1
[01/Jan/2015 06:29:59] "GET /user/1 HTTP/1.1" 301 0
[01/Jan/2015 06:29:59] "GET /user/1/ HTTP/1.1" 200 1
[01/Jan/2015 06:30:03] "GET /user/1 HTTP/1.1" 301 0
[01/Jan/2015 06:30:03] "GET /user/1/ HTTP/1.1" 200 1
[01/Jan/2015 06:30:07] "GET /user/1 HTTP/1.1" 301 0
[01/Jan/2015 06:30:07] "GET /user/1/ HTTP/1.1" 200 1
[01/Jan/2015 06:30:10] "GET /user/1 HTTP/1.1" 301 0
[01/Jan/2015 06:30:10] "GET /user/1/ HTTP/1.1" 200 1
[01/Jan/2015 06:30:14] "GET /user/1 HTTP/1.1" 301 0
[01/Jan/2015 06:30:14] "GET /user/1/ HTTP/1.1" 200 1
[01/Jan/2015 06:30:18] "GET /user/1 HTTP/1.1" 301 0
[01/Jan/2015 06:30:18] "GET /user/1/ HTTP/1.1" 200 1
[01/Jan/2015 06:30:22] "GET /user/1 HTTP/1.1" 301 0
[01/Jan/2015 06:30:22] "GET /user/1/ HTTP/1.1" 200 1
[01/Jan/2015 06:30:26] "GET /user/1 HTTP/1.1" 301 0
[01/Jan/2015 06:30:26] "GET /user/1/ HTTP/1.1" 200 1
[01/Jan/2015 06:30:31] "GET /user/1 HTTP/1.1" 301 0
[01/Jan/2015 06:30:31] "GET /user/1/ HTTP/1.1" 200 1
[01/Jan/2015 06:30:34] "GET /user/1 HTTP/1.1" 301 0
[01/Jan/2015 06:30:35] "GET /user/1/ HTTP/1.1" 200 1
[01/Jan/2015 06:30:39] "GET /user/1 HTTP/1.1" 301 0
[01/Jan/2015 06:30:39] "GET /user/1/ HTTP/1.1" 200 1
[01/Jan/2015 06:30:43] "GET /user/1 HTTP/1.1" 301 0
[01/Jan/2015 06:30:43] "GET /user/1/ HTTP/1.1" 200 1
[01/Jan/2015 06:30:46] "GET /user/1 HTTP/1.1" 301 0
[01/Jan/2015 06:30:47] "GET /user/1/ HTTP/1.1" 200 1
[01/Jan/2015 06:30:51] "GET /user/1 HTTP/1.1" 301 0
[01/Jan/2015 06:30:51] "GET /user/1/ HTTP/1.1" 200 1
[01/Jan/2015 06:30:55] "GET /user/1 HTTP/1.1" 301 0
[01/Jan/2015 06:30:55] "GET /user/1/ HTTP/1.1" 200 1
[01/Jan/2015 06:30:59] "GET /user/1 HTTP/1.1" 301 0
[01/Jan/2015 06:30:59] "GET /user/1/ HTTP/1.1" 200 1
[01/Jan/2015 06:31:03] "GET /user/1 HTTP/1.1" 301 0
[01/Jan/2015 06:31:04] "GET /user/1/ HTTP/1.1" 200 1
[01/Jan/2015 06:31:07] "GET /user/1 HTTP/1.1" 301 0
[01/Jan/2015 06:31:07] "GET /user/1/ HTTP/1.1" 200 1
[01/Jan/2015 06:31:11] "GET /user/1 HTTP/1.1" 301 0
[01/Jan/2015 06:31:11] "GET /user/1/ HTTP/1.1" 200 1
[01/Jan/2015 06:31:15] "GET /user/1 HTTP/1.1" 301 0
[01/Jan/2015 06:31:15] "GET /user/1/ HTTP/1.1" 200 1
[01/Jan/2015 06:31:19] "GET /user/1 HTTP/1.1" 301 0
[01/Jan/2015 06:31:19] "GET /user/1/ HTTP/1.1" 200 1
[01/Jan/2015 06:31:23] "GET /user/1 HTTP/1.1" 301 0
[01/Jan/2015 06:31:23] "GET /user/1/ HTTP/1.1" 200 1
[01/Jan/2015 06:31:26] "GET /user/1 HTTP/1.1" 301 0
[01/Jan/2015 06:31:26] "GET /user/1/ HTTP/1.1" 200 1
[01/Jan/2015 06:31:30] "GET /user/1 HTTP/1.1" 301 0
[01/Jan/2015 06:31:30] "GET /user/1/ HTTP/1.1" 200 1
[01/Jan/2015 06:31:35] "GET /user/1 HTTP/1.1" 301 0
[01/Jan/2015 06:31:35] "GET /user/1/ HTTP/1.1" 200 1
[01/Jan/2015 06:31:39] "GET /user/1 HTTP/1.1" 301 0
[01/Jan/2015 06:31:39] "GET /user/1/ HTTP/1.1" 200 1
[01/Jan/2015 06:31:43] "GET /user/1 HTTP/1.1" 301 0
[01/Jan/2015 06:31:43] "GET /user/1/ HTTP/1.1" 200 1
[01/Jan/2015 06:31:47] "GET /user/1 HTTP/1.1" 301 0
[01/Jan/2015 06:31:47] "GET /user/1/ HTTP/1.1" 200 1
[01/Jan/2015 06:31:51] "GET /user/1 HTTP/1.1" 301 0
[01/Jan/2015 06:31:51] "GET /user/1/ HTTP/1.1" 200 1
[01/Jan/2015 06:31:55] "GET /user/1 HTTP/1.1" 301 0
[01/Jan/2015 06:31:55] "GET /user/1/ HTTP/1.1" 200 1
[01/Jan/2015 06:31:59] "GET /user/1 HTTP/1.1" 301 0
[01/Jan/2015 06:31:59] "GET /user/1/ HTTP/1.1" 200 1
[01/Jan/2015 06:32:03] "GET /user/1 HTTP/1.1" 301 0
[01/Jan/2015 06:32:03] "GET /user/1/ HTTP/1.1" 200 1
[01/Jan/2015 06:32:07] "GET /user/1 HTTP/1.1" 301 0
[01/Jan/2015 06:32:07] "GET /user/1/ HTTP/1.1" 200 1
[01/Jan/2015 06:32:11] "GET /user/1 HTTP/1.1" 301 0
[01/Jan/2015 06:32:11] "GET /user/1/ HTTP/1.1" 200 1
[01/Jan/2015 06:32:14] "GET /user/1 HTTP/1.1" 301 0
[01/Jan/2015 06:32:15] "GET /user/1/ HTTP/1.1" 200 1
[01/Jan/2015 06:32:18] "GET /user/1 HTTP/1.1" 301 0
[01/Jan/2015 06:32:18] "GET /user/1/ HTTP/1.1" 200 1
[01/Jan/2015 06:32:22] "GET /user/1 HTTP/1.1" 301 0
[01/Jan/2015 06:32:22] "GET /user/1/ HTTP/1.1" 200 1
[01/Jan/2015 06:32:26] "GET /user/1 HTTP/1.1" 301 0
[01/Jan/2015 06:32:26] "GET /user/1/ HTTP/1.1" 200 1
[01/Jan/2015 06:32:30] "GET /user/1 HTTP/1.1" 301 0
[01/Jan/2015 06:32:30] "GET /user/1/ HTTP/1.1" 200 1
[01/Jan/2015 06:32:33] "GET /user/1 HTTP/1.1" 301 0
[01/Jan/2015 06:32:33] "GET /user/1/ HTTP/1.1" 200 1
[01/Jan/2015 06:32:37] "GET /user/1 HTTP/1.1" 301 0
[01/Jan/2015 06:32:37] "GET /user/1/ HTTP/1.1" 200 1
[01/Jan/2015 06:32:41] "GET /user/1 HTTP/1.1" 301 0
[01/Jan/2015 06:32:41] "GET /user/1/ HTTP/1.1" 200 1
[01/Jan/2015 06:32:45] "GET /user/1 HTTP/1.1" 301 0
[01/Jan/2015 06:32:45] "GET /user/1/ HTTP/1.1" 200 1
[01/Jan/2015 06:32:49] "GET /user/1 HTTP/1.1" 301 0
[01/Jan/2015 06:32:49] "GET /user/1/ HTTP/1.1" 200 1
[01/Jan/2015 06:32:53] "GET /user/1 HTTP/1.1" 301 0
[01/Jan/2015 06:32:53] "GET /user/1/ HTTP/1.1" 200 1
[01/Jan/2015 06:32:57] "GET /user/1 HTTP/1.1" 301 0
[01/Jan/2015 06:32:57] "GET /user/1/ HTTP/1.1" 200 1
[01/Jan/2015 06:33:00] "GET /user/1 HTTP/1.1" 301 0
[01/Jan/2015 06:33:01] "GET /user/1/ HTTP/1.1" 200 1
[01/Jan/2015 06:33:04] "GET /user/1 HTTP/1.1" 301 0
[01/Jan/2015 06:33:04] "GET /user/1/ HTTP/1.1" 200 1
[01/Jan/2015 06:33:08] "GET /user/1 HTTP/1.1" 301 0
[01/Jan/2015 06:33:08] "GET /user/1/ HTTP/1.1" 200 1
[01/Jan/2015 06:33:12] "GET /user/1 HTTP/1.1" 301 0
[01/Jan/2015 06:33:12] "GET /user/1/ HTTP/1.1" 200 1
[01/Jan/2015 06:33:16] "GET /user/1 HTTP/1.1" 301 0
[01/Jan/2015 06:33:16] "GET /user/1/ HTTP/1.1" 200 1
[01/Jan/2015 06:33:19] "GET /user/1 HTTP/1.1" 301 0
[01/Jan/2015 06:33:20] "GET /user/1/ HTTP/1.1" 200 1
[01/Jan/2015 06:33:23] "GET /user/1 HTTP/1.1" 301 0
[01/Jan/2015 06:33:23] "GET /user/1/ HTTP/1.1" 200 1
[01/Jan/2015 06:33:27] "GET /user/1 HTTP/1.1" 301 0
[01/Jan/2015 06:33:27] "GET /user/1/ HTTP/1.1" 200 1
[01/Jan/2015 06:33:32] "GET /user/1 HTTP/1.1" 301 0
[01/Jan/2015 06:33:32] "GET /user/1/ HTTP/1.1" 200 1
[01/Jan/2015 06:33:35] "GET /user/1 HTTP/1.1" 301 0
[01/Jan/2015 06:33:35] "GET /user/1/ HTTP/1.1" 200 1
[01/Jan/2015 06:33:39] "GET /user/1 HTTP/1.1" 301 0
[01/Jan/2015 06:33:39] "GET /user/1/ HTTP/1.1" 200 1
[01/Jan/2015 06:33:43] "GET /user/1 HTTP/1.1" 301 0
[01/Jan/2015 06:33:43] "GET /user/1/ HTTP/1.1" 200 1
[01/Jan/2015 06:33:46] "GET /user/1 HTTP/1.1" 301 0
[01/Jan/2015 06:33:47] "GET /user/1/ HTTP/1.1" 200 1
[01/Jan/2015 06:33:50] "GET /user/1 HTTP/1.1" 301 0
[01/Jan/2015 06:33:50] "GET /user/1/ HTTP/1.1" 200 1
[01/Jan/2015 06:33:54] "GET /user/1 HTTP/1.1" 301 0
[01/Jan/2015 06:33:54] "GET /user/1/ HTTP/1.1" 200 1
[01/Jan/2015 06:33:58] "GET /user/1 HTTP/1.1" 301 0
[01/Jan/2015 06:33:58] "GET /user/1/ HTTP/1.1" 200 1
[01/Jan/2015 06:34:02] "GET /user/1 HTTP/1.1" 301 0
[01/Jan/2015 06:34:02] "GET /user/1/ HTTP/1.1" 200 1
[01/Jan/2015 06:34:06] "GET /user/1 HTTP/1.1" 301 0
[01/Jan/2015 06:34:06] "GET /user/1/ HTTP/1.1" 200 1
[01/Jan/2015 06:34:09] "GET /user/1 HTTP/1.1" 301 0
[01/Jan/2015 06:34:09] "GET /user/1/ HTTP/1.1" 200 1
[01/Jan/2015 06:34:13] "GET /user/1 HTTP/1.1" 301 0
[01/Jan/2015 06:34:14] "GET /user/1/ HTTP/1.1" 200 1
[01/Jan/2015 06:34:17] "GET /user/1 HTTP/1.1" 301 0
[01/Jan/2015 06:34:17] "GET /user/1/ HTTP/1.1" 200 1
[01/Jan/2015 06:34:22] "GET /user/1 HTTP/1.1" 301 0
[01/Jan/2015 06:34:22] "GET /user/1/ HTTP/1.1" 200 1
[01/Jan/2015 06:34:26] "GET /user/1 HTTP/1.1" 301 0
[01/Jan/2015 06:34:26] "GET /user/1/ HTTP/1.1" 200 1
[01/Jan/2015 06:34:30] "GET /user/1 HTTP/1.1" 301 0
[01/Jan/2015 06:34:30] "GET /user/1/ HTTP/1.1" 200 1
[01/Jan/2015 06:34:33] "GET /user/1 HTTP/1.1" 301 0
[01/Jan/2015 06:34:33] "GET /user/1/ HTTP/1.1" 200 1
[01/Jan/2015 06:34:38] "GET /user/1 HTTP/1.1" 301 0
[01/Jan/2015 06:34:38] "GET /user/1/ HTTP/1.1" 200 1
[01/Jan/2015 06:34:42] "GET /user/1 HTTP/1.1" 301 0
[01/Jan/2015 06:34:42] "GET /user/1/ HTTP/1.1" 200 1
[01/Jan/2015 06:34:46] "GET /user/1 HTTP/1.1" 301 0
[01/Jan/2015 06:34:46] "GET /user/1/ HTTP/1.1" 200 1
[01/Jan/2015 06:34:50] "GET /user/1 HTTP/1.1" 301 0
[01/Jan/2015 06:34:51] "GET /user/1/ HTTP/1.1" 200 1
[01/Jan/2015 06:34:55] "GET /user/1 HTTP/1.1" 301 0
[01/Jan/2015 06:34:55] "GET /user/1/ HTTP/1.1" 200 1
[01/Jan/2015 06:34:59] "GET /user/1 HTTP/1.1" 301 0
[01/Jan/2015 06:34:59] "GET /user/1/ HTTP/1.1" 200 1
[01/Jan/2015 06:35:03] "GET /user/1 HTTP/1.1" 301 0
[01/Jan/2015 06:35:03] "GET /user/1/ HTTP/1.1" 200 1
[01/Jan/2015 06:35:06] "GET /user/1 HTTP/1.1" 301 0
[01/Jan/2015 06:35:07] "GET /user/1/ HTTP/1.1" 200 1
[01/Jan/2015 06:35:10] "GET /user/1 HTTP/1.1" 301 0
[01/Jan/2015 06:35:10] "GET /user/1/ HTTP/1.1" 200 1
[01/Jan/2015 06:35:14] "GET /user/1 HTTP/1.1" 301 0
[01/Jan/2015 06:35:14] "GET /user/1/ HTTP/1.1" 200 1
[01/Jan/2015 06:35:17] "GET /user/1 HTTP/1.1" 301 0
[01/Jan/2015 06:35:18] "GET /user/1/ HTTP/1.1" 200 1
[01/Jan/2015 06:35:21] "GET /user/1 HTTP/1.1" 301 0
[01/Jan/2015 06:35:21] "GET /user/1/ HTTP/1.1" 200 1
[01/Jan/2015 06:35:25] "GET /user/1 HTTP/1.1" 301 0
[01/Jan/2015 06:35:25] "GET /user/1/ HTTP/1.1" 200 1
[01/Jan/2015 06:35:28] "GET /user/1 HTTP/1.1" 301 0
[01/Jan/2015 06:35:29] "GET /user/1/ HTTP/1.1" 200 1
[01/Jan/2015 06:35:33] "GET /user/1 HTTP/1.1" 301 0
[01/Jan/2015 06:35:34] "GET /user/1/ HTTP/1.1" 200 1
[01/Jan/2015 06:35:37] "GET /user/1 HTTP/1.1" 301 0
[01/Jan/2015 06:35:37] "GET /user/1/ HTTP/1.1" 200 1
[01/Jan/2015 06:35:41] "GET /user/1 HTTP/1.1" 301 0
[01/Jan/2015 06:35:41] "GET /user/1/ HTTP/1.1" 200 1
[01/Jan/2015 06:35:45] "GET /user/1 HTTP/1.1" 301 0
[01/Jan/2015 06:35:45] "GET /user/1/ HTTP/1.1" 200 1
[01/Jan/2015 06:35:49] "GET /user/1 HTTP/1.1" 301 0
[01/Jan/2015 06:35:49] "GET /user/1/ HTTP/1.1" 200 1
[01/Jan/2015 06:35:53] "GET /user/1 HTTP/1.1" 301 0
[01/Jan/2015 06:35:53] "GET /user/1/ HTTP/1.1" 200 1
[01/Jan/2015 06:35:57] "GET /user/1 HTTP/1.1" 301 0
[01/Jan/2015 06:35:57] "GET /user/1/ HTTP/1.1" 200 1
[01/Jan/2015 06:36:00] "GET /user/1 HTTP/1.1" 301 0
[01/Jan/2015 06:36:01] "GET /user/1/ HTTP/1.1" 200 1
[01/Jan/2015 06:36:04] "GET /user/1 HTTP/1.1" 301 0
[01/Jan/2015 06:36:05] "GET /user/1/ HTTP/1.1" 200 1
[01/Jan/2015 06:36:08] "GET /user/1 HTTP/1.1" 301 0
[01/Jan/2015 06:36:08] "GET /user/1/ HTTP/1.1" 200 1
[01/Jan/2015 06:36:12] "GET /user/1 HTTP/1.1" 301 0
[01/Jan/2015 06:36:12] "GET /user/1/ HTTP/1.1" 200 1
[01/Jan/2015 06:36:16] "GET /user/1 HTTP/1.1" 301 0
[01/Jan/2015 06:36:16] "GET /user/1/ HTTP/1.1" 200 1
[01/Jan/2015 06:36:20] "GET /user/1 HTTP/1.1" 301 0
[01/Jan/2015 06:36:20] "GET /user/1/ HTTP/1.1" 200 1
[01/Jan/2015 06:36:24] "GET /user/1 HTTP/1.1" 301 0
[01/Jan/2015 06:36:24] "GET /user/1/ HTTP/1.1" 200 1
[01/Jan/2015 06:36:27] "GET /user/1 HTTP/1.1" 301 0
[01/Jan/2015 06:36:27] "GET /user/1/ HTTP/1.1" 200 1
[01/Jan/2015 06:36:31] "GET /user/1 HTTP/1.1" 301 0
[01/Jan/2015 06:36:31] "GET /user/1/ HTTP/1.1" 200 1
[01/Jan/2015 06:36:35] "GET /user/1 HTTP/1.1" 301 0
[01/Jan/2015 06:36:35] "GET /user/1/ HTTP/1.1" 200 1
[01/Jan/2015 06:36:39] "GET /user/1 HTTP/1.1" 301 0
[01/Jan/2015 06:36:39] "GET /user/1/ HTTP/1.1" 200 1
[01/Jan/2015 06:36:43] "GET /user/1 HTTP/1.1" 301 0
[01/Jan/2015 06:36:43] "GET /user/1/ HTTP/1.1" 200 1
[01/Jan/2015 06:36:47] "GET /user/1 HTTP/1.1" 301 0
[01/Jan/2015 06:36:47] "GET /user/1/ HTTP/1.1" 200 1
[01/Jan/2015 06:36:50] "GET /user/1 HTTP/1.1" 301 0
[01/Jan/2015 06:36:50] "GET /user/1/ HTTP/1.1" 200 1
[01/Jan/2015 06:36:54] "GET /user/1 HTTP/1.1" 301 0
[01/Jan/2015 06:36:54] "GET /user/1/ HTTP/1.1" 200 1
[01/Jan/2015 06:36:57] "GET /user/1 HTTP/1.1" 301 0
[01/Jan/2015 06:36:57] "GET /user/1/ HTTP/1.1" 200 1
[01/Jan/2015 06:37:01] "GET /user/1 HTTP/1.1" 301 0
[01/Jan/2015 06:37:01] "GET /user/1/ HTTP/1.1" 200 1
[01/Jan/2015 06:37:05] "GET /user/1 HTTP/1.1" 301 0
[01/Jan/2015 06:37:05] "GET /user/1/ HTTP/1.1" 200 1
[01/Jan/2015 06:37:09] "GET /user/1 HTTP/1.1" 301 0
[01/Jan/2015 06:37:09] "GET /user/1/ HTTP/1.1" 200 1
[01/Jan/2015 06:37:13] "GET /user/1 HTTP/1.1" 301 0
[01/Jan/2015 06:37:13] "GET /user/1/ HTTP/1.1" 200 1
[01/Jan/2015 06:37:17] "GET /user/1 HTTP/1.1" 301 0
[01/Jan/2015 06:37:17] "GET /user/1/ HTTP/1.1" 200 1
[01/Jan/2015 06:37:20] "GET /user/1 HTTP/1.1" 301 0
[01/Jan/2015 06:37:21] "GET /user/1/ HTTP/1.1" 200 1
[01/Jan/2015 06:37:24] "GET /user/1 HTTP/1.1" 301 0
[01/Jan/2015 06:37:24] "GET /user/1/ HTTP/1.1" 200 1
[01/Jan/2015 06:37:28] "GET /user/1 HTTP/1.1" 301 0
[01/Jan/2015 06:37:29] "GET /user/1/ HTTP/1.1" 200 1
[01/Jan/2015 06:37:33] "GET /user/1 HTTP/1.1" 301 0
[01/Jan/2015 06:37:33] "GET /user/1/ HTTP/1.1" 200 1
[01/Jan/2015 06:37:37] "GET /user/1 HTTP/1.1" 301 0
[01/Jan/2015 06:37:38] "GET /user/1/ HTTP/1.1" 200 1
[01/Jan/2015 06:37:42] "GET /user/1 HTTP/1.1" 301 0
[01/Jan/2015 06:37:42] "GET /user/1/ HTTP/1.1" 200 1
[01/Jan/2015 06:37:46] "GET /user/1 HTTP/1.1" 301 0
[01/Jan/2015 06:37:46] "GET /user/1/ HTTP/1.1" 200 1
[01/Jan/2015 06:37:51] "GET /user/1 HTTP/1.1" 301 0
[01/Jan/2015 06:37:51] "GET /user/1/ HTTP/1.1" 200 1
[01/Jan/2015 06:37:54] "GET /user/1 HTTP/1.1" 301 0
[01/Jan/2015 06:37:55] "GET /user/1/ HTTP/1.1" 200 1
[01/Jan/2015 06:37:59] "GET /user/1 HTTP/1.1" 301 0
[01/Jan/2015 06:37:59] "GET /user/1/ HTTP/1.1" 200 1
[01/Jan/2015 06:38:03] "GET /user/1 HTTP/1.1" 301 0
[01/Jan/2015 06:38:03] "GET /user/1/ HTTP/1.1" 200 1
[01/Jan/2015 06:38:06] "GET /user/1 HTTP/1.1" 301 0
[01/Jan/2015 06:38:06] "GET /user/1/ HTTP/1.1" 200 1
[01/Jan/2015 06:38:11] "GET /user/1 HTTP/1.1" 301 0
[01/Jan/2015 06:38:11] "GET /user/1/ HTTP/1.1" 200 1
[01/Jan/2015 06:38:14] "GET /user/1 HTTP/1.1" 301 0
[01/Jan/2015 06:38:14] "GET /user/1/ HTTP/1.1" 200 1
[01/Jan/2015 06:38:19] "GET /user/1 HTTP/1.1" 301 0
[01/Jan/2015 06:38:19] "GET /user/1/ HTTP/1.1" 200 1
[01/Jan/2015 06:38:23] "GET /user/1 HTTP/1.1" 301 0
[01/Jan/2015 06:38:23] "GET /user/1/ HTTP/1.1" 200 1
[01/Jan/2015 06:38:27] "GET /user/1 HTTP/1.1" 301 0
[01/Jan/2015 06:38:27] "GET /user/1/ HTTP/1.1" 200 1
[01/Jan/2015 06:38:31] "GET /user/1 HTTP/1.1" 301 0
[01/Jan/2015 06:38:31] "GET /user/1/ HTTP/1.1" 200 1
[01/Jan/2015 06:38:34] "GET /user/1 HTTP/1.1" 301 0
[01/Jan/2015 06:38:35] "GET /user/1/ HTTP/1.1" 200 1
[01/Jan/2015 06:38:38] "GET /user/1 HTTP/1.1" 301 0
[01/Jan/2015 06:38:38] "GET /user/1/ HTTP/1.1" 200 1
[01/Jan/2015 06:38:43] "GET /user/1 HTTP/1.1" 301 0
[01/Jan/2015 06:38:43] "GET /user/1/ HTTP/1.1" 200 1
[01/Jan/2015 06:38:47] "GET /user/1 HTTP/1.1" 301 0
[01/Jan/2015 06:38:47] "GET /user/1/ HTTP/1.1" 200 1
[01/Jan/2015 06:38:50] "GET /user/1 HTTP/1.1" 301 0
[01/Jan/2015 06:38:50] "GET /user/1/ HTTP/1.1" 200 1
[01/Jan/2015 06:38:54] "GET /user/1 HTTP/1.1" 301 0
[01/Jan/2015 06:38:54] "GET /user/1/ HTTP/1.1" 200 1
[01/Jan/2015 06:38:58] "GET /user/1 HTTP/1.1" 301 0
[01/Jan/2015 06:38:58] "GET /user/1/ HTTP/1.1" 200 1
[01/Jan/2015 06:39:02] "GET /user/1 HTTP/1.1" 301 0
[01/Jan/2015 06:39:02] "GET /user/1/ HTTP/1.1" 200 1
[01/Jan/2015 06:39:06] "GET /user/1 HTTP/1.1" 301 0
[01/Jan/2015 06:39:06] "GET /user/1/ HTTP/1.1" 200 1
[01/Jan/2015 06:39:10] "GET /user/1 HTTP/1.1" 301 0
[01/Jan/2015 06:39:10] "GET /user/1/ HTTP/1.1" 200 1
[01/Jan/2015 06:39:13] "GET /user/1 HTTP/1.1" 301 0
[01/Jan/2015 06:39:13] "GET /user/1/ HTTP/1.1" 200 1
[01/Jan/2015 06:39:17] "GET /user/1 HTTP/1.1" 301 0
[01/Jan/2015 06:39:17] "GET /user/1/ HTTP/1.1" 200 1
[01/Jan/2015 06:39:22] "GET /user/1 HTTP/1.1" 301 0
[01/Jan/2015 06:39:22] "GET /user/1/ HTTP/1.1" 200 1
[01/Jan/2015 06:39:25] "GET /user/1 HTTP/1.1" 301 0
[01/Jan/2015 06:39:25] "GET /user/1/ HTTP/1.1" 200 1
[01/Jan/2015 06:39:29] "GET /user/1 HTTP/1.1" 301 0
[01/Jan/2015 06:39:29] "GET /user/1/ HTTP/1.1" 200 1
[01/Jan/2015 06:39:33] "GET /user/1 HTTP/1.1" 301 0
[01/Jan/2015 06:39:33] "GET /user/1/ HTTP/1.1" 200 1
[01/Jan/2015 06:39:37] "GET /user/1 HTTP/1.1" 301 0
[01/Jan/2015 06:39:37] "GET /user/1/ HTTP/1.1" 200 1
[01/Jan/2015 06:39:41] "GET /user/1 HTTP/1.1" 301 0
[01/Jan/2015 06:39:41] "GET /user/1/ HTTP/1.1" 200 1
[01/Jan/2015 06:39:45] "GET /user/1 HTTP/1.1" 301 0
[01/Jan/2015 06:39:45] "GET /user/1/ HTTP/1.1" 200 1
[01/Jan/2015 06:39:48] "GET /user/1 HTTP/1.1" 301 0
[01/Jan/2015 06:39:48] "GET /user/1/ HTTP/1.1" 200 1
[01/Jan/2015 06:39:52] "GET /user/1 HTTP/1.1" 301 0
[01/Jan/2015 06:39:52] "GET /user/1/ HTTP/1.1" 200 1
[01/Jan/2015 06:39:56] "GET /user/1 HTTP/1.1" 301 0
[01/Jan/2015 06:39:56] "GET /user/1/ HTTP/1.1" 200 1
[01/Jan/2015 06:40:00] "GET /user/1 HTTP/1.1" 301 0
[01/Jan/2015 06:40:00] "GET /user/1/ HTTP/1.1" 200 1
[01/Jan/2015 06:40:03] "GET /user/1 HTTP/1.1" 301 0
[01/Jan/2015 06:40:03] "GET /user/1/ HTTP/1.1" 200 1
[01/Jan/2015 06:40:07] "GET /user/1 HTTP/1.1" 301 0
[01/Jan/2015 06:40:07] "GET /user/1/ HTTP/1.1" 200 1
[01/Jan/2015 06:40:11] "GET /user/1 HTTP/1.1" 301 0
[01/Jan/2015 06:40:11] "GET /user/1/ HTTP/1.1" 200 1
[01/Jan/2015 06:40:15] "GET /user/1 HTTP/1.1" 301 0
[01/Jan/2015 06:40:15] "GET /user/1/ HTTP/1.1" 200 1
[01/Jan/2015 06:40:19] "GET /user/1 HTTP/1.1" 301 0
[01/Jan/2015 06:40:19] "GET /user/1/ HTTP/1.1" 200 1
[01/Jan/2015 06:40:23] "GET /user/1 HTTP/1.1" 301 0
[01/Jan/2015 06:40:24] "GET /user/1/ HTTP/1.1" 200 1
[01/Jan/2015 06:40:29] "GET /user/1 HTTP/1.1" 301 0
[01/Jan/2015 06:40:29] "GET /user/1/ HTTP/1.1" 200 1
[01/Jan/2015 06:40:33] "GET /user/1 HTTP/1.1" 301 0
[01/Jan/2015 06:40:33] "GET /user/1/ HTTP/1.1" 200 1
[01/Jan/2015 06:40:36] "GET /user/1 HTTP/1.1" 301 0
[01/Jan/2015 06:40:37] "GET /user/1/ HTTP/1.1" 200 1
[01/Jan/2015 06:40:40] "GET /user/1 HTTP/1.1" 301 0
[01/Jan/2015 06:40:41] "GET /user/1/ HTTP/1.1" 200 1
[01/Jan/2015 06:40:44] "GET /user/1 HTTP/1.1" 301 0
[01/Jan/2015 06:40:45] "GET /user/1/ HTTP/1.1" 200 1
[01/Jan/2015 06:40:49] "GET /user/1 HTTP/1.1" 301 0
[01/Jan/2015 06:40:49] "GET /user/1/ HTTP/1.1" 200 1
[01/Jan/2015 06:40:53] "GET /user/1 HTTP/1.1" 301 0
[01/Jan/2015 06:40:53] "GET /user/1/ HTTP/1.1" 200 1
[01/Jan/2015 06:40:57] "GET /user/1 HTTP/1.1" 301 0
[01/Jan/2015 06:40:57] "GET /user/1/ HTTP/1.1" 200 1
[01/Jan/2015 06:41:01] "GET /user/1 HTTP/1.1" 301 0
[01/Jan/2015 06:41:01] "GET /user/1/ HTTP/1.1" 200 1
[01/Jan/2015 06:41:07] "GET /user/1 HTTP/1.1" 301 0
[01/Jan/2015 06:41:07] "GET /user/1/ HTTP/1.1" 200 1
[01/Jan/2015 06:41:12] "GET /user/1 HTTP/1.1" 301 0
[01/Jan/2015 06:41:12] "GET /user/1/ HTTP/1.1" 200 1
[01/Jan/2015 06:41:16] "GET /user/1 HTTP/1.1" 301 0
[01/Jan/2015 06:41:16] "GET /user/1/ HTTP/1.1" 200 1
[01/Jan/2015 06:41:20] "GET /user/1 HTTP/1.1" 301 0
[01/Jan/2015 06:41:20] "GET /user/1/ HTTP/1.1" 200 1
[01/Jan/2015 06:41:24] "GET /user/1 HTTP/1.1" 301 0
[01/Jan/2015 06:41:24] "GET /user/1/ HTTP/1.1" 200 1
[01/Jan/2015 06:41:28] "GET /user/1 HTTP/1.1" 301 0
[01/Jan/2015 06:41:28] "GET /user/1/ HTTP/1.1" 200 1
[01/Jan/2015 06:41:32] "GET /user/1 HTTP/1.1" 301 0
[01/Jan/2015 06:41:32] "GET /user/1/ HTTP/1.1" 200 1
[01/Jan/2015 06:41:36] "GET /user/1 HTTP/1.1" 301 0
[01/Jan/2015 06:41:36] "GET /user/1/ HTTP/1.1" 200 1
[01/Jan/2015 06:41:40] "GET /user/1 HTTP/1.1" 301 0
[01/Jan/2015 06:41:40] "GET /user/1/ HTTP/1.1" 200 1
[01/Jan/2015 06:41:45] "GET /user/1 HTTP/1.1" 301 0
[01/Jan/2015 06:41:45] "GET /user/1/ HTTP/1.1" 200 1
[01/Jan/2015 06:41:49] "GET /user/1 HTTP/1.1" 301 0
[01/Jan/2015 06:41:49] "GET /user/1/ HTTP/1.1" 200 1
[01/Jan/2015 06:41:53] "GET /user/1 HTTP/1.1" 301 0
[01/Jan/2015 06:41:53] "GET /user/1/ HTTP/1.1" 200 1
[01/Jan/2015 06:41:57] "GET /user/1 HTTP/1.1" 301 0
[01/Jan/2015 06:41:57] "GET /user/1/ HTTP/1.1" 200 1
[01/Jan/2015 06:42:01] "GET /user/1 HTTP/1.1" 301 0
[01/Jan/2015 06:42:01] "GET /user/1/ HTTP/1.1" 200 1
[01/Jan/2015 06:42:05] "GET /user/1 HTTP/1.1" 301 0
[01/Jan/2015 06:42:05] "GET /user/1/ HTTP/1.1" 200 1
[01/Jan/2015 06:42:08] "GET /user/1 HTTP/1.1" 301 0
[01/Jan/2015 06:42:09] "GET /user/1/ HTTP/1.1" 200 1
[01/Jan/2015 06:42:12] "GET /user/1 HTTP/1.1" 301 0
[01/Jan/2015 06:42:12] "GET /user/1/ HTTP/1.1" 200 1
[01/Jan/2015 06:42:16] "GET /user/1 HTTP/1.1" 301 0
[01/Jan/2015 06:42:16] "GET /user/1/ HTTP/1.1" 200 1
[01/Jan/2015 06:42:21] "GET /user/1 HTTP/1.1" 301 0
[01/Jan/2015 06:42:21] "GET /user/1/ HTTP/1.1" 200 1
[01/Jan/2015 06:42:25] "GET /user/1 HTTP/1.1" 301 0
[01/Jan/2015 06:42:25] "GET /user/1/ HTTP/1.1" 200 1
[01/Jan/2015 06:42:29] "GET /user/1 HTTP/1.1" 301 0
[01/Jan/2015 06:42:29] "GET /user/1/ HTTP/1.1" 200 1
[01/Jan/2015 06:42:33] "GET /user/1 HTTP/1.1" 301 0
[01/Jan/2015 06:42:33] "GET /user/1/ HTTP/1.1" 200 1
[01/Jan/2015 06:42:37] "GET /user/1 HTTP/1.1" 301 0
[01/Jan/2015 06:42:37] "GET /user/1/ HTTP/1.1" 200 1
[01/Jan/2015 06:42:41] "GET /user/1 HTTP/1.1" 301 0
[01/Jan/2015 06:42:41] "GET /user/1/ HTTP/1.1" 200 1
[01/Jan/2015 06:42:45] "GET /user/1 HTTP/1.1" 301 0
[01/Jan/2015 06:42:45] "GET /user/1/ HTTP/1.1" 200 1
[01/Jan/2015 06:42:49] "GET /user/1 HTTP/1.1" 301 0
[01/Jan/2015 06:42:49] "GET /user/1/ HTTP/1.1" 200 1
[01/Jan/2015 06:42:53] "GET /user/1 HTTP/1.1" 301 0
[01/Jan/2015 06:42:53] "GET /user/1/ HTTP/1.1" 200 1
[01/Jan/2015 06:42:57] "GET /user/1 HTTP/1.1" 301 0
[01/Jan/2015 06:42:57] "GET /user/1/ HTTP/1.1" 200 1
[01/Jan/2015 06:43:01] "GET /user/1 HTTP/1.1" 301 0
[01/Jan/2015 06:43:01] "GET /user/1/ HTTP/1.1" 200 1
[01/Jan/2015 06:43:05] "GET /user/1 HTTP/1.1" 301 0
[01/Jan/2015 06:43:05] "GET /user/1/ HTTP/1.1" 200 1
[01/Jan/2015 06:43:09] "GET /user/1 HTTP/1.1" 301 0
[01/Jan/2015 06:43:09] "GET /user/1/ HTTP/1.1" 200 1
[01/Jan/2015 06:43:13] "GET /user/1 HTTP/1.1" 301 0
[01/Jan/2015 06:43:14] "GET /user/1/ HTTP/1.1" 200 1
[01/Jan/2015 06:43:17] "GET /user/1 HTTP/1.1" 301 0
[01/Jan/2015 06:43:17] "GET /user/1/ HTTP/1.1" 200 1
[01/Jan/2015 06:43:21] "GET /user/1 HTTP/1.1" 301 0
[01/Jan/2015 06:43:21] "GET /user/1/ HTTP/1.1" 200 1
[01/Jan/2015 06:43:25] "GET /user/1 HTTP/1.1" 301 0
[01/Jan/2015 06:43:25] "GET /user/1/ HTTP/1.1" 200 1
[01/Jan/2015 06:43:29] "GET /user/1 HTTP/1.1" 301 0
[01/Jan/2015 06:43:30] "GET /user/1/ HTTP/1.1" 200 1
[01/Jan/2015 06:43:33] "GET /user/1 HTTP/1.1" 301 0
[01/Jan/2015 06:43:34] "GET /user/1/ HTTP/1.1" 200 1
[01/Jan/2015 06:43:38] "GET /user/1 HTTP/1.1" 301 0
[01/Jan/2015 06:43:38] "GET /user/1/ HTTP/1.1" 200 1
[01/Jan/2015 06:43:42] "GET /user/1 HTTP/1.1" 301 0
[01/Jan/2015 06:43:42] "GET /user/1/ HTTP/1.1" 200 1
[01/Jan/2015 06:43:46] "GET /user/1 HTTP/1.1" 301 0
[01/Jan/2015 06:43:46] "GET /user/1/ HTTP/1.1" 200 1
[01/Jan/2015 06:43:49] "GET /user/1 HTTP/1.1" 301 0
[01/Jan/2015 06:43:50] "GET /user/1/ HTTP/1.1" 200 1
[01/Jan/2015 06:43:54] "GET /user/1 HTTP/1.1" 301 0
[01/Jan/2015 06:43:54] "GET /user/1/ HTTP/1.1" 200 1
[01/Jan/2015 06:43:58] "GET /user/1 HTTP/1.1" 301 0
[01/Jan/2015 06:43:58] "GET /user/1/ HTTP/1.1" 200 1
[01/Jan/2015 06:44:02] "GET /user/1 HTTP/1.1" 301 0
[01/Jan/2015 06:44:02] "GET /user/1/ HTTP/1.1" 200 1
[01/Jan/2015 06:44:06] "GET /user/1 HTTP/1.1" 301 0
[01/Jan/2015 06:44:06] "GET /user/1/ HTTP/1.1" 200 1
[01/Jan/2015 06:44:10] "GET /user/1 HTTP/1.1" 301 0
[01/Jan/2015 06:44:10] "GET /user/1/ HTTP/1.1" 200 1
[01/Jan/2015 06:44:14] "GET /user/1 HTTP/1.1" 301 0
[01/Jan/2015 06:44:14] "GET /user/1/ HTTP/1.1" 200 1
[01/Jan/2015 06:44:19] "GET /user/1 HTTP/1.1" 301 0
[01/Jan/2015 06:44:22] "GET /user/1/ HTTP/1.1" 200 1
[01/Jan/2015 06:44:25] "GET /user/1 HTTP/1.1" 301 0
[01/Jan/2015 06:44:25] "GET /user/1/ HTTP/1.1" 200 1
[01/Jan/2015 06:44:29] "GET /user/1 HTTP/1.1" 301 0
[01/Jan/2015 06:44:29] "GET /user/1/ HTTP/1.1" 200 1
[01/Jan/2015 06:44:33] "GET /user/1 HTTP/1.1" 301 0
[01/Jan/2015 06:44:33] "GET /user/1/ HTTP/1.1" 200 1
[01/Jan/2015 06:44:36] "GET /user/1 HTTP/1.1" 301 0
[01/Jan/2015 06:44:37] "GET /user/1/ HTTP/1.1" 200 1
[01/Jan/2015 06:44:40] "GET /user/1 HTTP/1.1" 301 0
[01/Jan/2015 06:44:41] "GET /user/1/ HTTP/1.1" 200 1
[01/Jan/2015 06:44:44] "GET /user/1 HTTP/1.1" 301 0
[01/Jan/2015 06:44:44] "GET /user/1/ HTTP/1.1" 200 1
[01/Jan/2015 06:44:48] "GET /user/1 HTTP/1.1" 301 0
[01/Jan/2015 06:44:49] "GET /user/1/ HTTP/1.1" 200 1
[01/Jan/2015 06:44:52] "GET /user/1 HTTP/1.1" 301 0
[01/Jan/2015 06:44:53] "GET /user/1/ HTTP/1.1" 200 1
[01/Jan/2015 06:44:57] "GET /user/1 HTTP/1.1" 301 0
[01/Jan/2015 06:44:57] "GET /user/1/ HTTP/1.1" 200 1
[01/Jan/2015 06:45:01] "GET /user/1 HTTP/1.1" 301 0
[01/Jan/2015 06:45:01] "GET /user/1/ HTTP/1.1" 200 1
[01/Jan/2015 06:45:05] "GET /user/1 HTTP/1.1" 301 0
[01/Jan/2015 06:45:05] "GET /user/1/ HTTP/1.1" 200 1
[01/Jan/2015 06:45:09] "GET /user/1 HTTP/1.1" 301 0
[01/Jan/2015 06:45:09] "GET /user/1/ HTTP/1.1" 200 1
[01/Jan/2015 06:45:13] "GET /user/1 HTTP/1.1" 301 0
[01/Jan/2015 06:45:13] "GET /user/1/ HTTP/1.1" 200 1
[01/Jan/2015 06:45:16] "GET /user/1 HTTP/1.1" 301 0
[01/Jan/2015 06:45:17] "GET /user/1/ HTTP/1.1" 200 1
[01/Jan/2015 06:45:20] "GET /user/1 HTTP/1.1" 301 0
[01/Jan/2015 06:45:20] "GET /user/1/ HTTP/1.1" 200 1
[01/Jan/2015 06:45:24] "GET /user/1 HTTP/1.1" 301 0
[01/Jan/2015 06:45:24] "GET /user/1/ HTTP/1.1" 200 1
[01/Jan/2015 06:45:28] "GET /user/1 HTTP/1.1" 301 0
[01/Jan/2015 06:45:29] "GET /user/1/ HTTP/1.1" 200 1
[01/Jan/2015 06:45:33] "GET /user/1 HTTP/1.1" 301 0
[01/Jan/2015 06:45:33] "GET /user/1/ HTTP/1.1" 200 1
[01/Jan/2015 06:45:36] "GET /user/1 HTTP/1.1" 301 0
[01/Jan/2015 06:45:37] "GET /user/1/ HTTP/1.1" 200 1
[01/Jan/2015 06:45:41] "GET /user/1 HTTP/1.1" 301 0
[01/Jan/2015 06:45:41] "GET /user/1/ HTTP/1.1" 200 1
[01/Jan/2015 06:45:45] "GET /user/1 HTTP/1.1" 301 0
[01/Jan/2015 06:45:45] "GET /user/1/ HTTP/1.1" 200 1
[01/Jan/2015 06:45:48] "GET /user/1 HTTP/1.1" 301 0
[01/Jan/2015 06:45:48] "GET /user/1/ HTTP/1.1" 200 1
[01/Jan/2015 06:45:53] "GET /user/1 HTTP/1.1" 301 0
[01/Jan/2015 06:45:53] "GET /user/1/ HTTP/1.1" 200 1
[01/Jan/2015 06:45:57] "GET /user/1 HTTP/1.1" 301 0
[01/Jan/2015 06:45:57] "GET /user/1/ HTTP/1.1" 200 1
[01/Jan/2015 06:46:01] "GET /user/1 HTTP/1.1" 301 0
[01/Jan/2015 06:46:01] "GET /user/1/ HTTP/1.1" 200 1
[01/Jan/2015 06:46:05] "GET /user/1 HTTP/1.1" 301 0
[01/Jan/2015 06:46:05] "GET /user/1/ HTTP/1.1" 200 1
[01/Jan/2015 06:46:09] "GET /user/1 HTTP/1.1" 301 0
[01/Jan/2015 06:46:09] "GET /user/1/ HTTP/1.1" 200 1
[01/Jan/2015 06:46:13] "GET /user/1 HTTP/1.1" 301 0
[01/Jan/2015 06:46:13] "GET /user/1/ HTTP/1.1" 200 1
[01/Jan/2015 06:46:17] "GET /user/1 HTTP/1.1" 301 0
[01/Jan/2015 06:46:17] "GET /user/1/ HTTP/1.1" 200 1
[01/Jan/2015 06:46:20] "GET /user/1 HTTP/1.1" 301 0
[01/Jan/2015 06:46:20] "GET /user/1/ HTTP/1.1" 200 1
[01/Jan/2015 06:46:24] "GET /user/1 HTTP/1.1" 301 0
[01/Jan/2015 06:46:24] "GET /user/1/ HTTP/1.1" 200 1
[01/Jan/2015 06:46:29] "GET /user/1 HTTP/1.1" 301 0
[01/Jan/2015 06:46:29] "GET /user/1/ HTTP/1.1" 200 1
[01/Jan/2015 06:46:33] "GET /user/1 HTTP/1.1" 301 0
[01/Jan/2015 06:46:33] "GET /user/1/ HTTP/1.1" 200 1
[01/Jan/2015 06:46:37] "GET /user/1 HTTP/1.1" 301 0
[01/Jan/2015 06:46:37] "GET /user/1/ HTTP/1.1" 200 1
[01/Jan/2015 06:46:41] "GET /user/1 HTTP/1.1" 301 0
[01/Jan/2015 06:46:41] "GET /user/1/ HTTP/1.1" 200 1
[01/Jan/2015 06:46:45] "GET /user/1 HTTP/1.1" 301 0
[01/Jan/2015 06:46:45] "GET /user/1/ HTTP/1.1" 200 1
[01/Jan/2015 06:46:48] "GET /user/1 HTTP/1.1" 301 0
[01/Jan/2015 06:46:49] "GET /user/1/ HTTP/1.1" 200 1
[01/Jan/2015 06:46:52] "GET /user/1 HTTP/1.1" 301 0
[01/Jan/2015 06:46:52] "GET /user/1/ HTTP/1.1" 200 1
[01/Jan/2015 06:46:56] "GET /user/1 HTTP/1.1" 301 0
[01/Jan/2015 06:46:56] "GET /user/1/ HTTP/1.1" 200 1
[01/Jan/2015 06:47:00] "GET /user/1 HTTP/1.1" 301 0
[01/Jan/2015 06:47:01] "GET /user/1/ HTTP/1.1" 200 1
[01/Jan/2015 06:47:04] "GET /user/1 HTTP/1.1" 301 0
[01/Jan/2015 06:47:04] "GET /user/1/ HTTP/1.1" 200 1
[01/Jan/2015 06:47:08] "GET /user/1 HTTP/1.1" 301 0
[01/Jan/2015 06:47:09] "GET /user/1/ HTTP/1.1" 200 1
[01/Jan/2015 06:47:12] "GET /user/1 HTTP/1.1" 301 0
[01/Jan/2015 06:47:12] "GET /user/1/ HTTP/1.1" 200 1
[01/Jan/2015 06:47:16] "GET /user/1 HTTP/1.1" 301 0
[01/Jan/2015 06:47:16] "GET /user/1/ HTTP/1.1" 200 1
[01/Jan/2015 06:47:20] "GET /user/1 HTTP/1.1" 301 0
[01/Jan/2015 06:47:20] "GET /user/1/ HTTP/1.1" 200 1
[01/Jan/2015 06:47:24] "GET /user/1 HTTP/1.1" 301 0
[01/Jan/2015 06:47:24] "GET /user/1/ HTTP/1.1" 200 1
[01/Jan/2015 06:47:28] "GET /user/1 HTTP/1.1" 301 0
[01/Jan/2015 06:47:28] "GET /user/1/ HTTP/1.1" 200 1
[01/Jan/2015 06:47:33] "GET /user/1 HTTP/1.1" 301 0
[01/Jan/2015 06:47:33] "GET /user/1/ HTTP/1.1" 200 1
[01/Jan/2015 06:47:37] "GET /user/1 HTTP/1.1" 301 0
[01/Jan/2015 06:47:37] "GET /user/1/ HTTP/1.1" 200 1
[01/Jan/2015 06:47:43] "GET /user/1 HTTP/1.1" 301 0
[01/Jan/2015 06:47:43] "GET /user/1/ HTTP/1.1" 200 1
[01/Jan/2015 06:47:48] "GET /user/1 HTTP/1.1" 301 0
[01/Jan/2015 06:47:48] "GET /user/1/ HTTP/1.1" 200 1
[01/Jan/2015 06:47:52] "GET /user/1 HTTP/1.1" 301 0
[01/Jan/2015 06:47:52] "GET /user/1/ HTTP/1.1" 200 1
[01/Jan/2015 06:47:56] "GET /user/1 HTTP/1.1" 301 0
[01/Jan/2015 06:47:57] "GET /user/1/ HTTP/1.1" 200 1
[01/Jan/2015 06:48:01] "GET /user/1 HTTP/1.1" 301 0
[01/Jan/2015 06:48:01] "GET /user/1/ HTTP/1.1" 200 1
[01/Jan/2015 06:48:06] "GET /user/1 HTTP/1.1" 301 0
[01/Jan/2015 06:48:06] "GET /user/1/ HTTP/1.1" 200 1
[01/Jan/2015 06:48:11] "GET /user/1 HTTP/1.1" 301 0
[01/Jan/2015 06:48:11] "GET /user/1/ HTTP/1.1" 200 1
[01/Jan/2015 06:48:15] "GET /user/1 HTTP/1.1" 301 0
[01/Jan/2015 06:48:15] "GET /user/1/ HTTP/1.1" 200 1
[01/Jan/2015 06:48:21] "GET /user/1 HTTP/1.1" 301 0
[01/Jan/2015 06:48:21] "GET /user/1/ HTTP/1.1" 200 1
[01/Jan/2015 06:48:26] "GET /user/1 HTTP/1.1" 301 0
[01/Jan/2015 06:48:26] "GET /user/1/ HTTP/1.1" 200 1
[01/Jan/2015 06:48:42] "GET /user/1 HTTP/1.1" 301 0
[01/Jan/2015 06:48:44] "GET /user/1/ HTTP/1.1" 200 1
